[PID=67859][Sun Apr 16 16:00:04 2017] Error : -196608(eVOLNOTMOUNTED_RDSM) in RDsM_ReadTrain.c:90
[PID=67859][Sun Apr 16 16:00:04 2017] Error : -196608(eVOLNOTMOUNTED_RDSM) in bfm_ReadTrain.c:90
[PID=67859][Sun Apr 16 16:00:04 2017] Error : -196608(eVOLNOTMOUNTED_RDSM) in BfM_GetTrain.c:113
[PID=67859][Sun Apr 16 16:00:04 2017] Error : -196608(eVOLNOTMOUNTED_RDSM) in EduBtM_Test.c:845
[PID=67859][Sun Apr 16 16:00:04 2017] Error : -196608(eVOLNOTMOUNTED_RDSM) in EduBtM_Test.c:137
[PID=67859][Sun Apr 16 16:00:04 2017] Error : -589829(eNOLOGGEDTRANSACTION_RM) in RM_Transaction.c:311
[PID=67859][Sun Apr 16 16:00:04 2017] Error : -589829(eNOLOGGEDTRANSACTION_RM) in SM_Transaction.c:258
[PID=67859][Sun Apr 16 16:00:04 2017] Error : -589829(eNOLOGGEDTRANSACTION_RM) in SM_ThinLayer.c:761
[PID=67859][Sun Apr 16 16:00:04 2017] Error : -589829(eNOLOGGEDTRANSACTION_RM) in LRDS_Transaction.c:133
[PID=67880][Sun Apr 16 16:02:50 2017] Error : -458758(eDUPLICATEDKEY_BTM) in edubtm_Insert.c:190
[PID=67880][Sun Apr 16 16:02:50 2017] Error : -458758(eDUPLICATEDKEY_BTM) in edubtm_Insert.c:151
[PID=67880][Sun Apr 16 16:02:50 2017] Error : -458758(eDUPLICATEDKEY_BTM) in EduBtM_InsertObject.c:111
[PID=67880][Sun Apr 16 16:03:04 2017] Error : -196618(eINVALIDPID_RDSM) in RDsM_ReadTrain.c:103
[PID=67880][Sun Apr 16 16:03:04 2017] Error : -196618(eINVALIDPID_RDSM) in bfm_ReadTrain.c:90
[PID=67880][Sun Apr 16 16:03:04 2017] Error : -196618(eINVALIDPID_RDSM) in BfM_GetTrain.c:113
[PID=67880][Sun Apr 16 16:03:04 2017] Error : -196618(eINVALIDPID_RDSM) in EduBtM_Test.c:845
[PID=67880][Sun Apr 16 16:03:04 2017] Error : -196618(eINVALIDPID_RDSM) in EduBtM_Test.c:429
[PID=67880][Sun Apr 16 16:03:04 2017] Error : -589829(eNOLOGGEDTRANSACTION_RM) in RM_Transaction.c:311
[PID=67880][Sun Apr 16 16:03:04 2017] Error : -589829(eNOLOGGEDTRANSACTION_RM) in SM_Transaction.c:258
[PID=67880][Sun Apr 16 16:03:04 2017] Error : -589829(eNOLOGGEDTRANSACTION_RM) in SM_ThinLayer.c:761
[PID=67880][Sun Apr 16 16:03:04 2017] Error : -589829(eNOLOGGEDTRANSACTION_RM) in LRDS_Transaction.c:133
[PID=68597][Sun Apr 16 17:09:37 2017] Error : -196618(eINVALIDPID_RDSM) in RDsM_AllocTrains.c:128
[PID=68597][Sun Apr 16 17:09:37 2017] Error : -196618(eINVALIDPID_RDSM) in btm_AllocPage.c:100
[PID=68603][Sun Apr 16 17:10:13 2017] Error : -196618(eINVALIDPID_RDSM) in RDsM_AllocTrains.c:128
[PID=68603][Sun Apr 16 17:10:13 2017] Error : -196618(eINVALIDPID_RDSM) in btm_AllocPage.c:100
[PID=68603][Sun Apr 16 17:10:13 2017] Error : -262147(eBADHASHKEY_BFM) in BfM_GetNewTrain.c:203
[PID=68603][Sun Apr 16 17:10:13 2017] Error : -262147(eBADHASHKEY_BFM) in btm_InitPage.c:139
[PID=68603][Sun Apr 16 17:10:13 2017] Error : -262147(eBADHASHKEY_BFM) in BfM_GetTrain.c:160
[PID=68603][Sun Apr 16 17:10:13 2017] Error : -262147(eBADHASHKEY_BFM) in EduBtM_Test.c:845
[PID=68603][Sun Apr 16 17:10:13 2017] Error : -262147(eBADHASHKEY_BFM) in EduBtM_Test.c:137
[PID=68603][Sun Apr 16 17:10:13 2017] Error : -589829(eNOLOGGEDTRANSACTION_RM) in RM_Transaction.c:311
[PID=68603][Sun Apr 16 17:10:13 2017] Error : -589829(eNOLOGGEDTRANSACTION_RM) in SM_Transaction.c:258
[PID=68603][Sun Apr 16 17:10:13 2017] Error : -589829(eNOLOGGEDTRANSACTION_RM) in SM_ThinLayer.c:761
[PID=68603][Sun Apr 16 17:10:13 2017] Error : -589829(eNOLOGGEDTRANSACTION_RM) in LRDS_Transaction.c:133
[PID=68604][Sun Apr 16 17:10:18 2017] Error : -196618(eINVALIDPID_RDSM) in RDsM_AllocTrains.c:128
[PID=68604][Sun Apr 16 17:10:18 2017] Error : -196618(eINVALIDPID_RDSM) in btm_AllocPage.c:100
[PID=68701][Sun Apr 16 17:20:04 2017] Error : -196618(eINVALIDPID_RDSM) in RDsM_AllocTrains.c:128
[PID=68701][Sun Apr 16 17:20:04 2017] Error : -196618(eINVALIDPID_RDSM) in btm_AllocPage.c:100
[PID=68743][Sun Apr 16 17:21:47 2017] Error : -196618(eINVALIDPID_RDSM) in RDsM_AllocTrains.c:128
[PID=68743][Sun Apr 16 17:21:47 2017] Error : -196618(eINVALIDPID_RDSM) in btm_AllocPage.c:100
[PID=68743][Sun Apr 16 17:21:47 2017] Error : -196618(eINVALIDPID_RDSM) in EduBtM_CreateIndex.c:82
[PID=68743][Sun Apr 16 17:21:47 2017] Error : -196618(eINVALIDPID_RDSM) in EduBtM_Test.c:123
[PID=68743][Sun Apr 16 17:21:47 2017] Error : -589829(eNOLOGGEDTRANSACTION_RM) in RM_Transaction.c:311
[PID=68743][Sun Apr 16 17:21:47 2017] Error : -589829(eNOLOGGEDTRANSACTION_RM) in SM_Transaction.c:258
[PID=68743][Sun Apr 16 17:21:47 2017] Error : -589829(eNOLOGGEDTRANSACTION_RM) in SM_ThinLayer.c:761
[PID=68743][Sun Apr 16 17:21:47 2017] Error : -589829(eNOLOGGEDTRANSACTION_RM) in LRDS_Transaction.c:133
[PID=68762][Sun Apr 16 17:22:49 2017] Error : -196618(eINVALIDPID_RDSM) in RDsM_AllocTrains.c:128
[PID=68762][Sun Apr 16 17:22:49 2017] Error : -196618(eINVALIDPID_RDSM) in btm_AllocPage.c:100
[PID=68778][Sun Apr 16 17:23:01 2017] Error : -196618(eINVALIDPID_RDSM) in RDsM_AllocTrains.c:128
[PID=68778][Sun Apr 16 17:23:01 2017] Error : -196618(eINVALIDPID_RDSM) in btm_AllocPage.c:100
[PID=68778][Sun Apr 16 17:23:01 2017] Error : -196618(eINVALIDPID_RDSM) in EduBtM_CreateIndex.c:82
[PID=68778][Sun Apr 16 17:23:01 2017] Error : -196618(eINVALIDPID_RDSM) in EduBtM_Test.c:123
[PID=68778][Sun Apr 16 17:23:01 2017] Error : -589829(eNOLOGGEDTRANSACTION_RM) in RM_Transaction.c:311
[PID=68778][Sun Apr 16 17:23:01 2017] Error : -589829(eNOLOGGEDTRANSACTION_RM) in SM_Transaction.c:258
[PID=68778][Sun Apr 16 17:23:01 2017] Error : -589829(eNOLOGGEDTRANSACTION_RM) in SM_ThinLayer.c:761
[PID=68778][Sun Apr 16 17:23:01 2017] Error : -589829(eNOLOGGEDTRANSACTION_RM) in LRDS_Transaction.c:133
[PID=68779][Sun Apr 16 17:23:04 2017] Error : -196618(eINVALIDPID_RDSM) in RDsM_AllocTrains.c:128
[PID=68779][Sun Apr 16 17:23:04 2017] Error : -196618(eINVALIDPID_RDSM) in btm_AllocPage.c:100
[PID=68779][Sun Apr 16 17:23:04 2017] Error : -196618(eINVALIDPID_RDSM) in EduBtM_CreateIndex.c:82
[PID=68779][Sun Apr 16 17:23:04 2017] Error : -196618(eINVALIDPID_RDSM) in EduBtM_Test.c:123
[PID=68779][Sun Apr 16 17:23:04 2017] Error : -589829(eNOLOGGEDTRANSACTION_RM) in RM_Transaction.c:311
[PID=68779][Sun Apr 16 17:23:04 2017] Error : -589829(eNOLOGGEDTRANSACTION_RM) in SM_Transaction.c:258
[PID=68779][Sun Apr 16 17:23:04 2017] Error : -589829(eNOLOGGEDTRANSACTION_RM) in SM_ThinLayer.c:761
[PID=68779][Sun Apr 16 17:23:04 2017] Error : -589829(eNOLOGGEDTRANSACTION_RM) in LRDS_Transaction.c:133
[PID=68780][Sun Apr 16 17:23:07 2017] Error : -196618(eINVALIDPID_RDSM) in RDsM_AllocTrains.c:128
[PID=68780][Sun Apr 16 17:23:07 2017] Error : -196618(eINVALIDPID_RDSM) in btm_AllocPage.c:100
[PID=68780][Sun Apr 16 17:23:07 2017] Error : -196618(eINVALIDPID_RDSM) in EduBtM_CreateIndex.c:82
[PID=68780][Sun Apr 16 17:23:07 2017] Error : -196618(eINVALIDPID_RDSM) in EduBtM_Test.c:123
[PID=68780][Sun Apr 16 17:23:07 2017] Error : -589829(eNOLOGGEDTRANSACTION_RM) in RM_Transaction.c:311
[PID=68780][Sun Apr 16 17:23:07 2017] Error : -589829(eNOLOGGEDTRANSACTION_RM) in SM_Transaction.c:258
[PID=68780][Sun Apr 16 17:23:07 2017] Error : -589829(eNOLOGGEDTRANSACTION_RM) in SM_ThinLayer.c:761
[PID=68780][Sun Apr 16 17:23:07 2017] Error : -589829(eNOLOGGEDTRANSACTION_RM) in LRDS_Transaction.c:133
[PID=68782][Sun Apr 16 17:23:15 2017] Error : -196618(eINVALIDPID_RDSM) in RDsM_AllocTrains.c:128
[PID=68782][Sun Apr 16 17:23:15 2017] Error : -196618(eINVALIDPID_RDSM) in btm_AllocPage.c:100
[PID=68782][Sun Apr 16 17:23:15 2017] Error : -196618(eINVALIDPID_RDSM) in EduBtM_CreateIndex.c:82
[PID=68782][Sun Apr 16 17:23:15 2017] Error : -196618(eINVALIDPID_RDSM) in EduBtM_Test.c:123
[PID=68782][Sun Apr 16 17:23:15 2017] Error : -589829(eNOLOGGEDTRANSACTION_RM) in RM_Transaction.c:311
[PID=68782][Sun Apr 16 17:23:15 2017] Error : -589829(eNOLOGGEDTRANSACTION_RM) in SM_Transaction.c:258
[PID=68782][Sun Apr 16 17:23:15 2017] Error : -589829(eNOLOGGEDTRANSACTION_RM) in SM_ThinLayer.c:761
[PID=68782][Sun Apr 16 17:23:15 2017] Error : -589829(eNOLOGGEDTRANSACTION_RM) in LRDS_Transaction.c:133
[PID=68814][Sun Apr 16 17:23:30 2017] Error : -196618(eINVALIDPID_RDSM) in RDsM_AllocTrains.c:128
[PID=68814][Sun Apr 16 17:23:30 2017] Error : -196618(eINVALIDPID_RDSM) in btm_AllocPage.c:100
[PID=68842][Sun Apr 16 17:23:46 2017] Error : -196618(eINVALIDPID_RDSM) in RDsM_AllocTrains.c:128
[PID=68842][Sun Apr 16 17:23:46 2017] Error : -196618(eINVALIDPID_RDSM) in btm_AllocPage.c:100
[PID=68842][Sun Apr 16 17:23:46 2017] Error : -196618(eINVALIDPID_RDSM) in EduBtM_CreateIndex.c:82
[PID=68842][Sun Apr 16 17:23:46 2017] Error : -196618(eINVALIDPID_RDSM) in EduBtM_Test.c:123
[PID=68842][Sun Apr 16 17:23:46 2017] Error : -589829(eNOLOGGEDTRANSACTION_RM) in RM_Transaction.c:311
[PID=68842][Sun Apr 16 17:23:46 2017] Error : -589829(eNOLOGGEDTRANSACTION_RM) in SM_Transaction.c:258
[PID=68842][Sun Apr 16 17:23:46 2017] Error : -589829(eNOLOGGEDTRANSACTION_RM) in SM_ThinLayer.c:761
[PID=68842][Sun Apr 16 17:23:46 2017] Error : -589829(eNOLOGGEDTRANSACTION_RM) in LRDS_Transaction.c:133
[PID=68843][Sun Apr 16 17:23:50 2017] Error : -196618(eINVALIDPID_RDSM) in RDsM_AllocTrains.c:128
[PID=68843][Sun Apr 16 17:23:50 2017] Error : -196618(eINVALIDPID_RDSM) in btm_AllocPage.c:100
[PID=68843][Sun Apr 16 17:23:50 2017] Error : -196618(eINVALIDPID_RDSM) in EduBtM_CreateIndex.c:82
[PID=68843][Sun Apr 16 17:23:50 2017] Error : -196618(eINVALIDPID_RDSM) in EduBtM_Test.c:123
[PID=68843][Sun Apr 16 17:23:50 2017] Error : -589829(eNOLOGGEDTRANSACTION_RM) in RM_Transaction.c:311
[PID=68843][Sun Apr 16 17:23:50 2017] Error : -589829(eNOLOGGEDTRANSACTION_RM) in SM_Transaction.c:258
[PID=68843][Sun Apr 16 17:23:50 2017] Error : -589829(eNOLOGGEDTRANSACTION_RM) in SM_ThinLayer.c:761
[PID=68843][Sun Apr 16 17:23:50 2017] Error : -589829(eNOLOGGEDTRANSACTION_RM) in LRDS_Transaction.c:133
[PID=68884][Sun Apr 16 17:25:57 2017] Error : -458753(eBADBTREEPAGE_BTM) in EduBtM_Test.c:855
[PID=68906][Sun Apr 16 17:27:16 2017] Error : -196618(eINVALIDPID_RDSM) in RDsM_ReadTrain.c:103
[PID=68906][Sun Apr 16 17:27:16 2017] Error : -196618(eINVALIDPID_RDSM) in bfm_ReadTrain.c:90
[PID=68906][Sun Apr 16 17:27:16 2017] Error : -196618(eINVALIDPID_RDSM) in BfM_GetTrain.c:113
[PID=68906][Sun Apr 16 17:27:16 2017] Error : -196618(eINVALIDPID_RDSM) in EduBtM_Test.c:845
[PID=68906][Sun Apr 16 17:27:16 2017] Error : -196618(eINVALIDPID_RDSM) in EduBtM_Test.c:429
[PID=68906][Sun Apr 16 17:27:16 2017] Error : -589829(eNOLOGGEDTRANSACTION_RM) in RM_Transaction.c:311
[PID=68906][Sun Apr 16 17:27:16 2017] Error : -589829(eNOLOGGEDTRANSACTION_RM) in SM_Transaction.c:258
[PID=68906][Sun Apr 16 17:27:16 2017] Error : -589829(eNOLOGGEDTRANSACTION_RM) in SM_ThinLayer.c:761
[PID=68906][Sun Apr 16 17:27:16 2017] Error : -589829(eNOLOGGEDTRANSACTION_RM) in LRDS_Transaction.c:133
[PID=68912][Sun Apr 16 17:27:32 2017] Error : -196618(eINVALIDPID_RDSM) in RDsM_ReadTrain.c:103
[PID=68912][Sun Apr 16 17:27:32 2017] Error : -196618(eINVALIDPID_RDSM) in bfm_ReadTrain.c:90
[PID=68912][Sun Apr 16 17:27:32 2017] Error : -196618(eINVALIDPID_RDSM) in BfM_GetTrain.c:113
[PID=68912][Sun Apr 16 17:27:32 2017] Error : -196618(eINVALIDPID_RDSM) in EduBtM_Test.c:845
[PID=68912][Sun Apr 16 17:27:32 2017] Error : -196618(eINVALIDPID_RDSM) in EduBtM_Test.c:429
[PID=68912][Sun Apr 16 17:27:32 2017] Error : -589829(eNOLOGGEDTRANSACTION_RM) in RM_Transaction.c:311
[PID=68912][Sun Apr 16 17:27:32 2017] Error : -589829(eNOLOGGEDTRANSACTION_RM) in SM_Transaction.c:258
[PID=68912][Sun Apr 16 17:27:32 2017] Error : -589829(eNOLOGGEDTRANSACTION_RM) in SM_ThinLayer.c:761
[PID=68912][Sun Apr 16 17:27:32 2017] Error : -589829(eNOLOGGEDTRANSACTION_RM) in LRDS_Transaction.c:133
[PID=68938][Sun Apr 16 17:28:34 2017] Error : -458753(eBADBTREEPAGE_BTM) in EduBtM_Test.c:855
[PID=69164][Sun Apr 16 17:51:46 2017] Error : -458753(eBADBTREEPAGE_BTM) in EduBtM_Test.c:855
[PID=69393][Sun Apr 16 18:18:43 2017] Error : -458753(eBADBTREEPAGE_BTM) in EduBtM_Test.c:855
[PID=69415][Sun Apr 16 18:19:31 2017] Error : -458753(eBADBTREEPAGE_BTM) in EduBtM_Test.c:855
[PID=69432][Sun Apr 16 18:20:30 2017] Error : -458753(eBADBTREEPAGE_BTM) in EduBtM_Test.c:855
[PID=69449][Sun Apr 16 18:21:42 2017] Error : -458753(eBADBTREEPAGE_BTM) in EduBtM_Test.c:855
[PID=69499][Sun Apr 16 18:26:07 2017] Error : -458753(eBADBTREEPAGE_BTM) in EduBtM_Test.c:855
[PID=69559][Sun Apr 16 18:28:25 2017] Error : -458753(eBADBTREEPAGE_BTM) in EduBtM_Test.c:855
[PID=69583][Sun Apr 16 18:30:46 2017] Error : -458753(eBADBTREEPAGE_BTM) in EduBtM_Test.c:855
[PID=70514][Sun Apr 16 20:02:51 2017] Error : -458753(eBADBTREEPAGE_BTM) in EduBtM_Test.c:855
[PID=70601][Sun Apr 16 20:09:53 2017] Error : -458753(eBADBTREEPAGE_BTM) in EduBtM_Test.c:855
[PID=70665][Sun Apr 16 20:13:04 2017] Error : -458753(eBADBTREEPAGE_BTM) in EduBtM_Test.c:855
[PID=70909][Sun Apr 16 20:22:02 2017] Error : -458753(eBADBTREEPAGE_BTM) in EduBtM_Test.c:855
[PID=73127][Tue Apr 18 00:02:49 2017] Error : -196618(eINVALIDPID_RDSM) in RDsM_ReadTrain.c:103
[PID=73127][Tue Apr 18 00:02:49 2017] Error : -196618(eINVALIDPID_RDSM) in bfm_ReadTrain.c:90
[PID=73127][Tue Apr 18 00:02:49 2017] Error : -196618(eINVALIDPID_RDSM) in BfM_GetTrain.c:113
[PID=73127][Tue Apr 18 00:02:49 2017] Error : -196618(eINVALIDPID_RDSM) in EduBtM_Test.c:845
[PID=73127][Tue Apr 18 00:02:49 2017] Error : -196618(eINVALIDPID_RDSM) in EduBtM_Test.c:792
[PID=73127][Tue Apr 18 00:02:49 2017] Error : -589829(eNOLOGGEDTRANSACTION_RM) in RM_Transaction.c:311
[PID=73127][Tue Apr 18 00:02:49 2017] Error : -589829(eNOLOGGEDTRANSACTION_RM) in SM_Transaction.c:258
[PID=73127][Tue Apr 18 00:02:49 2017] Error : -589829(eNOLOGGEDTRANSACTION_RM) in SM_ThinLayer.c:761
[PID=73127][Tue Apr 18 00:02:49 2017] Error : -589829(eNOLOGGEDTRANSACTION_RM) in LRDS_Transaction.c:133
[PID=73381][Tue Apr 18 00:37:47 2017] Error : -262149(eFLUSHFIXEDBUF_BFM) in BfM_Dismount.c:110
[PID=73381][Tue Apr 18 00:37:47 2017] Error : -262149(eFLUSHFIXEDBUF_BFM) in SM_Dismount.c:104
[PID=73381][Tue Apr 18 00:37:47 2017] Error : -262149(eFLUSHFIXEDBUF_BFM) in LRDS_Dismount.c:246
[PID=73381][Tue Apr 18 00:37:47 2017] Error : -262149(eFLUSHFIXEDBUF_BFM) in LRDS_Dismount.c:143
[PID=73460][Tue Apr 18 00:39:40 2017] Error : -262149(eFLUSHFIXEDBUF_BFM) in BfM_Dismount.c:110
[PID=73460][Tue Apr 18 00:39:40 2017] Error : -262149(eFLUSHFIXEDBUF_BFM) in SM_Dismount.c:104
[PID=73460][Tue Apr 18 00:39:40 2017] Error : -262149(eFLUSHFIXEDBUF_BFM) in LRDS_Dismount.c:246
[PID=73460][Tue Apr 18 00:39:40 2017] Error : -262149(eFLUSHFIXEDBUF_BFM) in LRDS_Dismount.c:143
[PID=73683][Tue Apr 18 00:45:57 2017] Error : -262149(eFLUSHFIXEDBUF_BFM) in BfM_Dismount.c:110
[PID=73683][Tue Apr 18 00:45:57 2017] Error : -262149(eFLUSHFIXEDBUF_BFM) in SM_Dismount.c:104
[PID=73683][Tue Apr 18 00:45:57 2017] Error : -262149(eFLUSHFIXEDBUF_BFM) in LRDS_Dismount.c:246
[PID=73683][Tue Apr 18 00:45:57 2017] Error : -262149(eFLUSHFIXEDBUF_BFM) in LRDS_Dismount.c:143
[PID=73736][Tue Apr 18 00:49:38 2017] Error : -262149(eFLUSHFIXEDBUF_BFM) in BfM_Dismount.c:110
[PID=73736][Tue Apr 18 00:49:38 2017] Error : -262149(eFLUSHFIXEDBUF_BFM) in SM_Dismount.c:104
[PID=73736][Tue Apr 18 00:49:38 2017] Error : -262149(eFLUSHFIXEDBUF_BFM) in LRDS_Dismount.c:246
[PID=73736][Tue Apr 18 00:49:38 2017] Error : -262149(eFLUSHFIXEDBUF_BFM) in LRDS_Dismount.c:143
[PID=73842][Tue Apr 18 01:05:25 2017] Error : -262150(eNOTFOUND_BFM) in BfM_FreeTrain.c:80
[PID=73842][Tue Apr 18 01:05:25 2017] Error : -262150(eNOTFOUND_BFM) in edubtm_FreePages.c:124
[PID=73842][Tue Apr 18 01:05:25 2017] Error : -262150(eNOTFOUND_BFM) in EduBtM_DropIndex.c:68
[PID=73842][Tue Apr 18 01:05:25 2017] Error : -262150(eNOTFOUND_BFM) in EduBtM_Test.c:441
[PID=73842][Tue Apr 18 01:05:25 2017] Error : -589829(eNOLOGGEDTRANSACTION_RM) in RM_Transaction.c:311
[PID=73842][Tue Apr 18 01:05:25 2017] Error : -589829(eNOLOGGEDTRANSACTION_RM) in SM_Transaction.c:258
[PID=73842][Tue Apr 18 01:05:25 2017] Error : -589829(eNOLOGGEDTRANSACTION_RM) in SM_ThinLayer.c:761
[PID=73842][Tue Apr 18 01:05:25 2017] Error : -589829(eNOLOGGEDTRANSACTION_RM) in LRDS_Transaction.c:133
[PID=73861][Tue Apr 18 01:06:37 2017] Error : -262150(eNOTFOUND_BFM) in BfM_FreeTrain.c:80
[PID=73861][Tue Apr 18 01:06:37 2017] Error : -262150(eNOTFOUND_BFM) in edubtm_FreePages.c:125
[PID=73861][Tue Apr 18 01:06:37 2017] Error : -262150(eNOTFOUND_BFM) in EduBtM_DropIndex.c:68
[PID=73861][Tue Apr 18 01:06:37 2017] Error : -262150(eNOTFOUND_BFM) in EduBtM_Test.c:441
[PID=73861][Tue Apr 18 01:06:37 2017] Error : -589829(eNOLOGGEDTRANSACTION_RM) in RM_Transaction.c:311
[PID=73861][Tue Apr 18 01:06:37 2017] Error : -589829(eNOLOGGEDTRANSACTION_RM) in SM_Transaction.c:258
[PID=73861][Tue Apr 18 01:06:37 2017] Error : -589829(eNOLOGGEDTRANSACTION_RM) in SM_ThinLayer.c:761
[PID=73861][Tue Apr 18 01:06:37 2017] Error : -589829(eNOLOGGEDTRANSACTION_RM) in LRDS_Transaction.c:133
[PID=73862][Tue Apr 18 01:06:44 2017] Error : -262150(eNOTFOUND_BFM) in BfM_FreeTrain.c:80
[PID=73862][Tue Apr 18 01:06:44 2017] Error : -262150(eNOTFOUND_BFM) in edubtm_FreePages.c:125
[PID=73862][Tue Apr 18 01:06:44 2017] Error : -262150(eNOTFOUND_BFM) in EduBtM_DropIndex.c:68
[PID=73862][Tue Apr 18 01:06:44 2017] Error : -262150(eNOTFOUND_BFM) in EduBtM_Test.c:441
[PID=73862][Tue Apr 18 01:06:44 2017] Error : -589829(eNOLOGGEDTRANSACTION_RM) in RM_Transaction.c:311
[PID=73862][Tue Apr 18 01:06:44 2017] Error : -589829(eNOLOGGEDTRANSACTION_RM) in SM_Transaction.c:258
[PID=73862][Tue Apr 18 01:06:44 2017] Error : -589829(eNOLOGGEDTRANSACTION_RM) in SM_ThinLayer.c:761
[PID=73862][Tue Apr 18 01:06:44 2017] Error : -589829(eNOLOGGEDTRANSACTION_RM) in LRDS_Transaction.c:133
[PID=73989][Tue Apr 18 01:14:52 2017] Error : -262150(eNOTFOUND_BFM) in BfM_FreeTrain.c:80
[PID=73989][Tue Apr 18 01:14:52 2017] Error : -262150(eNOTFOUND_BFM) in edubtm_FreePages.c:134
[PID=73989][Tue Apr 18 01:14:52 2017] Error : -262150(eNOTFOUND_BFM) in EduBtM_DropIndex.c:68
[PID=73989][Tue Apr 18 01:14:52 2017] Error : -262150(eNOTFOUND_BFM) in EduBtM_Test.c:441
[PID=73989][Tue Apr 18 01:14:52 2017] Error : -589829(eNOLOGGEDTRANSACTION_RM) in RM_Transaction.c:311
[PID=73989][Tue Apr 18 01:14:52 2017] Error : -589829(eNOLOGGEDTRANSACTION_RM) in SM_Transaction.c:258
[PID=73989][Tue Apr 18 01:14:52 2017] Error : -589829(eNOLOGGEDTRANSACTION_RM) in SM_ThinLayer.c:761
[PID=73989][Tue Apr 18 01:14:52 2017] Error : -589829(eNOLOGGEDTRANSACTION_RM) in LRDS_Transaction.c:133
[PID=74007][Tue Apr 18 01:16:04 2017] Error : -262149(eFLUSHFIXEDBUF_BFM) in BfM_Dismount.c:110
[PID=74007][Tue Apr 18 01:16:04 2017] Error : -262149(eFLUSHFIXEDBUF_BFM) in SM_Dismount.c:104
[PID=74007][Tue Apr 18 01:16:04 2017] Error : -262149(eFLUSHFIXEDBUF_BFM) in LRDS_Dismount.c:246
[PID=74007][Tue Apr 18 01:16:04 2017] Error : -262149(eFLUSHFIXEDBUF_BFM) in LRDS_Dismount.c:143
[PID=74045][Tue Apr 18 01:17:34 2017] Error : -262150(eNOTFOUND_BFM) in BfM_FreeTrain.c:80
[PID=74045][Tue Apr 18 01:17:34 2017] Error : -262150(eNOTFOUND_BFM) in edubtm_FreePages.c:146
[PID=74045][Tue Apr 18 01:17:34 2017] Error : -262150(eNOTFOUND_BFM) in EduBtM_DropIndex.c:68
[PID=74045][Tue Apr 18 01:17:34 2017] Error : -262150(eNOTFOUND_BFM) in EduBtM_Test.c:441
[PID=74045][Tue Apr 18 01:17:34 2017] Error : -589829(eNOLOGGEDTRANSACTION_RM) in RM_Transaction.c:311
[PID=74045][Tue Apr 18 01:17:34 2017] Error : -589829(eNOLOGGEDTRANSACTION_RM) in SM_Transaction.c:258
[PID=74045][Tue Apr 18 01:17:34 2017] Error : -589829(eNOLOGGEDTRANSACTION_RM) in SM_ThinLayer.c:761
[PID=74045][Tue Apr 18 01:17:34 2017] Error : -589829(eNOLOGGEDTRANSACTION_RM) in LRDS_Transaction.c:133
[PID=74048][Tue Apr 18 01:17:53 2017] Error : -262150(eNOTFOUND_BFM) in BfM_FreeTrain.c:80
[PID=74048][Tue Apr 18 01:17:53 2017] Error : -262150(eNOTFOUND_BFM) in edubtm_FreePages.c:146
[PID=74048][Tue Apr 18 01:17:53 2017] Error : -262150(eNOTFOUND_BFM) in EduBtM_DropIndex.c:68
[PID=74048][Tue Apr 18 01:17:53 2017] Error : -262150(eNOTFOUND_BFM) in EduBtM_Test.c:441
[PID=74048][Tue Apr 18 01:17:53 2017] Error : -589829(eNOLOGGEDTRANSACTION_RM) in RM_Transaction.c:311
[PID=74048][Tue Apr 18 01:17:53 2017] Error : -589829(eNOLOGGEDTRANSACTION_RM) in SM_Transaction.c:258
[PID=74048][Tue Apr 18 01:17:53 2017] Error : -589829(eNOLOGGEDTRANSACTION_RM) in SM_ThinLayer.c:761
[PID=74048][Tue Apr 18 01:17:53 2017] Error : -589829(eNOLOGGEDTRANSACTION_RM) in LRDS_Transaction.c:133
[PID=74205][Tue Apr 18 01:41:27 2017] Error : -262150(eNOTFOUND_BFM) in BfM_FreeTrain.c:80
[PID=74205][Tue Apr 18 01:41:27 2017] Error : -262150(eNOTFOUND_BFM) in edubtm_FreePages.c:146
[PID=74205][Tue Apr 18 01:41:27 2017] Error : -262150(eNOTFOUND_BFM) in EduBtM_DropIndex.c:68
[PID=74205][Tue Apr 18 01:41:27 2017] Error : -262150(eNOTFOUND_BFM) in EduBtM_Test.c:441
[PID=74205][Tue Apr 18 01:41:27 2017] Error : -589829(eNOLOGGEDTRANSACTION_RM) in RM_Transaction.c:311
[PID=74205][Tue Apr 18 01:41:27 2017] Error : -589829(eNOLOGGEDTRANSACTION_RM) in SM_Transaction.c:258
[PID=74205][Tue Apr 18 01:41:27 2017] Error : -589829(eNOLOGGEDTRANSACTION_RM) in SM_ThinLayer.c:761
[PID=74205][Tue Apr 18 01:41:27 2017] Error : -589829(eNOLOGGEDTRANSACTION_RM) in LRDS_Transaction.c:133
[PID=74323][Tue Apr 18 01:49:24 2017] Error : -262149(eFLUSHFIXEDBUF_BFM) in BfM_Dismount.c:110
[PID=74323][Tue Apr 18 01:49:24 2017] Error : -262149(eFLUSHFIXEDBUF_BFM) in SM_Dismount.c:104
[PID=74323][Tue Apr 18 01:49:24 2017] Error : -262149(eFLUSHFIXEDBUF_BFM) in LRDS_Dismount.c:246
[PID=74323][Tue Apr 18 01:49:24 2017] Error : -262149(eFLUSHFIXEDBUF_BFM) in LRDS_Dismount.c:143
[PID=74405][Tue Apr 18 01:56:46 2017] Error : -262149(eFLUSHFIXEDBUF_BFM) in BfM_Dismount.c:110
[PID=74405][Tue Apr 18 01:56:46 2017] Error : -262149(eFLUSHFIXEDBUF_BFM) in SM_Dismount.c:104
[PID=74405][Tue Apr 18 01:56:46 2017] Error : -262149(eFLUSHFIXEDBUF_BFM) in LRDS_Dismount.c:246
[PID=74405][Tue Apr 18 01:56:46 2017] Error : -262149(eFLUSHFIXEDBUF_BFM) in LRDS_Dismount.c:143
[PID=74421][Tue Apr 18 01:57:08 2017] Error : -262150(eNOTFOUND_BFM) in BfM_FreeTrain.c:80
[PID=74421][Tue Apr 18 01:57:14 2017] Error : -262150(eNOTFOUND_BFM) in BfM_FreeTrain.c:80
[PID=74421][Tue Apr 18 01:57:14 2017] Error : -262149(eFLUSHFIXEDBUF_BFM) in BfM_Dismount.c:110
[PID=74421][Tue Apr 18 01:57:14 2017] Error : -262149(eFLUSHFIXEDBUF_BFM) in SM_Dismount.c:104
[PID=74421][Tue Apr 18 01:57:14 2017] Error : -262149(eFLUSHFIXEDBUF_BFM) in LRDS_Dismount.c:246
[PID=74421][Tue Apr 18 01:57:14 2017] Error : -262149(eFLUSHFIXEDBUF_BFM) in LRDS_Dismount.c:143
[PID=74437][Tue Apr 18 01:57:29 2017] Error : -262150(eNOTFOUND_BFM) in BfM_FreeTrain.c:80
[PID=74437][Tue Apr 18 01:57:29 2017] Error : -262150(eNOTFOUND_BFM) in edubtm_FreePages.c:146
[PID=74437][Tue Apr 18 01:57:29 2017] Error : -262150(eNOTFOUND_BFM) in EduBtM_DropIndex.c:68
[PID=74437][Tue Apr 18 01:57:29 2017] Error : -262150(eNOTFOUND_BFM) in EduBtM_Test.c:441
[PID=74437][Tue Apr 18 01:57:29 2017] Error : -589829(eNOLOGGEDTRANSACTION_RM) in RM_Transaction.c:311
[PID=74437][Tue Apr 18 01:57:29 2017] Error : -589829(eNOLOGGEDTRANSACTION_RM) in SM_Transaction.c:258
[PID=74437][Tue Apr 18 01:57:29 2017] Error : -589829(eNOLOGGEDTRANSACTION_RM) in SM_ThinLayer.c:761
[PID=74437][Tue Apr 18 01:57:29 2017] Error : -589829(eNOLOGGEDTRANSACTION_RM) in LRDS_Transaction.c:133
[PID=74472][Tue Apr 18 02:00:07 2017] Error : -262150(eNOTFOUND_BFM) in BfM_FreeTrain.c:80
[PID=74472][Tue Apr 18 02:00:07 2017] Error : -262150(eNOTFOUND_BFM) in edubtm_FreePages.c:146
[PID=74472][Tue Apr 18 02:00:07 2017] Error : -262150(eNOTFOUND_BFM) in EduBtM_DropIndex.c:68
[PID=74472][Tue Apr 18 02:00:07 2017] Error : -262150(eNOTFOUND_BFM) in EduBtM_Test.c:441
[PID=74472][Tue Apr 18 02:00:07 2017] Error : -589829(eNOLOGGEDTRANSACTION_RM) in RM_Transaction.c:311
[PID=74472][Tue Apr 18 02:00:07 2017] Error : -589829(eNOLOGGEDTRANSACTION_RM) in SM_Transaction.c:258
[PID=74472][Tue Apr 18 02:00:07 2017] Error : -589829(eNOLOGGEDTRANSACTION_RM) in SM_ThinLayer.c:761
[PID=74472][Tue Apr 18 02:00:07 2017] Error : -589829(eNOLOGGEDTRANSACTION_RM) in LRDS_Transaction.c:133
[PID=76526][Fri Apr 21 15:27:27 2017] Error : -458758(eDUPLICATEDKEY_BTM) in btm_Insert.c:186
[PID=76526][Fri Apr 21 15:27:34 2017] Error : -458753(eBADBTREEPAGE_BTM) in EduBtM_Test.c:855
[PID=76526][Fri Apr 21 15:27:41 2017] Error : -458753(eBADBTREEPAGE_BTM) in EduBtM_Test.c:855
[PID=76526][Fri Apr 21 15:28:15 2017] Error : -196618(eINVALIDPID_RDSM) in RDsM_ReadTrain.c:103
[PID=76526][Fri Apr 21 15:28:15 2017] Error : -196618(eINVALIDPID_RDSM) in bfm_ReadTrain.c:90
[PID=76526][Fri Apr 21 15:28:15 2017] Error : -196618(eINVALIDPID_RDSM) in BfM_GetTrain.c:113
[PID=76526][Fri Apr 21 15:28:15 2017] Error : -196618(eINVALIDPID_RDSM) in EduBtM_Test.c:845
[PID=76526][Fri Apr 21 15:28:15 2017] Error : -196618(eINVALIDPID_RDSM) in EduBtM_Test.c:429
[PID=76526][Fri Apr 21 15:28:15 2017] Error : -589829(eNOLOGGEDTRANSACTION_RM) in RM_Transaction.c:311
[PID=76526][Fri Apr 21 15:28:15 2017] Error : -589829(eNOLOGGEDTRANSACTION_RM) in SM_Transaction.c:258
[PID=76526][Fri Apr 21 15:28:15 2017] Error : -589829(eNOLOGGEDTRANSACTION_RM) in SM_ThinLayer.c:761
[PID=76526][Fri Apr 21 15:28:15 2017] Error : -589829(eNOLOGGEDTRANSACTION_RM) in LRDS_Transaction.c:133
[PID=79659][Sun Apr 23 01:53:35 2017] Error : -458753(eBADBTREEPAGE_BTM) in EduBtM_Test.c:855
[PID=79659][Sun Apr 23 01:53:43 2017] Error : -196618(eINVALIDPID_RDSM) in RDsM_ReadTrain.c:103
[PID=79659][Sun Apr 23 01:53:43 2017] Error : -196618(eINVALIDPID_RDSM) in bfm_ReadTrain.c:90
[PID=79659][Sun Apr 23 01:53:43 2017] Error : -196618(eINVALIDPID_RDSM) in BfM_GetTrain.c:113
[PID=79659][Sun Apr 23 01:53:43 2017] Error : -196618(eINVALIDPID_RDSM) in EduBtM_Test.c:845
[PID=79659][Sun Apr 23 01:53:43 2017] Error : -196618(eINVALIDPID_RDSM) in EduBtM_Test.c:429
[PID=79659][Sun Apr 23 01:53:43 2017] Error : -589829(eNOLOGGEDTRANSACTION_RM) in RM_Transaction.c:311
[PID=79659][Sun Apr 23 01:53:43 2017] Error : -589829(eNOLOGGEDTRANSACTION_RM) in SM_Transaction.c:258
[PID=79659][Sun Apr 23 01:53:43 2017] Error : -589829(eNOLOGGEDTRANSACTION_RM) in SM_ThinLayer.c:761
[PID=79659][Sun Apr 23 01:53:43 2017] Error : -589829(eNOLOGGEDTRANSACTION_RM) in LRDS_Transaction.c:133
[PID=80622][Sun Apr 23 02:03:18 2017] Error : -458753(eBADBTREEPAGE_BTM) in EduBtM_Test.c:855
[PID=80622][Sun Apr 23 02:06:20 2017] Error : -458753(eBADBTREEPAGE_BTM) in EduBtM_Test.c:855
[PID=80764][Sun Apr 23 02:19:04 2017] Error : -65545(eBADCURSOR) in EduBtM_FetchNext.c:99
[PID=80764][Sun Apr 23 02:19:04 2017] Error : -65545(eBADCURSOR) in EduBtM_Test.c:370
[PID=80764][Sun Apr 23 02:19:04 2017] Error : -589829(eNOLOGGEDTRANSACTION_RM) in RM_Transaction.c:311
[PID=80764][Sun Apr 23 02:19:04 2017] Error : -589829(eNOLOGGEDTRANSACTION_RM) in SM_Transaction.c:258
[PID=80764][Sun Apr 23 02:19:04 2017] Error : -589829(eNOLOGGEDTRANSACTION_RM) in SM_ThinLayer.c:761
[PID=80764][Sun Apr 23 02:19:04 2017] Error : -589829(eNOLOGGEDTRANSACTION_RM) in LRDS_Transaction.c:133
[PID=80771][Sun Apr 23 02:19:24 2017] Error : -458758(eDUPLICATEDKEY_BTM) in btm_Insert.c:186
[PID=80771][Sun Apr 23 02:19:24 2017] Error : -458758(eDUPLICATEDKEY_BTM) in btm_Insert.c:147
[PID=80771][Sun Apr 23 02:19:24 2017] Error : -458758(eDUPLICATEDKEY_BTM) in EduBtM_InsertObject.c:101
[PID=80771][Sun Apr 23 02:20:22 2017] Error : -65545(eBADCURSOR) in EduBtM_FetchNext.c:99
[PID=80771][Sun Apr 23 02:20:22 2017] Error : -65545(eBADCURSOR) in EduBtM_Test.c:370
[PID=80771][Sun Apr 23 02:20:22 2017] Error : -589829(eNOLOGGEDTRANSACTION_RM) in RM_Transaction.c:311
[PID=80771][Sun Apr 23 02:20:22 2017] Error : -589829(eNOLOGGEDTRANSACTION_RM) in SM_Transaction.c:258
[PID=80771][Sun Apr 23 02:20:22 2017] Error : -589829(eNOLOGGEDTRANSACTION_RM) in SM_ThinLayer.c:761
[PID=80771][Sun Apr 23 02:20:22 2017] Error : -589829(eNOLOGGEDTRANSACTION_RM) in LRDS_Transaction.c:133
[PID=80852][Sun Apr 23 02:28:09 2017] Error : -458753(eBADBTREEPAGE_BTM) in EduBtM_Test.c:855
[PID=80852][Sun Apr 23 02:28:14 2017] Error : -196618(eINVALIDPID_RDSM) in RDsM_ReadTrain.c:103
[PID=80852][Sun Apr 23 02:28:14 2017] Error : -196618(eINVALIDPID_RDSM) in bfm_ReadTrain.c:90
[PID=80852][Sun Apr 23 02:28:14 2017] Error : -196618(eINVALIDPID_RDSM) in BfM_GetTrain.c:113
[PID=80852][Sun Apr 23 02:28:14 2017] Error : -196618(eINVALIDPID_RDSM) in EduBtM_Test.c:845
[PID=80852][Sun Apr 23 02:28:14 2017] Error : -196618(eINVALIDPID_RDSM) in EduBtM_Test.c:398
[PID=80852][Sun Apr 23 02:28:14 2017] Error : -589829(eNOLOGGEDTRANSACTION_RM) in RM_Transaction.c:311
[PID=80852][Sun Apr 23 02:28:14 2017] Error : -589829(eNOLOGGEDTRANSACTION_RM) in SM_Transaction.c:258
[PID=80852][Sun Apr 23 02:28:14 2017] Error : -589829(eNOLOGGEDTRANSACTION_RM) in SM_ThinLayer.c:761
[PID=80852][Sun Apr 23 02:28:14 2017] Error : -589829(eNOLOGGEDTRANSACTION_RM) in LRDS_Transaction.c:133
[PID=99400][Wed Apr 26 03:12:07 2017] Error : -196618(eINVALIDPID_RDSM) in RDsM_ReadTrain.c:103
[PID=99400][Wed Apr 26 03:12:07 2017] Error : -196618(eINVALIDPID_RDSM) in bfm_ReadTrain.c:90
[PID=99400][Wed Apr 26 03:12:07 2017] Error : -196618(eINVALIDPID_RDSM) in BfM_GetTrain.c:113
[PID=99400][Wed Apr 26 03:12:07 2017] Error : -196618(eINVALIDPID_RDSM) in EduBtM_Test.c:845
[PID=99400][Wed Apr 26 03:12:07 2017] Error : -196618(eINVALIDPID_RDSM) in EduBtM_Test.c:398
[PID=99400][Wed Apr 26 03:12:07 2017] Error : -589829(eNOLOGGEDTRANSACTION_RM) in RM_Transaction.c:311
[PID=99400][Wed Apr 26 03:12:07 2017] Error : -589829(eNOLOGGEDTRANSACTION_RM) in SM_Transaction.c:258
[PID=99400][Wed Apr 26 03:12:07 2017] Error : -589829(eNOLOGGEDTRANSACTION_RM) in SM_ThinLayer.c:761
[PID=99400][Wed Apr 26 03:12:07 2017] Error : -589829(eNOLOGGEDTRANSACTION_RM) in LRDS_Transaction.c:133
[PID=100803][Wed Apr 26 17:20:00 2017] Error : -458758(eDUPLICATEDKEY_BTM) in edubtm_Insert.c:169
[PID=100803][Wed Apr 26 17:20:01 2017] Error : -458758(eDUPLICATEDKEY_BTM) in EduBtM_InsertObject.c:101
[PID=100803][Wed Apr 26 17:30:08 2017] Error : -458753(eBADBTREEPAGE_BTM) in EduBtM_Test.c:855
[PID=100803][Wed Apr 26 17:30:45 2017] Error : -458753(eBADBTREEPAGE_BTM) in EduBtM_Test.c:855
[PID=100803][Wed Apr 26 17:41:47 2017] Error : -262149(eFLUSHFIXEDBUF_BFM) in BfM_Dismount.c:110
[PID=100803][Wed Apr 26 17:41:47 2017] Error : -262149(eFLUSHFIXEDBUF_BFM) in SM_Dismount.c:104
[PID=100803][Wed Apr 26 17:41:47 2017] Error : -262149(eFLUSHFIXEDBUF_BFM) in LRDS_Dismount.c:246
[PID=100803][Wed Apr 26 17:41:47 2017] Error : -262149(eFLUSHFIXEDBUF_BFM) in LRDS_Dismount.c:143
[PID=100932][Wed Apr 26 20:53:39 2017] Error : -458753(eBADBTREEPAGE_BTM) in EduBtM_Test.c:855
[PID=101427][Wed Apr 26 21:02:35 2017] Error : -458753(eBADBTREEPAGE_BTM) in EduBtM_Test.c:855
[PID=102033][Wed Apr 26 22:09:11 2017] Error : -262147(eBADHASHKEY_BFM) in BfM_GetTrain.c:160
[PID=102033][Wed Apr 26 22:09:11 2017] Error : -262147(eBADHASHKEY_BFM) in btm_root.c:212
[PID=102033][Wed Apr 26 22:09:11 2017] Error : -262147(eBADHASHKEY_BFM) in EduBtM_InsertObject.c:105
[PID=102033][Wed Apr 26 22:09:11 2017] Error : -262147(eBADHASHKEY_BFM) in EduBtM_Test.c:173
[PID=102033][Wed Apr 26 22:09:11 2017] Error : -589829(eNOLOGGEDTRANSACTION_RM) in RM_Transaction.c:311
[PID=102033][Wed Apr 26 22:09:11 2017] Error : -589829(eNOLOGGEDTRANSACTION_RM) in SM_Transaction.c:258
[PID=102033][Wed Apr 26 22:09:11 2017] Error : -589829(eNOLOGGEDTRANSACTION_RM) in SM_ThinLayer.c:761
[PID=102033][Wed Apr 26 22:09:11 2017] Error : -589829(eNOLOGGEDTRANSACTION_RM) in LRDS_Transaction.c:133
[PID=102209][Wed Apr 26 22:24:11 2017] Error : -262147(eBADHASHKEY_BFM) in BfM_GetTrain.c:160
[PID=102209][Wed Apr 26 22:24:11 2017] Error : -262147(eBADHASHKEY_BFM) in btm_root.c:212
[PID=102209][Wed Apr 26 22:24:11 2017] Error : -262147(eBADHASHKEY_BFM) in EduBtM_InsertObject.c:105
[PID=102209][Wed Apr 26 22:24:11 2017] Error : -262147(eBADHASHKEY_BFM) in EduBtM_Test.c:173
[PID=102209][Wed Apr 26 22:24:11 2017] Error : -589829(eNOLOGGEDTRANSACTION_RM) in RM_Transaction.c:311
[PID=102209][Wed Apr 26 22:24:11 2017] Error : -589829(eNOLOGGEDTRANSACTION_RM) in SM_Transaction.c:258
[PID=102209][Wed Apr 26 22:24:11 2017] Error : -589829(eNOLOGGEDTRANSACTION_RM) in SM_ThinLayer.c:761
[PID=102209][Wed Apr 26 22:24:11 2017] Error : -589829(eNOLOGGEDTRANSACTION_RM) in LRDS_Transaction.c:133
[PID=102526][Wed Apr 26 22:59:46 2017] Error : -458753(eBADBTREEPAGE_BTM) in EduBtM_Test.c:855
[PID=102526][Wed Apr 26 23:00:33 2017] Error : -196618(eINVALIDPID_RDSM) in RDsM_ReadTrain.c:103
[PID=102526][Wed Apr 26 23:00:33 2017] Error : -196618(eINVALIDPID_RDSM) in bfm_ReadTrain.c:90
[PID=102526][Wed Apr 26 23:00:33 2017] Error : -196618(eINVALIDPID_RDSM) in BfM_GetTrain.c:113
[PID=102526][Wed Apr 26 23:00:33 2017] Error : -196618(eINVALIDPID_RDSM) in edubtm_Insert.c:123
[PID=102526][Wed Apr 26 23:00:33 2017] Error : -196618(eINVALIDPID_RDSM) in edubtm_Insert.c:147
[PID=102526][Wed Apr 26 23:00:33 2017] Error : -196618(eINVALIDPID_RDSM) in EduBtM_InsertObject.c:101
[PID=102526][Wed Apr 26 23:00:33 2017] Error : -196618(eINVALIDPID_RDSM) in EduBtM_Test.c:544
[PID=102526][Wed Apr 26 23:00:33 2017] Error : -589829(eNOLOGGEDTRANSACTION_RM) in RM_Transaction.c:311
[PID=102526][Wed Apr 26 23:00:33 2017] Error : -589829(eNOLOGGEDTRANSACTION_RM) in SM_Transaction.c:258
[PID=102526][Wed Apr 26 23:00:33 2017] Error : -589829(eNOLOGGEDTRANSACTION_RM) in SM_ThinLayer.c:761
[PID=102526][Wed Apr 26 23:00:33 2017] Error : -589829(eNOLOGGEDTRANSACTION_RM) in LRDS_Transaction.c:133
[PID=102643][Wed Apr 26 23:17:47 2017] Error : -262150(eNOTFOUND_BFM) in BfM_FreeTrain.c:80
[PID=102643][Wed Apr 26 23:17:47 2017] Error : -262150(eNOTFOUND_BFM) in edubtm_Insert.c:160
[PID=102643][Wed Apr 26 23:17:47 2017] Error : -262150(eNOTFOUND_BFM) in EduBtM_InsertObject.c:101
[PID=102643][Wed Apr 26 23:17:47 2017] Error : -262150(eNOTFOUND_BFM) in EduBtM_Test.c:173
[PID=102643][Wed Apr 26 23:17:47 2017] Error : -589829(eNOLOGGEDTRANSACTION_RM) in RM_Transaction.c:311
[PID=102643][Wed Apr 26 23:17:47 2017] Error : -589829(eNOLOGGEDTRANSACTION_RM) in SM_Transaction.c:258
[PID=102643][Wed Apr 26 23:17:47 2017] Error : -589829(eNOLOGGEDTRANSACTION_RM) in SM_ThinLayer.c:761
[PID=102643][Wed Apr 26 23:17:47 2017] Error : -589829(eNOLOGGEDTRANSACTION_RM) in LRDS_Transaction.c:133
[PID=102739][Wed Apr 26 23:25:23 2017] Error : -196618(eINVALIDPID_RDSM) in RDsM_ReadTrain.c:103
[PID=102739][Wed Apr 26 23:25:23 2017] Error : -196618(eINVALIDPID_RDSM) in bfm_ReadTrain.c:90
[PID=102739][Wed Apr 26 23:25:23 2017] Error : -196618(eINVALIDPID_RDSM) in BfM_GetTrain.c:113
[PID=102739][Wed Apr 26 23:25:23 2017] Error : -196618(eINVALIDPID_RDSM) in edubtm_Insert.c:123
[PID=102739][Wed Apr 26 23:25:23 2017] Error : -196618(eINVALIDPID_RDSM) in edubtm_Insert.c:144
[PID=102739][Wed Apr 26 23:25:23 2017] Error : -196618(eINVALIDPID_RDSM) in edubtm_Insert.c:144
[PID=102739][Wed Apr 26 23:25:23 2017] Error : -196618(eINVALIDPID_RDSM) in EduBtM_InsertObject.c:101
[PID=102739][Wed Apr 26 23:25:23 2017] Error : -196618(eINVALIDPID_RDSM) in EduBtM_Test.c:544
[PID=102739][Wed Apr 26 23:25:23 2017] Error : -589829(eNOLOGGEDTRANSACTION_RM) in RM_Transaction.c:311
[PID=102739][Wed Apr 26 23:25:23 2017] Error : -589829(eNOLOGGEDTRANSACTION_RM) in SM_Transaction.c:258
[PID=102739][Wed Apr 26 23:25:23 2017] Error : -589829(eNOLOGGEDTRANSACTION_RM) in SM_ThinLayer.c:761
[PID=102739][Wed Apr 26 23:25:23 2017] Error : -589829(eNOLOGGEDTRANSACTION_RM) in LRDS_Transaction.c:133
[PID=102761][Wed Apr 26 23:26:57 2017] Error : -458753(eBADBTREEPAGE_BTM) in EduBtM_Test.c:865
[PID=102892][Wed Apr 26 23:46:26 2017] Error : -458753(eBADBTREEPAGE_BTM) in EduBtM_Test.c:865
[PID=102892][Wed Apr 26 23:46:31 2017] Error : -458753(eBADBTREEPAGE_BTM) in EduBtM_Test.c:865
[PID=109744][Fri Apr 28 03:19:00 2017] Error : -196608(eVOLNOTMOUNTED_RDSM) in RDsM_ReadTrain.c:90
[PID=109744][Fri Apr 28 03:19:00 2017] Error : -196608(eVOLNOTMOUNTED_RDSM) in bfm_ReadTrain.c:90
[PID=109744][Fri Apr 28 03:19:00 2017] Error : -196608(eVOLNOTMOUNTED_RDSM) in BfM_GetTrain.c:113
[PID=109744][Fri Apr 28 03:19:00 2017] Error : -196608(eVOLNOTMOUNTED_RDSM) in BtM_FetchNext.c:693
[PID=109744][Fri Apr 28 03:19:00 2017] Error : -196608(eVOLNOTMOUNTED_RDSM) in EduBtM_FetchNext.c:111
[PID=109744][Fri Apr 28 03:19:00 2017] Error : -196608(eVOLNOTMOUNTED_RDSM) in EduBtM_Test.c:370
[PID=109744][Fri Apr 28 03:19:00 2017] Error : -589829(eNOLOGGEDTRANSACTION_RM) in RM_Transaction.c:311
[PID=109744][Fri Apr 28 03:19:00 2017] Error : -589829(eNOLOGGEDTRANSACTION_RM) in SM_Transaction.c:258
[PID=109744][Fri Apr 28 03:19:00 2017] Error : -589829(eNOLOGGEDTRANSACTION_RM) in SM_ThinLayer.c:761
[PID=109744][Fri Apr 28 03:19:00 2017] Error : -589829(eNOLOGGEDTRANSACTION_RM) in LRDS_Transaction.c:133
[PID=109797][Fri Apr 28 03:22:42 2017] Error : -196608(eVOLNOTMOUNTED_RDSM) in RDsM_ReadTrain.c:90
[PID=109797][Fri Apr 28 03:22:42 2017] Error : -196608(eVOLNOTMOUNTED_RDSM) in bfm_ReadTrain.c:90
[PID=109797][Fri Apr 28 03:22:42 2017] Error : -196608(eVOLNOTMOUNTED_RDSM) in BfM_GetTrain.c:113
[PID=109797][Fri Apr 28 03:22:42 2017] Error : -196608(eVOLNOTMOUNTED_RDSM) in BtM_FetchNext.c:693
[PID=109797][Fri Apr 28 03:22:42 2017] Error : -196608(eVOLNOTMOUNTED_RDSM) in EduBtM_FetchNext.c:111
[PID=109797][Fri Apr 28 03:22:42 2017] Error : -196608(eVOLNOTMOUNTED_RDSM) in EduBtM_Test.c:370
[PID=109797][Fri Apr 28 03:22:42 2017] Error : -589829(eNOLOGGEDTRANSACTION_RM) in RM_Transaction.c:311
[PID=109797][Fri Apr 28 03:22:42 2017] Error : -589829(eNOLOGGEDTRANSACTION_RM) in SM_Transaction.c:258
[PID=109797][Fri Apr 28 03:22:42 2017] Error : -589829(eNOLOGGEDTRANSACTION_RM) in SM_ThinLayer.c:761
[PID=109797][Fri Apr 28 03:22:42 2017] Error : -589829(eNOLOGGEDTRANSACTION_RM) in LRDS_Transaction.c:133
[PID=110217][Fri Apr 28 04:15:23 2017] Error : -196608(eVOLNOTMOUNTED_RDSM) in RDsM_ReadTrain.c:90
[PID=110217][Fri Apr 28 04:15:23 2017] Error : -196608(eVOLNOTMOUNTED_RDSM) in bfm_ReadTrain.c:90
[PID=110217][Fri Apr 28 04:15:23 2017] Error : -196608(eVOLNOTMOUNTED_RDSM) in BfM_GetTrain.c:113
[PID=110217][Fri Apr 28 04:15:23 2017] Error : -196608(eVOLNOTMOUNTED_RDSM) in BtM_FetchNext.c:693
[PID=110217][Fri Apr 28 04:15:23 2017] Error : -196608(eVOLNOTMOUNTED_RDSM) in EduBtM_FetchNext.c:111
[PID=110217][Fri Apr 28 04:15:23 2017] Error : -196608(eVOLNOTMOUNTED_RDSM) in EduBtM_Test.c:370
[PID=110217][Fri Apr 28 04:15:23 2017] Error : -589829(eNOLOGGEDTRANSACTION_RM) in RM_Transaction.c:311
[PID=110217][Fri Apr 28 04:15:23 2017] Error : -589829(eNOLOGGEDTRANSACTION_RM) in SM_Transaction.c:258
[PID=110217][Fri Apr 28 04:15:23 2017] Error : -589829(eNOLOGGEDTRANSACTION_RM) in SM_ThinLayer.c:761
[PID=110217][Fri Apr 28 04:15:23 2017] Error : -589829(eNOLOGGEDTRANSACTION_RM) in LRDS_Transaction.c:133
[PID=110478][Fri Apr 28 04:40:33 2017] Error : -196608(eVOLNOTMOUNTED_RDSM) in RDsM_ReadTrain.c:90
[PID=110478][Fri Apr 28 04:40:33 2017] Error : -196608(eVOLNOTMOUNTED_RDSM) in bfm_ReadTrain.c:90
[PID=110478][Fri Apr 28 04:40:33 2017] Error : -196608(eVOLNOTMOUNTED_RDSM) in BfM_GetTrain.c:113
[PID=110478][Fri Apr 28 04:40:33 2017] Error : -196608(eVOLNOTMOUNTED_RDSM) in BtM_FetchNext.c:546
[PID=110478][Fri Apr 28 04:40:33 2017] Error : -196608(eVOLNOTMOUNTED_RDSM) in EduBtM_FetchNext.c:111
[PID=110478][Fri Apr 28 04:40:33 2017] Error : -196608(eVOLNOTMOUNTED_RDSM) in EduBtM_Test.c:370
[PID=110478][Fri Apr 28 04:40:33 2017] Error : -589829(eNOLOGGEDTRANSACTION_RM) in RM_Transaction.c:311
[PID=110478][Fri Apr 28 04:40:33 2017] Error : -589829(eNOLOGGEDTRANSACTION_RM) in SM_Transaction.c:258
[PID=110478][Fri Apr 28 04:40:33 2017] Error : -589829(eNOLOGGEDTRANSACTION_RM) in SM_ThinLayer.c:761
[PID=110478][Fri Apr 28 04:40:33 2017] Error : -589829(eNOLOGGEDTRANSACTION_RM) in LRDS_Transaction.c:133
[PID=110491][Fri Apr 28 04:40:52 2017] Error : -196608(eVOLNOTMOUNTED_RDSM) in RDsM_ReadTrain.c:90
[PID=110491][Fri Apr 28 04:40:52 2017] Error : -196608(eVOLNOTMOUNTED_RDSM) in bfm_ReadTrain.c:90
[PID=110491][Fri Apr 28 04:40:52 2017] Error : -196608(eVOLNOTMOUNTED_RDSM) in BfM_GetTrain.c:113
[PID=110491][Fri Apr 28 04:40:52 2017] Error : -196608(eVOLNOTMOUNTED_RDSM) in BtM_FetchNext.c:546
[PID=110491][Fri Apr 28 04:40:52 2017] Error : -196608(eVOLNOTMOUNTED_RDSM) in EduBtM_FetchNext.c:111
[PID=110491][Fri Apr 28 04:40:52 2017] Error : -196608(eVOLNOTMOUNTED_RDSM) in EduBtM_Test.c:370
[PID=110491][Fri Apr 28 04:40:52 2017] Error : -589829(eNOLOGGEDTRANSACTION_RM) in RM_Transaction.c:311
[PID=110491][Fri Apr 28 04:40:52 2017] Error : -589829(eNOLOGGEDTRANSACTION_RM) in SM_Transaction.c:258
[PID=110491][Fri Apr 28 04:40:52 2017] Error : -589829(eNOLOGGEDTRANSACTION_RM) in SM_ThinLayer.c:761
[PID=110491][Fri Apr 28 04:40:52 2017] Error : -589829(eNOLOGGEDTRANSACTION_RM) in LRDS_Transaction.c:133
[PID=110512][Fri Apr 28 04:41:35 2017] Error : -196608(eVOLNOTMOUNTED_RDSM) in RDsM_ReadTrain.c:90
[PID=110512][Fri Apr 28 04:41:35 2017] Error : -196608(eVOLNOTMOUNTED_RDSM) in bfm_ReadTrain.c:90
[PID=110512][Fri Apr 28 04:41:35 2017] Error : -196608(eVOLNOTMOUNTED_RDSM) in BfM_GetTrain.c:113
[PID=110512][Fri Apr 28 04:41:35 2017] Error : -196608(eVOLNOTMOUNTED_RDSM) in BtM_FetchNext.c:546
[PID=110512][Fri Apr 28 04:41:35 2017] Error : -196608(eVOLNOTMOUNTED_RDSM) in EduBtM_FetchNext.c:111
[PID=110512][Fri Apr 28 04:41:35 2017] Error : -196608(eVOLNOTMOUNTED_RDSM) in EduBtM_Test.c:370
[PID=110512][Fri Apr 28 04:41:35 2017] Error : -589829(eNOLOGGEDTRANSACTION_RM) in RM_Transaction.c:311
[PID=110512][Fri Apr 28 04:41:35 2017] Error : -589829(eNOLOGGEDTRANSACTION_RM) in SM_Transaction.c:258
[PID=110512][Fri Apr 28 04:41:35 2017] Error : -589829(eNOLOGGEDTRANSACTION_RM) in SM_ThinLayer.c:761
[PID=110512][Fri Apr 28 04:41:35 2017] Error : -589829(eNOLOGGEDTRANSACTION_RM) in LRDS_Transaction.c:133
[PID=110527][Fri Apr 28 04:42:02 2017] Error : -196608(eVOLNOTMOUNTED_RDSM) in RDsM_ReadTrain.c:90
[PID=110527][Fri Apr 28 04:42:02 2017] Error : -196608(eVOLNOTMOUNTED_RDSM) in bfm_ReadTrain.c:90
[PID=110527][Fri Apr 28 04:42:02 2017] Error : -196608(eVOLNOTMOUNTED_RDSM) in BfM_GetTrain.c:113
[PID=110527][Fri Apr 28 04:42:02 2017] Error : -196608(eVOLNOTMOUNTED_RDSM) in BtM_FetchNext.c:546
[PID=110527][Fri Apr 28 04:42:02 2017] Error : -196608(eVOLNOTMOUNTED_RDSM) in EduBtM_FetchNext.c:111
[PID=110527][Fri Apr 28 04:42:02 2017] Error : -196608(eVOLNOTMOUNTED_RDSM) in EduBtM_Test.c:370
[PID=110527][Fri Apr 28 04:42:02 2017] Error : -589829(eNOLOGGEDTRANSACTION_RM) in RM_Transaction.c:311
[PID=110527][Fri Apr 28 04:42:02 2017] Error : -589829(eNOLOGGEDTRANSACTION_RM) in SM_Transaction.c:258
[PID=110527][Fri Apr 28 04:42:02 2017] Error : -589829(eNOLOGGEDTRANSACTION_RM) in SM_ThinLayer.c:761
[PID=110527][Fri Apr 28 04:42:02 2017] Error : -589829(eNOLOGGEDTRANSACTION_RM) in LRDS_Transaction.c:133
[PID=110548][Fri Apr 28 04:42:55 2017] Error : -196608(eVOLNOTMOUNTED_RDSM) in RDsM_ReadTrain.c:90
[PID=110548][Fri Apr 28 04:42:55 2017] Error : -196608(eVOLNOTMOUNTED_RDSM) in bfm_ReadTrain.c:90
[PID=110548][Fri Apr 28 04:42:55 2017] Error : -196608(eVOLNOTMOUNTED_RDSM) in BfM_GetTrain.c:113
[PID=110548][Fri Apr 28 04:42:55 2017] Error : -196608(eVOLNOTMOUNTED_RDSM) in BtM_FetchNext.c:546
[PID=110548][Fri Apr 28 04:42:55 2017] Error : -196608(eVOLNOTMOUNTED_RDSM) in EduBtM_FetchNext.c:111
[PID=110548][Fri Apr 28 04:42:55 2017] Error : -196608(eVOLNOTMOUNTED_RDSM) in EduBtM_Test.c:370
[PID=110548][Fri Apr 28 04:42:55 2017] Error : -589829(eNOLOGGEDTRANSACTION_RM) in RM_Transaction.c:311
[PID=110548][Fri Apr 28 04:42:55 2017] Error : -589829(eNOLOGGEDTRANSACTION_RM) in SM_Transaction.c:258
[PID=110548][Fri Apr 28 04:42:55 2017] Error : -589829(eNOLOGGEDTRANSACTION_RM) in SM_ThinLayer.c:761
[PID=110548][Fri Apr 28 04:42:55 2017] Error : -589829(eNOLOGGEDTRANSACTION_RM) in LRDS_Transaction.c:133
[PID=110570][Fri Apr 28 04:45:54 2017] Error : -196608(eVOLNOTMOUNTED_RDSM) in RDsM_ReadTrain.c:90
[PID=110570][Fri Apr 28 04:45:54 2017] Error : -196608(eVOLNOTMOUNTED_RDSM) in bfm_ReadTrain.c:90
[PID=110570][Fri Apr 28 04:45:54 2017] Error : -196608(eVOLNOTMOUNTED_RDSM) in BfM_GetTrain.c:113
[PID=110570][Fri Apr 28 04:45:54 2017] Error : -196608(eVOLNOTMOUNTED_RDSM) in BtM_FetchNext.c:546
[PID=110570][Fri Apr 28 04:45:54 2017] Error : -196608(eVOLNOTMOUNTED_RDSM) in EduBtM_FetchNext.c:111
[PID=110570][Fri Apr 28 04:45:54 2017] Error : -196608(eVOLNOTMOUNTED_RDSM) in EduBtM_Test.c:370
[PID=110570][Fri Apr 28 04:45:54 2017] Error : -589829(eNOLOGGEDTRANSACTION_RM) in RM_Transaction.c:311
[PID=110570][Fri Apr 28 04:45:54 2017] Error : -589829(eNOLOGGEDTRANSACTION_RM) in SM_Transaction.c:258
[PID=110570][Fri Apr 28 04:45:54 2017] Error : -589829(eNOLOGGEDTRANSACTION_RM) in SM_ThinLayer.c:761
[PID=110570][Fri Apr 28 04:45:54 2017] Error : -589829(eNOLOGGEDTRANSACTION_RM) in LRDS_Transaction.c:133
[PID=110717][Fri Apr 28 04:54:45 2017] Error : -196608(eVOLNOTMOUNTED_RDSM) in RDsM_ReadTrain.c:90
[PID=110717][Fri Apr 28 04:54:45 2017] Error : -196608(eVOLNOTMOUNTED_RDSM) in bfm_ReadTrain.c:90
[PID=110717][Fri Apr 28 04:54:45 2017] Error : -196608(eVOLNOTMOUNTED_RDSM) in BfM_GetTrain.c:113
[PID=110717][Fri Apr 28 04:54:45 2017] Error : -196608(eVOLNOTMOUNTED_RDSM) in BtM_FetchNext.c:546
[PID=110717][Fri Apr 28 04:54:45 2017] Error : -196608(eVOLNOTMOUNTED_RDSM) in EduBtM_FetchNext.c:111
[PID=110717][Fri Apr 28 04:54:45 2017] Error : -196608(eVOLNOTMOUNTED_RDSM) in EduBtM_Test.c:370
[PID=110717][Fri Apr 28 04:54:45 2017] Error : -589829(eNOLOGGEDTRANSACTION_RM) in RM_Transaction.c:311
[PID=110717][Fri Apr 28 04:54:45 2017] Error : -589829(eNOLOGGEDTRANSACTION_RM) in SM_Transaction.c:258
[PID=110717][Fri Apr 28 04:54:45 2017] Error : -589829(eNOLOGGEDTRANSACTION_RM) in SM_ThinLayer.c:761
[PID=110717][Fri Apr 28 04:54:45 2017] Error : -589829(eNOLOGGEDTRANSACTION_RM) in LRDS_Transaction.c:133
[PID=110750][Fri Apr 28 04:58:21 2017] Error : -196608(eVOLNOTMOUNTED_RDSM) in RDsM_ReadTrain.c:90
[PID=110750][Fri Apr 28 04:58:21 2017] Error : -196608(eVOLNOTMOUNTED_RDSM) in bfm_ReadTrain.c:90
[PID=110750][Fri Apr 28 04:58:21 2017] Error : -196608(eVOLNOTMOUNTED_RDSM) in BfM_GetTrain.c:113
[PID=110750][Fri Apr 28 04:58:21 2017] Error : -196608(eVOLNOTMOUNTED_RDSM) in BtM_FetchNext.c:546
[PID=110750][Fri Apr 28 04:58:21 2017] Error : -196608(eVOLNOTMOUNTED_RDSM) in EduBtM_FetchNext.c:111
[PID=110750][Fri Apr 28 04:58:21 2017] Error : -196608(eVOLNOTMOUNTED_RDSM) in EduBtM_Test.c:370
[PID=110750][Fri Apr 28 04:58:21 2017] Error : -589829(eNOLOGGEDTRANSACTION_RM) in RM_Transaction.c:311
[PID=110750][Fri Apr 28 04:58:21 2017] Error : -589829(eNOLOGGEDTRANSACTION_RM) in SM_Transaction.c:258
[PID=110750][Fri Apr 28 04:58:21 2017] Error : -589829(eNOLOGGEDTRANSACTION_RM) in SM_ThinLayer.c:761
[PID=110750][Fri Apr 28 04:58:21 2017] Error : -589829(eNOLOGGEDTRANSACTION_RM) in LRDS_Transaction.c:133
[PID=110782][Fri Apr 28 04:59:51 2017] Error : -196608(eVOLNOTMOUNTED_RDSM) in RDsM_ReadTrain.c:90
[PID=110782][Fri Apr 28 04:59:51 2017] Error : -196608(eVOLNOTMOUNTED_RDSM) in bfm_ReadTrain.c:90
[PID=110782][Fri Apr 28 04:59:51 2017] Error : -196608(eVOLNOTMOUNTED_RDSM) in BfM_GetTrain.c:113
[PID=110782][Fri Apr 28 04:59:51 2017] Error : -196608(eVOLNOTMOUNTED_RDSM) in BtM_FetchNext.c:546
[PID=110782][Fri Apr 28 04:59:51 2017] Error : -196608(eVOLNOTMOUNTED_RDSM) in EduBtM_FetchNext.c:115
[PID=110782][Fri Apr 28 04:59:51 2017] Error : -196608(eVOLNOTMOUNTED_RDSM) in EduBtM_Test.c:370
[PID=110782][Fri Apr 28 04:59:51 2017] Error : -589829(eNOLOGGEDTRANSACTION_RM) in RM_Transaction.c:311
[PID=110782][Fri Apr 28 04:59:51 2017] Error : -589829(eNOLOGGEDTRANSACTION_RM) in SM_Transaction.c:258
[PID=110782][Fri Apr 28 04:59:51 2017] Error : -589829(eNOLOGGEDTRANSACTION_RM) in SM_ThinLayer.c:761
[PID=110782][Fri Apr 28 04:59:51 2017] Error : -589829(eNOLOGGEDTRANSACTION_RM) in LRDS_Transaction.c:133
[PID=110901][Fri Apr 28 05:13:12 2017] Error : -196608(eVOLNOTMOUNTED_RDSM) in RDsM_ReadTrain.c:90
[PID=110901][Fri Apr 28 05:13:12 2017] Error : -196608(eVOLNOTMOUNTED_RDSM) in bfm_ReadTrain.c:90
[PID=110901][Fri Apr 28 05:13:12 2017] Error : -196608(eVOLNOTMOUNTED_RDSM) in BfM_GetTrain.c:113
[PID=110901][Fri Apr 28 05:13:12 2017] Error : -196608(eVOLNOTMOUNTED_RDSM) in BtM_FetchNext.c:546
[PID=110901][Fri Apr 28 05:13:12 2017] Error : -196608(eVOLNOTMOUNTED_RDSM) in EduBtM_FetchNext.c:111
[PID=110901][Fri Apr 28 05:13:12 2017] Error : -196608(eVOLNOTMOUNTED_RDSM) in EduBtM_Test.c:370
[PID=110901][Fri Apr 28 05:13:12 2017] Error : -589829(eNOLOGGEDTRANSACTION_RM) in RM_Transaction.c:311
[PID=110901][Fri Apr 28 05:13:12 2017] Error : -589829(eNOLOGGEDTRANSACTION_RM) in SM_Transaction.c:258
[PID=110901][Fri Apr 28 05:13:12 2017] Error : -589829(eNOLOGGEDTRANSACTION_RM) in SM_ThinLayer.c:761
[PID=110901][Fri Apr 28 05:13:12 2017] Error : -589829(eNOLOGGEDTRANSACTION_RM) in LRDS_Transaction.c:133
[PID=110918][Fri Apr 28 05:13:39 2017] Error : -196608(eVOLNOTMOUNTED_RDSM) in RDsM_ReadTrain.c:90
[PID=110918][Fri Apr 28 05:13:39 2017] Error : -196608(eVOLNOTMOUNTED_RDSM) in bfm_ReadTrain.c:90
[PID=110918][Fri Apr 28 05:13:39 2017] Error : -196608(eVOLNOTMOUNTED_RDSM) in BfM_GetTrain.c:113
[PID=110918][Fri Apr 28 05:13:39 2017] Error : -196608(eVOLNOTMOUNTED_RDSM) in BtM_FetchNext.c:546
[PID=110918][Fri Apr 28 05:13:39 2017] Error : -196608(eVOLNOTMOUNTED_RDSM) in EduBtM_FetchNext.c:111
[PID=110918][Fri Apr 28 05:13:39 2017] Error : -196608(eVOLNOTMOUNTED_RDSM) in EduBtM_Test.c:370
[PID=110918][Fri Apr 28 05:13:39 2017] Error : -589829(eNOLOGGEDTRANSACTION_RM) in RM_Transaction.c:311
[PID=110918][Fri Apr 28 05:13:39 2017] Error : -589829(eNOLOGGEDTRANSACTION_RM) in SM_Transaction.c:258
[PID=110918][Fri Apr 28 05:13:39 2017] Error : -589829(eNOLOGGEDTRANSACTION_RM) in SM_ThinLayer.c:761
[PID=110918][Fri Apr 28 05:13:39 2017] Error : -589829(eNOLOGGEDTRANSACTION_RM) in LRDS_Transaction.c:133
[PID=110955][Fri Apr 28 05:16:55 2017] Error : -196608(eVOLNOTMOUNTED_RDSM) in RDsM_ReadTrain.c:90
[PID=110955][Fri Apr 28 05:16:55 2017] Error : -196608(eVOLNOTMOUNTED_RDSM) in bfm_ReadTrain.c:90
[PID=110955][Fri Apr 28 05:16:55 2017] Error : -196608(eVOLNOTMOUNTED_RDSM) in BfM_GetTrain.c:113
[PID=110955][Fri Apr 28 05:16:55 2017] Error : -196608(eVOLNOTMOUNTED_RDSM) in BtM_FetchNext.c:546
[PID=110955][Fri Apr 28 05:16:55 2017] Error : -196608(eVOLNOTMOUNTED_RDSM) in EduBtM_FetchNext.c:111
[PID=110955][Fri Apr 28 05:16:55 2017] Error : -196608(eVOLNOTMOUNTED_RDSM) in EduBtM_Test.c:370
[PID=110955][Fri Apr 28 05:16:55 2017] Error : -589829(eNOLOGGEDTRANSACTION_RM) in RM_Transaction.c:311
[PID=110955][Fri Apr 28 05:16:55 2017] Error : -589829(eNOLOGGEDTRANSACTION_RM) in SM_Transaction.c:258
[PID=110955][Fri Apr 28 05:16:55 2017] Error : -589829(eNOLOGGEDTRANSACTION_RM) in SM_ThinLayer.c:761
[PID=110955][Fri Apr 28 05:16:55 2017] Error : -589829(eNOLOGGEDTRANSACTION_RM) in LRDS_Transaction.c:133
[PID=111035][Fri Apr 28 05:25:23 2017] Error : -196608(eVOLNOTMOUNTED_RDSM) in RDsM_ReadTrain.c:90
[PID=111035][Fri Apr 28 05:25:23 2017] Error : -196608(eVOLNOTMOUNTED_RDSM) in bfm_ReadTrain.c:90
[PID=111035][Fri Apr 28 05:25:23 2017] Error : -196608(eVOLNOTMOUNTED_RDSM) in BfM_GetTrain.c:113
[PID=111035][Fri Apr 28 05:25:23 2017] Error : -196608(eVOLNOTMOUNTED_RDSM) in BtM_FetchNext.c:546
[PID=111035][Fri Apr 28 05:25:23 2017] Error : -196608(eVOLNOTMOUNTED_RDSM) in EduBtM_FetchNext.c:111
[PID=111035][Fri Apr 28 05:25:23 2017] Error : -196608(eVOLNOTMOUNTED_RDSM) in EduBtM_Test.c:370
[PID=111035][Fri Apr 28 05:25:23 2017] Error : -589829(eNOLOGGEDTRANSACTION_RM) in RM_Transaction.c:311
[PID=111035][Fri Apr 28 05:25:23 2017] Error : -589829(eNOLOGGEDTRANSACTION_RM) in SM_Transaction.c:258
[PID=111035][Fri Apr 28 05:25:23 2017] Error : -589829(eNOLOGGEDTRANSACTION_RM) in SM_ThinLayer.c:761
[PID=111035][Fri Apr 28 05:25:23 2017] Error : -589829(eNOLOGGEDTRANSACTION_RM) in LRDS_Transaction.c:133
[PID=111748][Fri Apr 28 10:07:53 2017] Error : -196608(eVOLNOTMOUNTED_RDSM) in RDsM_ReadTrain.c:90
[PID=111748][Fri Apr 28 10:07:53 2017] Error : -196608(eVOLNOTMOUNTED_RDSM) in bfm_ReadTrain.c:90
[PID=111748][Fri Apr 28 10:07:53 2017] Error : -196608(eVOLNOTMOUNTED_RDSM) in BfM_GetTrain.c:113
[PID=111748][Fri Apr 28 10:07:53 2017] Error : -196608(eVOLNOTMOUNTED_RDSM) in BtM_FetchNext.c:546
[PID=111748][Fri Apr 28 10:07:53 2017] Error : -196608(eVOLNOTMOUNTED_RDSM) in EduBtM_FetchNext.c:111
[PID=111748][Fri Apr 28 10:07:53 2017] Error : -196608(eVOLNOTMOUNTED_RDSM) in EduBtM_Test.c:370
[PID=111748][Fri Apr 28 10:07:53 2017] Error : -589829(eNOLOGGEDTRANSACTION_RM) in RM_Transaction.c:311
[PID=111748][Fri Apr 28 10:07:53 2017] Error : -589829(eNOLOGGEDTRANSACTION_RM) in SM_Transaction.c:258
[PID=111748][Fri Apr 28 10:07:53 2017] Error : -589829(eNOLOGGEDTRANSACTION_RM) in SM_ThinLayer.c:761
[PID=111748][Fri Apr 28 10:07:53 2017] Error : -589829(eNOLOGGEDTRANSACTION_RM) in LRDS_Transaction.c:133
[PID=111776][Fri Apr 28 10:11:38 2017] Error : -196608(eVOLNOTMOUNTED_RDSM) in RDsM_ReadTrain.c:90
[PID=111776][Fri Apr 28 10:11:38 2017] Error : -196608(eVOLNOTMOUNTED_RDSM) in bfm_ReadTrain.c:90
[PID=111776][Fri Apr 28 10:11:38 2017] Error : -196608(eVOLNOTMOUNTED_RDSM) in BfM_GetTrain.c:113
[PID=111776][Fri Apr 28 10:11:38 2017] Error : -196608(eVOLNOTMOUNTED_RDSM) in BtM_FetchNext.c:546
[PID=111776][Fri Apr 28 10:11:38 2017] Error : -196608(eVOLNOTMOUNTED_RDSM) in EduBtM_FetchNext.c:111
[PID=111776][Fri Apr 28 10:11:38 2017] Error : -196608(eVOLNOTMOUNTED_RDSM) in EduBtM_Test.c:370
[PID=111776][Fri Apr 28 10:11:38 2017] Error : -589829(eNOLOGGEDTRANSACTION_RM) in RM_Transaction.c:311
[PID=111776][Fri Apr 28 10:11:38 2017] Error : -589829(eNOLOGGEDTRANSACTION_RM) in SM_Transaction.c:258
[PID=111776][Fri Apr 28 10:11:38 2017] Error : -589829(eNOLOGGEDTRANSACTION_RM) in SM_ThinLayer.c:761
[PID=111776][Fri Apr 28 10:11:38 2017] Error : -589829(eNOLOGGEDTRANSACTION_RM) in LRDS_Transaction.c:133
[PID=111813][Fri Apr 28 10:13:17 2017] Error : -196608(eVOLNOTMOUNTED_RDSM) in RDsM_ReadTrain.c:90
[PID=111813][Fri Apr 28 10:13:17 2017] Error : -196608(eVOLNOTMOUNTED_RDSM) in bfm_ReadTrain.c:90
[PID=111813][Fri Apr 28 10:13:17 2017] Error : -196608(eVOLNOTMOUNTED_RDSM) in BfM_GetTrain.c:113
[PID=111813][Fri Apr 28 10:13:17 2017] Error : -196608(eVOLNOTMOUNTED_RDSM) in BtM_FetchNext.c:546
[PID=111813][Fri Apr 28 10:13:17 2017] Error : -196608(eVOLNOTMOUNTED_RDSM) in EduBtM_FetchNext.c:111
[PID=111813][Fri Apr 28 10:13:17 2017] Error : -196608(eVOLNOTMOUNTED_RDSM) in EduBtM_Test.c:370
[PID=111813][Fri Apr 28 10:13:17 2017] Error : -589829(eNOLOGGEDTRANSACTION_RM) in RM_Transaction.c:311
[PID=111813][Fri Apr 28 10:13:17 2017] Error : -589829(eNOLOGGEDTRANSACTION_RM) in SM_Transaction.c:258
[PID=111813][Fri Apr 28 10:13:17 2017] Error : -589829(eNOLOGGEDTRANSACTION_RM) in SM_ThinLayer.c:761
[PID=111813][Fri Apr 28 10:13:17 2017] Error : -589829(eNOLOGGEDTRANSACTION_RM) in LRDS_Transaction.c:133
[PID=111825][Fri Apr 28 10:13:39 2017] Error : -196608(eVOLNOTMOUNTED_RDSM) in RDsM_ReadTrain.c:90
[PID=111825][Fri Apr 28 10:13:39 2017] Error : -196608(eVOLNOTMOUNTED_RDSM) in bfm_ReadTrain.c:90
[PID=111825][Fri Apr 28 10:13:39 2017] Error : -196608(eVOLNOTMOUNTED_RDSM) in BfM_GetTrain.c:113
[PID=111825][Fri Apr 28 10:13:39 2017] Error : -196608(eVOLNOTMOUNTED_RDSM) in BtM_FetchNext.c:546
[PID=111825][Fri Apr 28 10:13:39 2017] Error : -196608(eVOLNOTMOUNTED_RDSM) in EduBtM_FetchNext.c:111
[PID=111825][Fri Apr 28 10:13:39 2017] Error : -196608(eVOLNOTMOUNTED_RDSM) in EduBtM_Test.c:370
[PID=111825][Fri Apr 28 10:13:39 2017] Error : -589829(eNOLOGGEDTRANSACTION_RM) in RM_Transaction.c:311
[PID=111825][Fri Apr 28 10:13:39 2017] Error : -589829(eNOLOGGEDTRANSACTION_RM) in SM_Transaction.c:258
[PID=111825][Fri Apr 28 10:13:39 2017] Error : -589829(eNOLOGGEDTRANSACTION_RM) in SM_ThinLayer.c:761
[PID=111825][Fri Apr 28 10:13:39 2017] Error : -589829(eNOLOGGEDTRANSACTION_RM) in LRDS_Transaction.c:133
[PID=111846][Fri Apr 28 10:14:16 2017] Error : -196608(eVOLNOTMOUNTED_RDSM) in RDsM_ReadTrain.c:90
[PID=111846][Fri Apr 28 10:14:16 2017] Error : -196608(eVOLNOTMOUNTED_RDSM) in bfm_ReadTrain.c:90
[PID=111846][Fri Apr 28 10:14:16 2017] Error : -196608(eVOLNOTMOUNTED_RDSM) in BfM_GetTrain.c:113
[PID=111846][Fri Apr 28 10:14:16 2017] Error : -196608(eVOLNOTMOUNTED_RDSM) in BtM_FetchNext.c:546
[PID=111846][Fri Apr 28 10:14:16 2017] Error : -196608(eVOLNOTMOUNTED_RDSM) in EduBtM_FetchNext.c:111
[PID=111846][Fri Apr 28 10:14:16 2017] Error : -196608(eVOLNOTMOUNTED_RDSM) in EduBtM_Test.c:370
[PID=111846][Fri Apr 28 10:14:16 2017] Error : -589829(eNOLOGGEDTRANSACTION_RM) in RM_Transaction.c:311
[PID=111846][Fri Apr 28 10:14:16 2017] Error : -589829(eNOLOGGEDTRANSACTION_RM) in SM_Transaction.c:258
[PID=111846][Fri Apr 28 10:14:16 2017] Error : -589829(eNOLOGGEDTRANSACTION_RM) in SM_ThinLayer.c:761
[PID=111846][Fri Apr 28 10:14:16 2017] Error : -589829(eNOLOGGEDTRANSACTION_RM) in LRDS_Transaction.c:133
[PID=111932][Fri Apr 28 10:24:35 2017] Error : -196608(eVOLNOTMOUNTED_RDSM) in RDsM_ReadTrain.c:90
[PID=111932][Fri Apr 28 10:24:35 2017] Error : -196608(eVOLNOTMOUNTED_RDSM) in bfm_ReadTrain.c:90
[PID=111932][Fri Apr 28 10:24:35 2017] Error : -196608(eVOLNOTMOUNTED_RDSM) in BfM_GetTrain.c:113
[PID=111932][Fri Apr 28 10:24:35 2017] Error : -196608(eVOLNOTMOUNTED_RDSM) in BtM_FetchNext.c:546
[PID=111932][Fri Apr 28 10:24:35 2017] Error : -196608(eVOLNOTMOUNTED_RDSM) in EduBtM_FetchNext.c:111
[PID=111932][Fri Apr 28 10:24:35 2017] Error : -196608(eVOLNOTMOUNTED_RDSM) in EduBtM_Test.c:370
[PID=111932][Fri Apr 28 10:24:35 2017] Error : -589829(eNOLOGGEDTRANSACTION_RM) in RM_Transaction.c:311
[PID=111932][Fri Apr 28 10:24:35 2017] Error : -589829(eNOLOGGEDTRANSACTION_RM) in SM_Transaction.c:258
[PID=111932][Fri Apr 28 10:24:35 2017] Error : -589829(eNOLOGGEDTRANSACTION_RM) in SM_ThinLayer.c:761
[PID=111932][Fri Apr 28 10:24:35 2017] Error : -589829(eNOLOGGEDTRANSACTION_RM) in LRDS_Transaction.c:133
[PID=112039][Fri Apr 28 10:36:06 2017] Error : -196608(eVOLNOTMOUNTED_RDSM) in RDsM_ReadTrain.c:90
[PID=112039][Fri Apr 28 10:36:06 2017] Error : -196608(eVOLNOTMOUNTED_RDSM) in bfm_ReadTrain.c:90
[PID=112039][Fri Apr 28 10:36:06 2017] Error : -196608(eVOLNOTMOUNTED_RDSM) in BfM_GetTrain.c:113
[PID=112039][Fri Apr 28 10:36:06 2017] Error : -196608(eVOLNOTMOUNTED_RDSM) in BtM_FetchNext.c:546
[PID=112039][Fri Apr 28 10:36:06 2017] Error : -196608(eVOLNOTMOUNTED_RDSM) in EduBtM_FetchNext.c:111
[PID=112039][Fri Apr 28 10:36:06 2017] Error : -196608(eVOLNOTMOUNTED_RDSM) in EduBtM_Test.c:370
[PID=112039][Fri Apr 28 10:36:06 2017] Error : -589829(eNOLOGGEDTRANSACTION_RM) in RM_Transaction.c:311
[PID=112039][Fri Apr 28 10:36:06 2017] Error : -589829(eNOLOGGEDTRANSACTION_RM) in SM_Transaction.c:258
[PID=112039][Fri Apr 28 10:36:06 2017] Error : -589829(eNOLOGGEDTRANSACTION_RM) in SM_ThinLayer.c:761
[PID=112039][Fri Apr 28 10:36:06 2017] Error : -589829(eNOLOGGEDTRANSACTION_RM) in LRDS_Transaction.c:133
[PID=112041][Fri Apr 28 10:36:21 2017] Error : -196608(eVOLNOTMOUNTED_RDSM) in RDsM_ReadTrain.c:90
[PID=112041][Fri Apr 28 10:36:21 2017] Error : -196608(eVOLNOTMOUNTED_RDSM) in bfm_ReadTrain.c:90
[PID=112041][Fri Apr 28 10:36:21 2017] Error : -196608(eVOLNOTMOUNTED_RDSM) in BfM_GetTrain.c:113
[PID=112041][Fri Apr 28 10:36:21 2017] Error : -196608(eVOLNOTMOUNTED_RDSM) in BtM_FetchNext.c:546
[PID=112041][Fri Apr 28 10:36:21 2017] Error : -196608(eVOLNOTMOUNTED_RDSM) in EduBtM_FetchNext.c:111
[PID=112041][Fri Apr 28 10:36:21 2017] Error : -196608(eVOLNOTMOUNTED_RDSM) in EduBtM_Test.c:370
[PID=112041][Fri Apr 28 10:36:21 2017] Error : -589829(eNOLOGGEDTRANSACTION_RM) in RM_Transaction.c:311
[PID=112041][Fri Apr 28 10:36:21 2017] Error : -589829(eNOLOGGEDTRANSACTION_RM) in SM_Transaction.c:258
[PID=112041][Fri Apr 28 10:36:21 2017] Error : -589829(eNOLOGGEDTRANSACTION_RM) in SM_ThinLayer.c:761
[PID=112041][Fri Apr 28 10:36:21 2017] Error : -589829(eNOLOGGEDTRANSACTION_RM) in LRDS_Transaction.c:133
[PID=112126][Fri Apr 28 10:46:26 2017] Error : -196608(eVOLNOTMOUNTED_RDSM) in RDsM_ReadTrain.c:90
[PID=112126][Fri Apr 28 10:46:26 2017] Error : -196608(eVOLNOTMOUNTED_RDSM) in bfm_ReadTrain.c:90
[PID=112126][Fri Apr 28 10:46:26 2017] Error : -196608(eVOLNOTMOUNTED_RDSM) in BfM_GetTrain.c:113
[PID=112126][Fri Apr 28 10:46:26 2017] Error : -196608(eVOLNOTMOUNTED_RDSM) in BtM_FetchNext.c:546
[PID=112126][Fri Apr 28 10:46:26 2017] Error : -196608(eVOLNOTMOUNTED_RDSM) in EduBtM_FetchNext.c:111
[PID=112126][Fri Apr 28 10:46:26 2017] Error : -196608(eVOLNOTMOUNTED_RDSM) in EduBtM_Test.c:370
[PID=112126][Fri Apr 28 10:46:26 2017] Error : -589829(eNOLOGGEDTRANSACTION_RM) in RM_Transaction.c:311
[PID=112126][Fri Apr 28 10:46:26 2017] Error : -589829(eNOLOGGEDTRANSACTION_RM) in SM_Transaction.c:258
[PID=112126][Fri Apr 28 10:46:26 2017] Error : -589829(eNOLOGGEDTRANSACTION_RM) in SM_ThinLayer.c:761
[PID=112126][Fri Apr 28 10:46:26 2017] Error : -589829(eNOLOGGEDTRANSACTION_RM) in LRDS_Transaction.c:133
[PID=112172][Fri Apr 28 10:49:11 2017] Error : -196608(eVOLNOTMOUNTED_RDSM) in RDsM_ReadTrain.c:90
[PID=112172][Fri Apr 28 10:49:11 2017] Error : -196608(eVOLNOTMOUNTED_RDSM) in bfm_ReadTrain.c:90
[PID=112172][Fri Apr 28 10:49:11 2017] Error : -196608(eVOLNOTMOUNTED_RDSM) in BfM_GetTrain.c:113
[PID=112172][Fri Apr 28 10:49:11 2017] Error : -196608(eVOLNOTMOUNTED_RDSM) in BtM_FetchNext.c:546
[PID=112172][Fri Apr 28 10:49:11 2017] Error : -196608(eVOLNOTMOUNTED_RDSM) in EduBtM_FetchNext.c:111
[PID=112172][Fri Apr 28 10:49:11 2017] Error : -196608(eVOLNOTMOUNTED_RDSM) in EduBtM_Test.c:370
[PID=112172][Fri Apr 28 10:49:11 2017] Error : -589829(eNOLOGGEDTRANSACTION_RM) in RM_Transaction.c:311
[PID=112172][Fri Apr 28 10:49:11 2017] Error : -589829(eNOLOGGEDTRANSACTION_RM) in SM_Transaction.c:258
[PID=112172][Fri Apr 28 10:49:11 2017] Error : -589829(eNOLOGGEDTRANSACTION_RM) in SM_ThinLayer.c:761
[PID=112172][Fri Apr 28 10:49:11 2017] Error : -589829(eNOLOGGEDTRANSACTION_RM) in LRDS_Transaction.c:133
[PID=112262][Fri Apr 28 11:03:29 2017] Error : -196608(eVOLNOTMOUNTED_RDSM) in RDsM_ReadTrain.c:90
[PID=112262][Fri Apr 28 11:03:29 2017] Error : -196608(eVOLNOTMOUNTED_RDSM) in bfm_ReadTrain.c:90
[PID=112262][Fri Apr 28 11:03:29 2017] Error : -196608(eVOLNOTMOUNTED_RDSM) in BfM_GetTrain.c:113
[PID=112262][Fri Apr 28 11:03:29 2017] Error : -196608(eVOLNOTMOUNTED_RDSM) in BtM_FetchNext.c:546
[PID=112262][Fri Apr 28 11:03:29 2017] Error : -196608(eVOLNOTMOUNTED_RDSM) in EduBtM_FetchNext.c:111
[PID=112262][Fri Apr 28 11:03:29 2017] Error : -196608(eVOLNOTMOUNTED_RDSM) in EduBtM_Test.c:370
[PID=112262][Fri Apr 28 11:03:29 2017] Error : -589829(eNOLOGGEDTRANSACTION_RM) in RM_Transaction.c:311
[PID=112262][Fri Apr 28 11:03:29 2017] Error : -589829(eNOLOGGEDTRANSACTION_RM) in SM_Transaction.c:258
[PID=112262][Fri Apr 28 11:03:29 2017] Error : -589829(eNOLOGGEDTRANSACTION_RM) in SM_ThinLayer.c:761
[PID=112262][Fri Apr 28 11:03:29 2017] Error : -589829(eNOLOGGEDTRANSACTION_RM) in LRDS_Transaction.c:133
[PID=112760][Fri Apr 28 16:55:09 2017] Error : -196608(eVOLNOTMOUNTED_RDSM) in RDsM_ReadTrain.c:90
[PID=112760][Fri Apr 28 16:55:09 2017] Error : -196608(eVOLNOTMOUNTED_RDSM) in bfm_ReadTrain.c:90
[PID=112760][Fri Apr 28 16:55:09 2017] Error : -196608(eVOLNOTMOUNTED_RDSM) in BfM_GetTrain.c:113
[PID=112760][Fri Apr 28 16:55:09 2017] Error : -196608(eVOLNOTMOUNTED_RDSM) in BtM_FetchNext.c:546
[PID=112760][Fri Apr 28 16:55:09 2017] Error : -196608(eVOLNOTMOUNTED_RDSM) in EduBtM_FetchNext.c:111
[PID=112760][Fri Apr 28 16:55:09 2017] Error : -196608(eVOLNOTMOUNTED_RDSM) in EduBtM_Test.c:370
[PID=112760][Fri Apr 28 16:55:09 2017] Error : -589829(eNOLOGGEDTRANSACTION_RM) in RM_Transaction.c:311
[PID=112760][Fri Apr 28 16:55:09 2017] Error : -589829(eNOLOGGEDTRANSACTION_RM) in SM_Transaction.c:258
[PID=112760][Fri Apr 28 16:55:09 2017] Error : -589829(eNOLOGGEDTRANSACTION_RM) in SM_ThinLayer.c:761
[PID=112760][Fri Apr 28 16:55:09 2017] Error : -589829(eNOLOGGEDTRANSACTION_RM) in LRDS_Transaction.c:133
[PID=112827][Fri Apr 28 17:05:23 2017] Error : -196608(eVOLNOTMOUNTED_RDSM) in RDsM_ReadTrain.c:90
[PID=112827][Fri Apr 28 17:05:23 2017] Error : -196608(eVOLNOTMOUNTED_RDSM) in bfm_ReadTrain.c:90
[PID=112827][Fri Apr 28 17:05:23 2017] Error : -196608(eVOLNOTMOUNTED_RDSM) in BfM_GetTrain.c:113
[PID=112827][Fri Apr 28 17:05:23 2017] Error : -196608(eVOLNOTMOUNTED_RDSM) in BtM_FetchNext.c:546
[PID=112827][Fri Apr 28 17:05:23 2017] Error : -196608(eVOLNOTMOUNTED_RDSM) in EduBtM_FetchNext.c:111
[PID=112827][Fri Apr 28 17:05:23 2017] Error : -196608(eVOLNOTMOUNTED_RDSM) in EduBtM_Test.c:370
[PID=112827][Fri Apr 28 17:05:23 2017] Error : -589829(eNOLOGGEDTRANSACTION_RM) in RM_Transaction.c:311
[PID=112827][Fri Apr 28 17:05:23 2017] Error : -589829(eNOLOGGEDTRANSACTION_RM) in SM_Transaction.c:258
[PID=112827][Fri Apr 28 17:05:23 2017] Error : -589829(eNOLOGGEDTRANSACTION_RM) in SM_ThinLayer.c:761
[PID=112827][Fri Apr 28 17:05:23 2017] Error : -589829(eNOLOGGEDTRANSACTION_RM) in LRDS_Transaction.c:133
[PID=112897][Fri Apr 28 17:12:51 2017] Error : -196608(eVOLNOTMOUNTED_RDSM) in RDsM_ReadTrain.c:90
[PID=112897][Fri Apr 28 17:12:51 2017] Error : -196608(eVOLNOTMOUNTED_RDSM) in bfm_ReadTrain.c:90
[PID=112897][Fri Apr 28 17:12:51 2017] Error : -196608(eVOLNOTMOUNTED_RDSM) in BfM_GetTrain.c:113
[PID=112897][Fri Apr 28 17:12:51 2017] Error : -196608(eVOLNOTMOUNTED_RDSM) in BtM_FetchNext.c:546
[PID=112897][Fri Apr 28 17:12:51 2017] Error : -196608(eVOLNOTMOUNTED_RDSM) in EduBtM_FetchNext.c:111
[PID=112897][Fri Apr 28 17:12:51 2017] Error : -196608(eVOLNOTMOUNTED_RDSM) in EduBtM_Test.c:370
[PID=112897][Fri Apr 28 17:12:51 2017] Error : -589829(eNOLOGGEDTRANSACTION_RM) in RM_Transaction.c:311
[PID=112897][Fri Apr 28 17:12:51 2017] Error : -589829(eNOLOGGEDTRANSACTION_RM) in SM_Transaction.c:258
[PID=112897][Fri Apr 28 17:12:51 2017] Error : -589829(eNOLOGGEDTRANSACTION_RM) in SM_ThinLayer.c:761
[PID=112897][Fri Apr 28 17:12:51 2017] Error : -589829(eNOLOGGEDTRANSACTION_RM) in LRDS_Transaction.c:133
[PID=112914][Fri Apr 28 17:13:18 2017] Error : -196608(eVOLNOTMOUNTED_RDSM) in RDsM_ReadTrain.c:90
[PID=112914][Fri Apr 28 17:13:18 2017] Error : -196608(eVOLNOTMOUNTED_RDSM) in bfm_ReadTrain.c:90
[PID=112914][Fri Apr 28 17:13:18 2017] Error : -196608(eVOLNOTMOUNTED_RDSM) in BfM_GetTrain.c:113
[PID=112914][Fri Apr 28 17:13:18 2017] Error : -196608(eVOLNOTMOUNTED_RDSM) in BtM_FetchNext.c:546
[PID=112914][Fri Apr 28 17:13:18 2017] Error : -196608(eVOLNOTMOUNTED_RDSM) in EduBtM_FetchNext.c:111
[PID=112914][Fri Apr 28 17:13:18 2017] Error : -196608(eVOLNOTMOUNTED_RDSM) in EduBtM_Test.c:370
[PID=112914][Fri Apr 28 17:13:18 2017] Error : -589829(eNOLOGGEDTRANSACTION_RM) in RM_Transaction.c:311
[PID=112914][Fri Apr 28 17:13:18 2017] Error : -589829(eNOLOGGEDTRANSACTION_RM) in SM_Transaction.c:258
[PID=112914][Fri Apr 28 17:13:18 2017] Error : -589829(eNOLOGGEDTRANSACTION_RM) in SM_ThinLayer.c:761
[PID=112914][Fri Apr 28 17:13:18 2017] Error : -589829(eNOLOGGEDTRANSACTION_RM) in LRDS_Transaction.c:133
[PID=112940][Fri Apr 28 17:15:21 2017] Error : -196608(eVOLNOTMOUNTED_RDSM) in RDsM_ReadTrain.c:90
[PID=112940][Fri Apr 28 17:15:21 2017] Error : -196608(eVOLNOTMOUNTED_RDSM) in bfm_ReadTrain.c:90
[PID=112940][Fri Apr 28 17:15:21 2017] Error : -196608(eVOLNOTMOUNTED_RDSM) in BfM_GetTrain.c:113
[PID=112940][Fri Apr 28 17:15:21 2017] Error : -196608(eVOLNOTMOUNTED_RDSM) in BtM_FetchNext.c:546
[PID=112940][Fri Apr 28 17:15:21 2017] Error : -196608(eVOLNOTMOUNTED_RDSM) in EduBtM_FetchNext.c:111
[PID=112940][Fri Apr 28 17:15:21 2017] Error : -196608(eVOLNOTMOUNTED_RDSM) in EduBtM_Test.c:370
[PID=112940][Fri Apr 28 17:15:21 2017] Error : -589829(eNOLOGGEDTRANSACTION_RM) in RM_Transaction.c:311
[PID=112940][Fri Apr 28 17:15:21 2017] Error : -589829(eNOLOGGEDTRANSACTION_RM) in SM_Transaction.c:258
[PID=112940][Fri Apr 28 17:15:21 2017] Error : -589829(eNOLOGGEDTRANSACTION_RM) in SM_ThinLayer.c:761
[PID=112940][Fri Apr 28 17:15:21 2017] Error : -589829(eNOLOGGEDTRANSACTION_RM) in LRDS_Transaction.c:133
[PID=113067][Fri Apr 28 17:22:07 2017] Error : -196608(eVOLNOTMOUNTED_RDSM) in RDsM_ReadTrain.c:90
[PID=113067][Fri Apr 28 17:22:07 2017] Error : -196608(eVOLNOTMOUNTED_RDSM) in bfm_ReadTrain.c:90
[PID=113067][Fri Apr 28 17:22:07 2017] Error : -196608(eVOLNOTMOUNTED_RDSM) in BfM_GetTrain.c:113
[PID=113067][Fri Apr 28 17:22:07 2017] Error : -196608(eVOLNOTMOUNTED_RDSM) in BtM_FetchNext.c:546
[PID=113067][Fri Apr 28 17:22:07 2017] Error : -196608(eVOLNOTMOUNTED_RDSM) in EduBtM_FetchNext.c:111
[PID=113067][Fri Apr 28 17:22:07 2017] Error : -196608(eVOLNOTMOUNTED_RDSM) in EduBtM_Test.c:370
[PID=113067][Fri Apr 28 17:22:07 2017] Error : -589829(eNOLOGGEDTRANSACTION_RM) in RM_Transaction.c:311
[PID=113067][Fri Apr 28 17:22:07 2017] Error : -589829(eNOLOGGEDTRANSACTION_RM) in SM_Transaction.c:258
[PID=113067][Fri Apr 28 17:22:07 2017] Error : -589829(eNOLOGGEDTRANSACTION_RM) in SM_ThinLayer.c:761
[PID=113067][Fri Apr 28 17:22:07 2017] Error : -589829(eNOLOGGEDTRANSACTION_RM) in LRDS_Transaction.c:133
[PID=113107][Fri Apr 28 17:25:36 2017] Error : -196608(eVOLNOTMOUNTED_RDSM) in RDsM_ReadTrain.c:90
[PID=113107][Fri Apr 28 17:25:36 2017] Error : -196608(eVOLNOTMOUNTED_RDSM) in bfm_ReadTrain.c:90
[PID=113107][Fri Apr 28 17:25:36 2017] Error : -196608(eVOLNOTMOUNTED_RDSM) in BfM_GetTrain.c:113
[PID=113107][Fri Apr 28 17:25:36 2017] Error : -196608(eVOLNOTMOUNTED_RDSM) in BtM_FetchNext.c:546
[PID=113107][Fri Apr 28 17:25:36 2017] Error : -196608(eVOLNOTMOUNTED_RDSM) in EduBtM_FetchNext.c:111
[PID=113107][Fri Apr 28 17:25:36 2017] Error : -196608(eVOLNOTMOUNTED_RDSM) in EduBtM_Test.c:371
[PID=113107][Fri Apr 28 17:25:36 2017] Error : -589829(eNOLOGGEDTRANSACTION_RM) in RM_Transaction.c:311
[PID=113107][Fri Apr 28 17:25:36 2017] Error : -589829(eNOLOGGEDTRANSACTION_RM) in SM_Transaction.c:258
[PID=113107][Fri Apr 28 17:25:36 2017] Error : -589829(eNOLOGGEDTRANSACTION_RM) in SM_ThinLayer.c:761
[PID=113107][Fri Apr 28 17:25:36 2017] Error : -589829(eNOLOGGEDTRANSACTION_RM) in LRDS_Transaction.c:133
[PID=114986][Fri Apr 28 21:19:34 2017] Error : -458758(eDUPLICATEDKEY_BTM) in edubtm_Insert.c:166
[PID=114986][Fri Apr 28 21:19:34 2017] Error : -458758(eDUPLICATEDKEY_BTM) in edubtm_Insert.c:147
[PID=114986][Fri Apr 28 21:19:34 2017] Error : -458758(eDUPLICATEDKEY_BTM) in EduBtM_InsertObject.c:101
[PID=120229][Sat Apr 29 11:52:55 2017] Error : -458758(eDUPLICATEDKEY_BTM) in edubtm_Insert.c:166
[PID=120229][Sat Apr 29 11:52:55 2017] Error : -458758(eDUPLICATEDKEY_BTM) in edubtm_Insert.c:147
[PID=120229][Sat Apr 29 11:52:55 2017] Error : -458758(eDUPLICATEDKEY_BTM) in EduBtM_InsertObject.c:101
[PID=120229][Sat Apr 29 11:54:07 2017] Error : -262149(eFLUSHFIXEDBUF_BFM) in BfM_Dismount.c:110
[PID=120229][Sat Apr 29 11:54:07 2017] Error : -262149(eFLUSHFIXEDBUF_BFM) in SM_Dismount.c:104
[PID=120229][Sat Apr 29 11:54:07 2017] Error : -262149(eFLUSHFIXEDBUF_BFM) in LRDS_Dismount.c:246
[PID=120229][Sat Apr 29 11:54:07 2017] Error : -262149(eFLUSHFIXEDBUF_BFM) in LRDS_Dismount.c:143
[PID=121279][Sat Apr 29 13:27:37 2017] Error : -458753(eBADBTREEPAGE_BTM) in EduBtM_Test.c:865
[PID=121563][Sat Apr 29 13:51:12 2017] Error : -331040788(Invalid error code) in edubtm_Insert.c:260
[PID=121563][Sat Apr 29 13:51:12 2017] Error : -331040788(Invalid error code) in edubtm_Insert.c:166
[PID=121563][Sat Apr 29 13:51:12 2017] Error : -331040788(Invalid error code) in edubtm_Insert.c:147
[PID=121563][Sat Apr 29 13:51:12 2017] Error : -331040788(Invalid error code) in EduBtM_InsertObject.c:101
[PID=121563][Sat Apr 29 13:51:12 2017] Error : -331040788(Invalid error code) in EduBtM_Test.c:544
[PID=121563][Sat Apr 29 13:51:12 2017] Error : -589829(eNOLOGGEDTRANSACTION_RM) in RM_Transaction.c:311
[PID=121563][Sat Apr 29 13:51:12 2017] Error : -589829(eNOLOGGEDTRANSACTION_RM) in SM_Transaction.c:258
[PID=121563][Sat Apr 29 13:51:12 2017] Error : -589829(eNOLOGGEDTRANSACTION_RM) in SM_ThinLayer.c:761
[PID=121563][Sat Apr 29 13:51:12 2017] Error : -589829(eNOLOGGEDTRANSACTION_RM) in LRDS_Transaction.c:133
[PID=121727][Sat Apr 29 14:05:17 2017] Error : -588023828(Invalid error code) in edubtm_Insert.c:260
[PID=121727][Sat Apr 29 14:05:17 2017] Error : -588023828(Invalid error code) in edubtm_Insert.c:166
[PID=121727][Sat Apr 29 14:05:17 2017] Error : -588023828(Invalid error code) in edubtm_Insert.c:147
[PID=121727][Sat Apr 29 14:05:17 2017] Error : -588023828(Invalid error code) in EduBtM_InsertObject.c:101
[PID=121727][Sat Apr 29 14:05:17 2017] Error : -588023828(Invalid error code) in EduBtM_Test.c:544
[PID=121727][Sat Apr 29 14:05:17 2017] Error : -589829(eNOLOGGEDTRANSACTION_RM) in RM_Transaction.c:311
[PID=121727][Sat Apr 29 14:05:17 2017] Error : -589829(eNOLOGGEDTRANSACTION_RM) in SM_Transaction.c:258
[PID=121727][Sat Apr 29 14:05:17 2017] Error : -589829(eNOLOGGEDTRANSACTION_RM) in SM_ThinLayer.c:761
[PID=121727][Sat Apr 29 14:05:17 2017] Error : -589829(eNOLOGGEDTRANSACTION_RM) in LRDS_Transaction.c:133
[PID=121737][Sat Apr 29 14:05:38 2017] Error : -798566420(Invalid error code) in edubtm_Insert.c:260
[PID=121737][Sat Apr 29 14:05:38 2017] Error : -798566420(Invalid error code) in edubtm_Insert.c:166
[PID=121737][Sat Apr 29 14:05:38 2017] Error : -798566420(Invalid error code) in edubtm_Insert.c:147
[PID=121737][Sat Apr 29 14:05:38 2017] Error : -798566420(Invalid error code) in EduBtM_InsertObject.c:101
[PID=121737][Sat Apr 29 14:05:38 2017] Error : -798566420(Invalid error code) in EduBtM_Test.c:544
[PID=121737][Sat Apr 29 14:05:38 2017] Error : -589829(eNOLOGGEDTRANSACTION_RM) in RM_Transaction.c:311
[PID=121737][Sat Apr 29 14:05:38 2017] Error : -589829(eNOLOGGEDTRANSACTION_RM) in SM_Transaction.c:258
[PID=121737][Sat Apr 29 14:05:38 2017] Error : -589829(eNOLOGGEDTRANSACTION_RM) in SM_ThinLayer.c:761
[PID=121737][Sat Apr 29 14:05:38 2017] Error : -589829(eNOLOGGEDTRANSACTION_RM) in LRDS_Transaction.c:133
[PID=121748][Sat Apr 29 14:05:48 2017] Error : -112408596(Invalid error code) in edubtm_Insert.c:260
[PID=121748][Sat Apr 29 14:05:48 2017] Error : -112408596(Invalid error code) in edubtm_Insert.c:166
[PID=121748][Sat Apr 29 14:05:48 2017] Error : -112408596(Invalid error code) in edubtm_Insert.c:147
[PID=121748][Sat Apr 29 14:05:48 2017] Error : -112408596(Invalid error code) in EduBtM_InsertObject.c:101
[PID=121748][Sat Apr 29 14:05:48 2017] Error : -112408596(Invalid error code) in EduBtM_Test.c:544
[PID=121748][Sat Apr 29 14:05:48 2017] Error : -589829(eNOLOGGEDTRANSACTION_RM) in RM_Transaction.c:311
[PID=121748][Sat Apr 29 14:05:48 2017] Error : -589829(eNOLOGGEDTRANSACTION_RM) in SM_Transaction.c:258
[PID=121748][Sat Apr 29 14:05:48 2017] Error : -589829(eNOLOGGEDTRANSACTION_RM) in SM_ThinLayer.c:761
[PID=121748][Sat Apr 29 14:05:48 2017] Error : -589829(eNOLOGGEDTRANSACTION_RM) in LRDS_Transaction.c:133
[PID=121830][Sat Apr 29 14:06:50 2017] Error : -1437247508(Invalid error code) in edubtm_Insert.c:260
[PID=121830][Sat Apr 29 14:06:50 2017] Error : -1437247508(Invalid error code) in edubtm_Insert.c:166
[PID=121830][Sat Apr 29 14:06:50 2017] Error : -1437247508(Invalid error code) in edubtm_Insert.c:147
[PID=121830][Sat Apr 29 14:06:50 2017] Error : -1437247508(Invalid error code) in EduBtM_InsertObject.c:101
[PID=121830][Sat Apr 29 14:06:50 2017] Error : -1437247508(Invalid error code) in EduBtM_Test.c:544
[PID=121830][Sat Apr 29 14:06:50 2017] Error : -589829(eNOLOGGEDTRANSACTION_RM) in RM_Transaction.c:311
[PID=121830][Sat Apr 29 14:06:50 2017] Error : -589829(eNOLOGGEDTRANSACTION_RM) in SM_Transaction.c:258
[PID=121830][Sat Apr 29 14:06:50 2017] Error : -589829(eNOLOGGEDTRANSACTION_RM) in SM_ThinLayer.c:761
[PID=121830][Sat Apr 29 14:06:50 2017] Error : -589829(eNOLOGGEDTRANSACTION_RM) in LRDS_Transaction.c:133
[PID=123206][Sat Apr 29 16:25:25 2017] Error : -1794410516(Invalid error code) in edubtm_Insert.c:260
[PID=123206][Sat Apr 29 16:25:25 2017] Error : -1794410516(Invalid error code) in edubtm_Insert.c:166
[PID=123206][Sat Apr 29 16:25:25 2017] Error : -1794410516(Invalid error code) in edubtm_Insert.c:147
[PID=123206][Sat Apr 29 16:25:25 2017] Error : -1794410516(Invalid error code) in EduBtM_InsertObject.c:101
[PID=123206][Sat Apr 29 16:25:25 2017] Error : -1794410516(Invalid error code) in EduBtM_Test.c:544
[PID=123206][Sat Apr 29 16:25:25 2017] Error : -589829(eNOLOGGEDTRANSACTION_RM) in RM_Transaction.c:311
[PID=123206][Sat Apr 29 16:25:25 2017] Error : -589829(eNOLOGGEDTRANSACTION_RM) in SM_Transaction.c:258
[PID=123206][Sat Apr 29 16:25:25 2017] Error : -589829(eNOLOGGEDTRANSACTION_RM) in SM_ThinLayer.c:761
[PID=123206][Sat Apr 29 16:25:25 2017] Error : -589829(eNOLOGGEDTRANSACTION_RM) in LRDS_Transaction.c:133
[PID=123232][Sat Apr 29 16:26:43 2017] Error : -844535828(Invalid error code) in edubtm_Insert.c:260
[PID=123232][Sat Apr 29 16:26:43 2017] Error : -844535828(Invalid error code) in edubtm_Insert.c:166
[PID=123232][Sat Apr 29 16:26:43 2017] Error : -844535828(Invalid error code) in edubtm_Insert.c:147
[PID=123232][Sat Apr 29 16:26:43 2017] Error : -844535828(Invalid error code) in EduBtM_InsertObject.c:101
[PID=123232][Sat Apr 29 16:26:43 2017] Error : -844535828(Invalid error code) in EduBtM_Test.c:544
[PID=123232][Sat Apr 29 16:26:43 2017] Error : -589829(eNOLOGGEDTRANSACTION_RM) in RM_Transaction.c:311
[PID=123232][Sat Apr 29 16:26:43 2017] Error : -589829(eNOLOGGEDTRANSACTION_RM) in SM_Transaction.c:258
[PID=123232][Sat Apr 29 16:26:43 2017] Error : -589829(eNOLOGGEDTRANSACTION_RM) in SM_ThinLayer.c:761
[PID=123232][Sat Apr 29 16:26:43 2017] Error : -589829(eNOLOGGEDTRANSACTION_RM) in LRDS_Transaction.c:133
[PID=123273][Sat Apr 29 16:31:23 2017] Error : -1934653460(Invalid error code) in edubtm_Insert.c:260
[PID=123273][Sat Apr 29 16:31:23 2017] Error : -1934653460(Invalid error code) in edubtm_Insert.c:166
[PID=123273][Sat Apr 29 16:31:23 2017] Error : -1934653460(Invalid error code) in edubtm_Insert.c:147
[PID=123273][Sat Apr 29 16:31:23 2017] Error : -1934653460(Invalid error code) in EduBtM_InsertObject.c:101
[PID=123273][Sat Apr 29 16:31:23 2017] Error : -1934653460(Invalid error code) in EduBtM_Test.c:544
[PID=123273][Sat Apr 29 16:31:23 2017] Error : -589829(eNOLOGGEDTRANSACTION_RM) in RM_Transaction.c:311
[PID=123273][Sat Apr 29 16:31:23 2017] Error : -589829(eNOLOGGEDTRANSACTION_RM) in SM_Transaction.c:258
[PID=123273][Sat Apr 29 16:31:23 2017] Error : -589829(eNOLOGGEDTRANSACTION_RM) in SM_ThinLayer.c:761
[PID=123273][Sat Apr 29 16:31:23 2017] Error : -589829(eNOLOGGEDTRANSACTION_RM) in LRDS_Transaction.c:133
[PID=123325][Sat Apr 29 16:35:27 2017] Error : -1947260948(Invalid error code) in edubtm_Insert.c:260
[PID=123325][Sat Apr 29 16:35:27 2017] Error : -1947260948(Invalid error code) in edubtm_Insert.c:166
[PID=123325][Sat Apr 29 16:35:27 2017] Error : -1947260948(Invalid error code) in edubtm_Insert.c:147
[PID=123325][Sat Apr 29 16:35:27 2017] Error : -1947260948(Invalid error code) in EduBtM_InsertObject.c:101
[PID=123325][Sat Apr 29 16:35:27 2017] Error : -1947260948(Invalid error code) in EduBtM_Test.c:544
[PID=123325][Sat Apr 29 16:35:27 2017] Error : -589829(eNOLOGGEDTRANSACTION_RM) in RM_Transaction.c:311
[PID=123325][Sat Apr 29 16:35:27 2017] Error : -589829(eNOLOGGEDTRANSACTION_RM) in SM_Transaction.c:258
[PID=123325][Sat Apr 29 16:35:27 2017] Error : -589829(eNOLOGGEDTRANSACTION_RM) in SM_ThinLayer.c:761
[PID=123325][Sat Apr 29 16:35:27 2017] Error : -589829(eNOLOGGEDTRANSACTION_RM) in LRDS_Transaction.c:133
[PID=123343][Sat Apr 29 16:35:58 2017] Error : -2057848852(Invalid error code) in edubtm_Insert.c:260
[PID=123343][Sat Apr 29 16:35:58 2017] Error : -2057848852(Invalid error code) in edubtm_Insert.c:166
[PID=123343][Sat Apr 29 16:35:58 2017] Error : -2057848852(Invalid error code) in edubtm_Insert.c:147
[PID=123343][Sat Apr 29 16:35:58 2017] Error : -2057848852(Invalid error code) in EduBtM_InsertObject.c:101
[PID=123343][Sat Apr 29 16:35:58 2017] Error : -2057848852(Invalid error code) in EduBtM_Test.c:544
[PID=123343][Sat Apr 29 16:35:58 2017] Error : -589829(eNOLOGGEDTRANSACTION_RM) in RM_Transaction.c:311
[PID=123343][Sat Apr 29 16:35:58 2017] Error : -589829(eNOLOGGEDTRANSACTION_RM) in SM_Transaction.c:258
[PID=123343][Sat Apr 29 16:35:58 2017] Error : -589829(eNOLOGGEDTRANSACTION_RM) in SM_ThinLayer.c:761
[PID=123343][Sat Apr 29 16:35:58 2017] Error : -589829(eNOLOGGEDTRANSACTION_RM) in LRDS_Transaction.c:133
[PID=123355][Sat Apr 29 16:36:18 2017] Error : -1850124308(Invalid error code) in edubtm_Insert.c:261
[PID=123355][Sat Apr 29 16:36:18 2017] Error : -1850124308(Invalid error code) in edubtm_Insert.c:166
[PID=123355][Sat Apr 29 16:36:18 2017] Error : -1850124308(Invalid error code) in edubtm_Insert.c:147
[PID=123355][Sat Apr 29 16:36:18 2017] Error : -1850124308(Invalid error code) in EduBtM_InsertObject.c:101
[PID=123355][Sat Apr 29 16:36:18 2017] Error : -1850124308(Invalid error code) in EduBtM_Test.c:544
[PID=123355][Sat Apr 29 16:36:18 2017] Error : -589829(eNOLOGGEDTRANSACTION_RM) in RM_Transaction.c:311
[PID=123355][Sat Apr 29 16:36:18 2017] Error : -589829(eNOLOGGEDTRANSACTION_RM) in SM_Transaction.c:258
[PID=123355][Sat Apr 29 16:36:18 2017] Error : -589829(eNOLOGGEDTRANSACTION_RM) in SM_ThinLayer.c:761
[PID=123355][Sat Apr 29 16:36:18 2017] Error : -589829(eNOLOGGEDTRANSACTION_RM) in LRDS_Transaction.c:133
[PID=123372][Sat Apr 29 16:36:56 2017] Error : -997476372(Invalid error code) in edubtm_Insert.c:260
[PID=123372][Sat Apr 29 16:36:56 2017] Error : -997476372(Invalid error code) in edubtm_Insert.c:166
[PID=123372][Sat Apr 29 16:36:56 2017] Error : -997476372(Invalid error code) in edubtm_Insert.c:147
[PID=123372][Sat Apr 29 16:36:56 2017] Error : -997476372(Invalid error code) in EduBtM_InsertObject.c:101
[PID=123372][Sat Apr 29 16:36:56 2017] Error : -997476372(Invalid error code) in EduBtM_Test.c:544
[PID=123372][Sat Apr 29 16:36:56 2017] Error : -589829(eNOLOGGEDTRANSACTION_RM) in RM_Transaction.c:311
[PID=123372][Sat Apr 29 16:36:56 2017] Error : -589829(eNOLOGGEDTRANSACTION_RM) in SM_Transaction.c:258
[PID=123372][Sat Apr 29 16:36:56 2017] Error : -589829(eNOLOGGEDTRANSACTION_RM) in SM_ThinLayer.c:761
[PID=123372][Sat Apr 29 16:36:56 2017] Error : -589829(eNOLOGGEDTRANSACTION_RM) in LRDS_Transaction.c:133
[PID=123518][Sat Apr 29 16:51:51 2017] Error : -1440376852(Invalid error code) in edubtm_Insert.c:263
[PID=123518][Sat Apr 29 16:51:51 2017] Error : -1440376852(Invalid error code) in edubtm_Insert.c:166
[PID=123518][Sat Apr 29 16:51:51 2017] Error : -1440376852(Invalid error code) in edubtm_Insert.c:147
[PID=123518][Sat Apr 29 16:51:51 2017] Error : -1440376852(Invalid error code) in EduBtM_InsertObject.c:101
[PID=123518][Sat Apr 29 16:51:51 2017] Error : -1440376852(Invalid error code) in EduBtM_Test.c:544
[PID=123518][Sat Apr 29 16:51:51 2017] Error : -589829(eNOLOGGEDTRANSACTION_RM) in RM_Transaction.c:311
[PID=123518][Sat Apr 29 16:51:51 2017] Error : -589829(eNOLOGGEDTRANSACTION_RM) in SM_Transaction.c:258
[PID=123518][Sat Apr 29 16:51:51 2017] Error : -589829(eNOLOGGEDTRANSACTION_RM) in SM_ThinLayer.c:761
[PID=123518][Sat Apr 29 16:51:51 2017] Error : -589829(eNOLOGGEDTRANSACTION_RM) in LRDS_Transaction.c:133
[PID=125245][Sun Apr 30 09:55:43 2017] Error : -458753(eBADBTREEPAGE_BTM) in EduBtM_Test.c:865
[PID=125526][Sun Apr 30 10:23:17 2017] Error : -1944725524(Invalid error code) in edubtm_Insert.c:263
[PID=125526][Sun Apr 30 10:23:17 2017] Error : -1944725524(Invalid error code) in edubtm_Insert.c:166
[PID=125526][Sun Apr 30 10:23:17 2017] Error : -1944725524(Invalid error code) in edubtm_Insert.c:147
[PID=125526][Sun Apr 30 10:23:17 2017] Error : -1944725524(Invalid error code) in EduBtM_InsertObject.c:101
[PID=125526][Sun Apr 30 10:23:17 2017] Error : -1944725524(Invalid error code) in EduBtM_Test.c:544
[PID=125526][Sun Apr 30 10:23:17 2017] Error : -589829(eNOLOGGEDTRANSACTION_RM) in RM_Transaction.c:311
[PID=125526][Sun Apr 30 10:23:17 2017] Error : -589829(eNOLOGGEDTRANSACTION_RM) in SM_Transaction.c:258
[PID=125526][Sun Apr 30 10:23:17 2017] Error : -589829(eNOLOGGEDTRANSACTION_RM) in SM_ThinLayer.c:761
[PID=125526][Sun Apr 30 10:23:17 2017] Error : -589829(eNOLOGGEDTRANSACTION_RM) in LRDS_Transaction.c:133
[PID=125626][Sun Apr 30 10:27:57 2017] Error : -51091476(Invalid error code) in edubtm_Insert.c:264
[PID=125626][Sun Apr 30 10:27:57 2017] Error : -51091476(Invalid error code) in edubtm_Insert.c:166
[PID=125626][Sun Apr 30 10:27:57 2017] Error : -51091476(Invalid error code) in edubtm_Insert.c:147
[PID=125626][Sun Apr 30 10:27:57 2017] Error : -51091476(Invalid error code) in EduBtM_InsertObject.c:101
[PID=125626][Sun Apr 30 10:27:57 2017] Error : -51091476(Invalid error code) in EduBtM_Test.c:544
[PID=125626][Sun Apr 30 10:27:57 2017] Error : -589829(eNOLOGGEDTRANSACTION_RM) in RM_Transaction.c:311
[PID=125626][Sun Apr 30 10:27:57 2017] Error : -589829(eNOLOGGEDTRANSACTION_RM) in SM_Transaction.c:258
[PID=125626][Sun Apr 30 10:27:57 2017] Error : -589829(eNOLOGGEDTRANSACTION_RM) in SM_ThinLayer.c:761
[PID=125626][Sun Apr 30 10:27:57 2017] Error : -589829(eNOLOGGEDTRANSACTION_RM) in LRDS_Transaction.c:133
[PID=125647][Sun Apr 30 10:28:12 2017] Error : -1500338120(Invalid error code) in edubtm_Insert.c:264
[PID=125647][Sun Apr 30 10:28:12 2017] Error : -1500338120(Invalid error code) in edubtm_Insert.c:166
[PID=125647][Sun Apr 30 10:28:12 2017] Error : -1500338120(Invalid error code) in edubtm_Insert.c:147
[PID=125647][Sun Apr 30 10:28:12 2017] Error : -1500338120(Invalid error code) in EduBtM_InsertObject.c:101
[PID=125647][Sun Apr 30 10:28:12 2017] Error : -1500338120(Invalid error code) in EduBtM_Test.c:544
[PID=125647][Sun Apr 30 10:28:12 2017] Error : -589829(eNOLOGGEDTRANSACTION_RM) in RM_Transaction.c:311
[PID=125647][Sun Apr 30 10:28:12 2017] Error : -589829(eNOLOGGEDTRANSACTION_RM) in SM_Transaction.c:258
[PID=125647][Sun Apr 30 10:28:12 2017] Error : -589829(eNOLOGGEDTRANSACTION_RM) in SM_ThinLayer.c:761
[PID=125647][Sun Apr 30 10:28:12 2017] Error : -589829(eNOLOGGEDTRANSACTION_RM) in LRDS_Transaction.c:133
[PID=125777][Sun Apr 30 10:41:38 2017] Error : -122898452(Invalid error code) in edubtm_Insert.c:265
[PID=125777][Sun Apr 30 10:41:38 2017] Error : -122898452(Invalid error code) in edubtm_Insert.c:166
[PID=125777][Sun Apr 30 10:41:38 2017] Error : -122898452(Invalid error code) in edubtm_Insert.c:147
[PID=125777][Sun Apr 30 10:41:38 2017] Error : -122898452(Invalid error code) in EduBtM_InsertObject.c:101
[PID=125777][Sun Apr 30 10:41:38 2017] Error : -122898452(Invalid error code) in EduBtM_Test.c:544
[PID=125777][Sun Apr 30 10:41:38 2017] Error : -589829(eNOLOGGEDTRANSACTION_RM) in RM_Transaction.c:311
[PID=125777][Sun Apr 30 10:41:38 2017] Error : -589829(eNOLOGGEDTRANSACTION_RM) in SM_Transaction.c:258
[PID=125777][Sun Apr 30 10:41:38 2017] Error : -589829(eNOLOGGEDTRANSACTION_RM) in SM_ThinLayer.c:761
[PID=125777][Sun Apr 30 10:41:38 2017] Error : -589829(eNOLOGGEDTRANSACTION_RM) in LRDS_Transaction.c:133
[PID=125802][Sun Apr 30 10:42:08 2017] Error : -1829140500(Invalid error code) in edubtm_Insert.c:265
[PID=125802][Sun Apr 30 10:42:08 2017] Error : -1829140500(Invalid error code) in edubtm_Insert.c:166
[PID=125802][Sun Apr 30 10:42:08 2017] Error : -1829140500(Invalid error code) in edubtm_Insert.c:147
[PID=125802][Sun Apr 30 10:42:08 2017] Error : -1829140500(Invalid error code) in EduBtM_InsertObject.c:101
[PID=125802][Sun Apr 30 10:42:08 2017] Error : -1829140500(Invalid error code) in EduBtM_Test.c:544
[PID=125802][Sun Apr 30 10:42:08 2017] Error : -589829(eNOLOGGEDTRANSACTION_RM) in RM_Transaction.c:311
[PID=125802][Sun Apr 30 10:42:08 2017] Error : -589829(eNOLOGGEDTRANSACTION_RM) in SM_Transaction.c:258
[PID=125802][Sun Apr 30 10:42:08 2017] Error : -589829(eNOLOGGEDTRANSACTION_RM) in SM_ThinLayer.c:761
[PID=125802][Sun Apr 30 10:42:08 2017] Error : -589829(eNOLOGGEDTRANSACTION_RM) in LRDS_Transaction.c:133
[PID=125837][Sun Apr 30 10:43:49 2017] Error : -1974691860(Invalid error code) in edubtm_Insert.c:265
[PID=125837][Sun Apr 30 10:43:49 2017] Error : -1974691860(Invalid error code) in edubtm_Insert.c:166
[PID=125837][Sun Apr 30 10:43:49 2017] Error : -1974691860(Invalid error code) in edubtm_Insert.c:147
[PID=125837][Sun Apr 30 10:43:49 2017] Error : -1974691860(Invalid error code) in EduBtM_InsertObject.c:101
[PID=125837][Sun Apr 30 10:43:49 2017] Error : -1974691860(Invalid error code) in EduBtM_Test.c:544
[PID=125837][Sun Apr 30 10:43:49 2017] Error : -589829(eNOLOGGEDTRANSACTION_RM) in RM_Transaction.c:311
[PID=125837][Sun Apr 30 10:43:49 2017] Error : -589829(eNOLOGGEDTRANSACTION_RM) in SM_Transaction.c:258
[PID=125837][Sun Apr 30 10:43:49 2017] Error : -589829(eNOLOGGEDTRANSACTION_RM) in SM_ThinLayer.c:761
[PID=125837][Sun Apr 30 10:43:49 2017] Error : -589829(eNOLOGGEDTRANSACTION_RM) in LRDS_Transaction.c:133
[PID=125949][Sun Apr 30 10:52:34 2017] Error : -748283924(Invalid error code) in edubtm_Insert.c:265
[PID=125949][Sun Apr 30 10:52:34 2017] Error : -748283924(Invalid error code) in edubtm_Insert.c:166
[PID=125949][Sun Apr 30 10:52:34 2017] Error : -748283924(Invalid error code) in edubtm_Insert.c:147
[PID=125949][Sun Apr 30 10:52:34 2017] Error : -748283924(Invalid error code) in EduBtM_InsertObject.c:101
[PID=125949][Sun Apr 30 10:52:34 2017] Error : -748283924(Invalid error code) in EduBtM_Test.c:544
[PID=125949][Sun Apr 30 10:52:34 2017] Error : -589829(eNOLOGGEDTRANSACTION_RM) in RM_Transaction.c:311
[PID=125949][Sun Apr 30 10:52:34 2017] Error : -589829(eNOLOGGEDTRANSACTION_RM) in SM_Transaction.c:258
[PID=125949][Sun Apr 30 10:52:34 2017] Error : -589829(eNOLOGGEDTRANSACTION_RM) in SM_ThinLayer.c:761
[PID=125949][Sun Apr 30 10:52:34 2017] Error : -589829(eNOLOGGEDTRANSACTION_RM) in LRDS_Transaction.c:133
[PID=130701][Thu May  4 19:46:09 2017] Error : -196618(eINVALIDPID_RDSM) in RDsM_ReadTrain.c:103
[PID=130701][Thu May  4 19:46:09 2017] Error : -196618(eINVALIDPID_RDSM) in bfm_ReadTrain.c:90
[PID=130701][Thu May  4 19:46:09 2017] Error : -196618(eINVALIDPID_RDSM) in BfM_GetTrain.c:113
[PID=130701][Thu May  4 19:46:09 2017] Error : -196618(eINVALIDPID_RDSM) in edubtm_root.c:117
[PID=130701][Thu May  4 19:46:09 2017] Error : -196618(eINVALIDPID_RDSM) in EduBtM_InsertObject.c:106
[PID=130701][Thu May  4 19:46:09 2017] Error : -196618(eINVALIDPID_RDSM) in EduBtM_Test.c:173
[PID=130701][Thu May  4 19:46:09 2017] Error : -589829(eNOLOGGEDTRANSACTION_RM) in RM_Transaction.c:311
[PID=130701][Thu May  4 19:46:09 2017] Error : -589829(eNOLOGGEDTRANSACTION_RM) in SM_Transaction.c:258
[PID=130701][Thu May  4 19:46:09 2017] Error : -589829(eNOLOGGEDTRANSACTION_RM) in SM_ThinLayer.c:761
[PID=130701][Thu May  4 19:46:09 2017] Error : -589829(eNOLOGGEDTRANSACTION_RM) in LRDS_Transaction.c:133
[PID=989][Fri May  5 01:33:43 2017] Error : -196618(eINVALIDPID_RDSM) in RDsM_ReadTrain.c:103
[PID=989][Fri May  5 01:33:43 2017] Error : -196618(eINVALIDPID_RDSM) in bfm_ReadTrain.c:90
[PID=989][Fri May  5 01:33:43 2017] Error : -196618(eINVALIDPID_RDSM) in BfM_GetTrain.c:113
[PID=989][Fri May  5 01:33:43 2017] Error : -196618(eINVALIDPID_RDSM) in edubtm_root.c:117
[PID=989][Fri May  5 01:33:43 2017] Error : -196618(eINVALIDPID_RDSM) in EduBtM_InsertObject.c:106
[PID=989][Fri May  5 01:33:43 2017] Error : -196618(eINVALIDPID_RDSM) in EduBtM_Test.c:173
[PID=989][Fri May  5 01:33:43 2017] Error : -589829(eNOLOGGEDTRANSACTION_RM) in RM_Transaction.c:311
[PID=989][Fri May  5 01:33:43 2017] Error : -589829(eNOLOGGEDTRANSACTION_RM) in SM_Transaction.c:258
[PID=989][Fri May  5 01:33:43 2017] Error : -589829(eNOLOGGEDTRANSACTION_RM) in SM_ThinLayer.c:761
[PID=989][Fri May  5 01:33:43 2017] Error : -589829(eNOLOGGEDTRANSACTION_RM) in LRDS_Transaction.c:133
[PID=1046][Fri May  5 01:35:27 2017] Error : -196618(eINVALIDPID_RDSM) in RDsM_ReadTrain.c:103
[PID=1046][Fri May  5 01:35:27 2017] Error : -196618(eINVALIDPID_RDSM) in bfm_ReadTrain.c:90
[PID=1046][Fri May  5 01:35:27 2017] Error : -196618(eINVALIDPID_RDSM) in BfM_GetTrain.c:113
[PID=1046][Fri May  5 01:35:27 2017] Error : -196618(eINVALIDPID_RDSM) in edubtm_root.c:117
[PID=1046][Fri May  5 01:35:27 2017] Error : -196618(eINVALIDPID_RDSM) in EduBtM_InsertObject.c:106
[PID=1046][Fri May  5 01:35:27 2017] Error : -196618(eINVALIDPID_RDSM) in EduBtM_Test.c:173
[PID=1046][Fri May  5 01:35:27 2017] Error : -589829(eNOLOGGEDTRANSACTION_RM) in RM_Transaction.c:311
[PID=1046][Fri May  5 01:35:27 2017] Error : -589829(eNOLOGGEDTRANSACTION_RM) in SM_Transaction.c:258
[PID=1046][Fri May  5 01:35:27 2017] Error : -589829(eNOLOGGEDTRANSACTION_RM) in SM_ThinLayer.c:761
[PID=1046][Fri May  5 01:35:27 2017] Error : -589829(eNOLOGGEDTRANSACTION_RM) in LRDS_Transaction.c:133
[PID=1190][Fri May  5 01:49:25 2017] Error : -196618(eINVALIDPID_RDSM) in RDsM_ReadTrain.c:103
[PID=1190][Fri May  5 01:49:25 2017] Error : -196618(eINVALIDPID_RDSM) in bfm_ReadTrain.c:90
[PID=1190][Fri May  5 01:49:25 2017] Error : -196618(eINVALIDPID_RDSM) in BfM_GetTrain.c:113
[PID=1190][Fri May  5 01:49:25 2017] Error : -196618(eINVALIDPID_RDSM) in edubtm_root.c:117
[PID=1190][Fri May  5 01:49:25 2017] Error : -196618(eINVALIDPID_RDSM) in EduBtM_InsertObject.c:106
[PID=1190][Fri May  5 01:49:25 2017] Error : -196618(eINVALIDPID_RDSM) in EduBtM_Test.c:173
[PID=1190][Fri May  5 01:49:25 2017] Error : -589829(eNOLOGGEDTRANSACTION_RM) in RM_Transaction.c:311
[PID=1190][Fri May  5 01:49:25 2017] Error : -589829(eNOLOGGEDTRANSACTION_RM) in SM_Transaction.c:258
[PID=1190][Fri May  5 01:49:25 2017] Error : -589829(eNOLOGGEDTRANSACTION_RM) in SM_ThinLayer.c:761
[PID=1190][Fri May  5 01:49:25 2017] Error : -589829(eNOLOGGEDTRANSACTION_RM) in LRDS_Transaction.c:133
[PID=1246][Fri May  5 01:55:26 2017] Error : -262149(eFLUSHFIXEDBUF_BFM) in BfM_Dismount.c:110
[PID=1246][Fri May  5 01:55:26 2017] Error : -262149(eFLUSHFIXEDBUF_BFM) in SM_Dismount.c:104
[PID=1246][Fri May  5 01:55:26 2017] Error : -262149(eFLUSHFIXEDBUF_BFM) in LRDS_Dismount.c:246
[PID=1246][Fri May  5 01:55:26 2017] Error : -262149(eFLUSHFIXEDBUF_BFM) in LRDS_Dismount.c:143
[PID=4222][Sat May  6 01:48:25 2017] Error : -458753(eBADBTREEPAGE_BTM) in EduBtM_Test.c:855
[PID=6487][Sat May  6 05:41:28 2017] Error : -458758(eDUPLICATEDKEY_BTM) in edubtm_Insert.c:190
[PID=6487][Sat May  6 05:41:28 2017] Error : -458758(eDUPLICATEDKEY_BTM) in edubtm_Insert.c:151
[PID=6487][Sat May  6 05:41:28 2017] Error : -458758(eDUPLICATEDKEY_BTM) in EduBtM_InsertObject.c:111
[PID=6487][Sat May  6 05:42:17 2017] Error : -458753(eBADBTREEPAGE_BTM) in EduBtM_Test.c:865
