[PID=30035][Tue Mar 28 22:43:13 2017] Error : -196608(eVOLNOTMOUNTED_RDSM) in RDsM_ReadTrain.c:90
[PID=30035][Tue Mar 28 22:43:13 2017] Error : -196608(eVOLNOTMOUNTED_RDSM) in bfm_ReadTrain.c:90
[PID=30035][Tue Mar 28 22:43:13 2017] Error : -196608(eVOLNOTMOUNTED_RDSM) in BfM_GetTrain.c:113
[PID=30035][Tue Mar 28 22:43:13 2017] Error : -196608(eVOLNOTMOUNTED_RDSM) in EduOM_Test.c:562
[PID=30035][Tue Mar 28 22:43:14 2017] Error : -196608(eVOLNOTMOUNTED_RDSM) in RDsM_ReadTrain.c:90
[PID=30035][Tue Mar 28 22:43:14 2017] Error : -196608(eVOLNOTMOUNTED_RDSM) in bfm_ReadTrain.c:90
[PID=30035][Tue Mar 28 22:43:14 2017] Error : -196608(eVOLNOTMOUNTED_RDSM) in BfM_GetTrain.c:113
[PID=30035][Tue Mar 28 22:43:14 2017] Error : -196608(eVOLNOTMOUNTED_RDSM) in EduOM_Test.c:562
[PID=30035][Tue Mar 28 22:43:14 2017] Error : -196608(eVOLNOTMOUNTED_RDSM) in RDsM_ReadTrain.c:90
[PID=30035][Tue Mar 28 22:43:14 2017] Error : -196608(eVOLNOTMOUNTED_RDSM) in bfm_ReadTrain.c:90
[PID=30035][Tue Mar 28 22:43:14 2017] Error : -196608(eVOLNOTMOUNTED_RDSM) in BfM_GetTrain.c:113
[PID=30035][Tue Mar 28 22:43:14 2017] Error : -196608(eVOLNOTMOUNTED_RDSM) in EduOM_Test.c:618
[PID=30035][Tue Mar 28 22:43:14 2017] Error : -196608(eVOLNOTMOUNTED_RDSM) in RDsM_ReadTrain.c:90
[PID=30035][Tue Mar 28 22:43:14 2017] Error : -196608(eVOLNOTMOUNTED_RDSM) in bfm_ReadTrain.c:90
[PID=30035][Tue Mar 28 22:43:14 2017] Error : -196608(eVOLNOTMOUNTED_RDSM) in BfM_GetTrain.c:113
[PID=30035][Tue Mar 28 22:43:14 2017] Error : -196608(eVOLNOTMOUNTED_RDSM) in EduOM_Test.c:562
[PID=30035][Tue Mar 28 22:43:14 2017] Error : -196608(eVOLNOTMOUNTED_RDSM) in RDsM_ReadTrain.c:90
[PID=30035][Tue Mar 28 22:43:14 2017] Error : -196608(eVOLNOTMOUNTED_RDSM) in bfm_ReadTrain.c:90
[PID=30035][Tue Mar 28 22:43:14 2017] Error : -196608(eVOLNOTMOUNTED_RDSM) in BfM_GetTrain.c:113
[PID=30035][Tue Mar 28 22:43:14 2017] Error : -196608(eVOLNOTMOUNTED_RDSM) in EduOM_Test.c:562
[PID=30035][Tue Mar 28 22:43:14 2017] Error : -196608(eVOLNOTMOUNTED_RDSM) in RDsM_ReadTrain.c:90
[PID=30035][Tue Mar 28 22:43:14 2017] Error : -196608(eVOLNOTMOUNTED_RDSM) in bfm_ReadTrain.c:90
[PID=30035][Tue Mar 28 22:43:14 2017] Error : -196608(eVOLNOTMOUNTED_RDSM) in BfM_GetTrain.c:113
[PID=30035][Tue Mar 28 22:43:14 2017] Error : -196608(eVOLNOTMOUNTED_RDSM) in EduOM_Test.c:562
[PID=30035][Tue Mar 28 22:43:15 2017] Error : -196608(eVOLNOTMOUNTED_RDSM) in RDsM_ReadTrain.c:90
[PID=30035][Tue Mar 28 22:43:15 2017] Error : -196608(eVOLNOTMOUNTED_RDSM) in bfm_ReadTrain.c:90
[PID=30035][Tue Mar 28 22:43:15 2017] Error : -196608(eVOLNOTMOUNTED_RDSM) in BfM_GetTrain.c:113
[PID=30035][Tue Mar 28 22:43:15 2017] Error : -196608(eVOLNOTMOUNTED_RDSM) in EduOM_Test.c:665
[PID=30035][Tue Mar 28 22:43:15 2017] Error : -196608(eVOLNOTMOUNTED_RDSM) in RDsM_ReadTrain.c:90
[PID=30035][Tue Mar 28 22:43:15 2017] Error : -196608(eVOLNOTMOUNTED_RDSM) in bfm_ReadTrain.c:90
[PID=30035][Tue Mar 28 22:43:15 2017] Error : -196608(eVOLNOTMOUNTED_RDSM) in BfM_GetTrain.c:113
[PID=30035][Tue Mar 28 22:43:15 2017] Error : -196608(eVOLNOTMOUNTED_RDSM) in EduOM_Test.c:562
[PID=30035][Tue Mar 28 22:43:15 2017] Error : -1(Unix error code) in EduOM_Test.c:272
[PID=30035][Tue Mar 28 22:43:15 2017] Error : -589829(eNOLOGGEDTRANSACTION_RM) in RM_Transaction.c:311
[PID=30035][Tue Mar 28 22:43:15 2017] Error : -589829(eNOLOGGEDTRANSACTION_RM) in SM_Transaction.c:258
[PID=30035][Tue Mar 28 22:43:15 2017] Error : -589829(eNOLOGGEDTRANSACTION_RM) in SM_ThinLayer.c:761
[PID=30035][Tue Mar 28 22:43:15 2017] Error : -589829(eNOLOGGEDTRANSACTION_RM) in LRDS_Transaction.c:133
[PID=30035][Tue Mar 28 22:43:15 2017] Error : -65538(eBADPARAMETER) in Util_heap.c:298
[PID=30035][Tue Mar 28 22:43:15 2017] Error : -65538(eBADPARAMETER) in LRDS_CloseScan.c:107
[PID=30035][Tue Mar 28 22:43:15 2017] Error : -65538(eBADPARAMETER) in LRDS_Transaction.c:90
[PID=30035][Tue Mar 28 22:43:15 2017] Error : -65539(eBADVOLUMEID) in LRDS_Dismount.c:73
[PID=4468][Fri Mar 31 21:47:04 2017] Error : -1(Unix error code) in EduOM_Test.c:272
[PID=4468][Fri Mar 31 21:47:04 2017] Error : -589829(eNOLOGGEDTRANSACTION_RM) in RM_Transaction.c:311
[PID=4468][Fri Mar 31 21:47:04 2017] Error : -589829(eNOLOGGEDTRANSACTION_RM) in SM_Transaction.c:258
[PID=4468][Fri Mar 31 21:47:04 2017] Error : -589829(eNOLOGGEDTRANSACTION_RM) in SM_ThinLayer.c:761
[PID=4468][Fri Mar 31 21:47:04 2017] Error : -589829(eNOLOGGEDTRANSACTION_RM) in LRDS_Transaction.c:133
[PID=4468][Fri Mar 31 21:47:04 2017] Error : -65538(eBADPARAMETER) in Util_heap.c:298
[PID=4468][Fri Mar 31 21:47:04 2017] Error : -65538(eBADPARAMETER) in LRDS_CloseScan.c:107
[PID=4468][Fri Mar 31 21:47:04 2017] Error : -65538(eBADPARAMETER) in LRDS_Transaction.c:90
[PID=4468][Fri Mar 31 21:47:04 2017] Error : -65539(eBADVOLUMEID) in LRDS_Dismount.c:73
[PID=5416][Fri Mar 31 23:00:52 2017] Error : -1(Unix error code) in EduOM_Test.c:272
[PID=5416][Fri Mar 31 23:00:52 2017] Error : -589829(eNOLOGGEDTRANSACTION_RM) in RM_Transaction.c:311
[PID=5416][Fri Mar 31 23:00:52 2017] Error : -589829(eNOLOGGEDTRANSACTION_RM) in SM_Transaction.c:258
[PID=5416][Fri Mar 31 23:00:52 2017] Error : -589829(eNOLOGGEDTRANSACTION_RM) in SM_ThinLayer.c:761
[PID=5416][Fri Mar 31 23:00:52 2017] Error : -589829(eNOLOGGEDTRANSACTION_RM) in LRDS_Transaction.c:133
[PID=5416][Fri Mar 31 23:00:52 2017] Error : -65538(eBADPARAMETER) in Util_heap.c:298
[PID=5416][Fri Mar 31 23:00:52 2017] Error : -65538(eBADPARAMETER) in LRDS_CloseScan.c:107
[PID=5416][Fri Mar 31 23:00:52 2017] Error : -65538(eBADPARAMETER) in LRDS_Transaction.c:90
[PID=5416][Fri Mar 31 23:00:52 2017] Error : -65539(eBADVOLUMEID) in LRDS_Dismount.c:73
[PID=5519][Fri Mar 31 23:08:30 2017] Error : -1(Unix error code) in EduOM_Test.c:272
[PID=5519][Fri Mar 31 23:08:30 2017] Error : -589829(eNOLOGGEDTRANSACTION_RM) in RM_Transaction.c:311
[PID=5519][Fri Mar 31 23:08:30 2017] Error : -589829(eNOLOGGEDTRANSACTION_RM) in SM_Transaction.c:258
[PID=5519][Fri Mar 31 23:08:30 2017] Error : -589829(eNOLOGGEDTRANSACTION_RM) in SM_ThinLayer.c:761
[PID=5519][Fri Mar 31 23:08:30 2017] Error : -589829(eNOLOGGEDTRANSACTION_RM) in LRDS_Transaction.c:133
[PID=5519][Fri Mar 31 23:08:30 2017] Error : -65538(eBADPARAMETER) in Util_heap.c:298
[PID=5519][Fri Mar 31 23:08:30 2017] Error : -65538(eBADPARAMETER) in LRDS_CloseScan.c:107
[PID=5519][Fri Mar 31 23:08:30 2017] Error : -65538(eBADPARAMETER) in LRDS_Transaction.c:90
[PID=5519][Fri Mar 31 23:08:30 2017] Error : -65539(eBADVOLUMEID) in LRDS_Dismount.c:73
[PID=5563][Fri Mar 31 23:09:54 2017] Error : -1(Unix error code) in EduOM_Test.c:272
[PID=5563][Fri Mar 31 23:09:54 2017] Error : -589829(eNOLOGGEDTRANSACTION_RM) in RM_Transaction.c:311
[PID=5563][Fri Mar 31 23:09:54 2017] Error : -589829(eNOLOGGEDTRANSACTION_RM) in SM_Transaction.c:258
[PID=5563][Fri Mar 31 23:09:54 2017] Error : -589829(eNOLOGGEDTRANSACTION_RM) in SM_ThinLayer.c:761
[PID=5563][Fri Mar 31 23:09:54 2017] Error : -589829(eNOLOGGEDTRANSACTION_RM) in LRDS_Transaction.c:133
[PID=5563][Fri Mar 31 23:09:54 2017] Error : -65538(eBADPARAMETER) in Util_heap.c:298
[PID=5563][Fri Mar 31 23:09:54 2017] Error : -65538(eBADPARAMETER) in LRDS_CloseScan.c:107
[PID=5563][Fri Mar 31 23:09:54 2017] Error : -65538(eBADPARAMETER) in LRDS_Transaction.c:90
[PID=5563][Fri Mar 31 23:09:54 2017] Error : -65539(eBADVOLUMEID) in LRDS_Dismount.c:73
[PID=5566][Fri Mar 31 23:10:12 2017] Error : -1(Unix error code) in EduOM_Test.c:272
[PID=5566][Fri Mar 31 23:10:12 2017] Error : -589829(eNOLOGGEDTRANSACTION_RM) in RM_Transaction.c:311
[PID=5566][Fri Mar 31 23:10:12 2017] Error : -589829(eNOLOGGEDTRANSACTION_RM) in SM_Transaction.c:258
[PID=5566][Fri Mar 31 23:10:12 2017] Error : -589829(eNOLOGGEDTRANSACTION_RM) in SM_ThinLayer.c:761
[PID=5566][Fri Mar 31 23:10:12 2017] Error : -589829(eNOLOGGEDTRANSACTION_RM) in LRDS_Transaction.c:133
[PID=5566][Fri Mar 31 23:10:12 2017] Error : -65538(eBADPARAMETER) in Util_heap.c:298
[PID=5566][Fri Mar 31 23:10:12 2017] Error : -65538(eBADPARAMETER) in LRDS_CloseScan.c:107
[PID=5566][Fri Mar 31 23:10:12 2017] Error : -65538(eBADPARAMETER) in LRDS_Transaction.c:90
[PID=5566][Fri Mar 31 23:10:12 2017] Error : -65539(eBADVOLUMEID) in LRDS_Dismount.c:73
[PID=5854][Fri Mar 31 23:38:01 2017] Error : -1(Unix error code) in EduOM_Test.c:272
[PID=5854][Fri Mar 31 23:38:01 2017] Error : -589829(eNOLOGGEDTRANSACTION_RM) in RM_Transaction.c:311
[PID=5854][Fri Mar 31 23:38:01 2017] Error : -589829(eNOLOGGEDTRANSACTION_RM) in SM_Transaction.c:258
[PID=5854][Fri Mar 31 23:38:01 2017] Error : -589829(eNOLOGGEDTRANSACTION_RM) in SM_ThinLayer.c:761
[PID=5854][Fri Mar 31 23:38:01 2017] Error : -589829(eNOLOGGEDTRANSACTION_RM) in LRDS_Transaction.c:133
[PID=5854][Fri Mar 31 23:38:01 2017] Error : -65538(eBADPARAMETER) in Util_heap.c:298
[PID=5854][Fri Mar 31 23:38:01 2017] Error : -65538(eBADPARAMETER) in LRDS_CloseScan.c:107
[PID=5854][Fri Mar 31 23:38:01 2017] Error : -65538(eBADPARAMETER) in LRDS_Transaction.c:90
[PID=5854][Fri Mar 31 23:38:01 2017] Error : -65539(eBADVOLUMEID) in LRDS_Dismount.c:73
[PID=6868][Sat Apr  1 01:04:52 2017] Error : -262149(eFLUSHFIXEDBUF_BFM) in BfM_Dismount.c:110
[PID=6868][Sat Apr  1 01:04:52 2017] Error : -262149(eFLUSHFIXEDBUF_BFM) in SM_Dismount.c:104
[PID=6868][Sat Apr  1 01:04:52 2017] Error : -262149(eFLUSHFIXEDBUF_BFM) in LRDS_Dismount.c:246
[PID=6868][Sat Apr  1 01:04:52 2017] Error : -262149(eFLUSHFIXEDBUF_BFM) in LRDS_Dismount.c:143
[PID=8834][Sat Apr  1 10:15:07 2017] Error : -196608(eVOLNOTMOUNTED_RDSM) in RDsM_ReadTrain.c:90
[PID=8834][Sat Apr  1 10:15:07 2017] Error : -196608(eVOLNOTMOUNTED_RDSM) in bfm_ReadTrain.c:90
[PID=8834][Sat Apr  1 10:15:07 2017] Error : -196608(eVOLNOTMOUNTED_RDSM) in BfM_GetTrain.c:113
[PID=8834][Sat Apr  1 10:15:07 2017] Error : -196608(eVOLNOTMOUNTED_RDSM) in EduOM_Test.c:562
[PID=8834][Sat Apr  1 10:15:07 2017] Error : -196608(eVOLNOTMOUNTED_RDSM) in RDsM_ReadTrain.c:90
[PID=8834][Sat Apr  1 10:15:07 2017] Error : -196608(eVOLNOTMOUNTED_RDSM) in bfm_ReadTrain.c:90
[PID=8834][Sat Apr  1 10:15:07 2017] Error : -196608(eVOLNOTMOUNTED_RDSM) in BfM_GetTrain.c:113
[PID=8834][Sat Apr  1 10:15:07 2017] Error : -196608(eVOLNOTMOUNTED_RDSM) in RDsM_ReadTrain.c:90
[PID=8834][Sat Apr  1 10:15:07 2017] Error : -196608(eVOLNOTMOUNTED_RDSM) in bfm_ReadTrain.c:90
[PID=8834][Sat Apr  1 10:15:07 2017] Error : -196608(eVOLNOTMOUNTED_RDSM) in BfM_GetTrain.c:113
[PID=8834][Sat Apr  1 10:15:07 2017] Error : -196608(eVOLNOTMOUNTED_RDSM) in om_AvailSpaceList.c:269
[PID=8834][Sat Apr  1 10:15:07 2017] Error : -262150(eNOTFOUND_BFM) in BfM_FreeTrain.c:80
[PID=8834][Sat Apr  1 10:15:07 2017] Error : -196608(eVOLNOTMOUNTED_RDSM) in RDsM_ReadTrain.c:90
[PID=8834][Sat Apr  1 10:15:07 2017] Error : -196608(eVOLNOTMOUNTED_RDSM) in bfm_ReadTrain.c:90
[PID=8834][Sat Apr  1 10:15:07 2017] Error : -196608(eVOLNOTMOUNTED_RDSM) in BfM_GetTrain.c:113
[PID=8834][Sat Apr  1 10:15:07 2017] Error : -196608(eVOLNOTMOUNTED_RDSM) in RDsM_ReadTrain.c:90
[PID=8834][Sat Apr  1 10:15:07 2017] Error : -196608(eVOLNOTMOUNTED_RDSM) in bfm_ReadTrain.c:90
[PID=8834][Sat Apr  1 10:15:07 2017] Error : -196608(eVOLNOTMOUNTED_RDSM) in BfM_GetTrain.c:113
[PID=8834][Sat Apr  1 10:15:07 2017] Error : -196608(eVOLNOTMOUNTED_RDSM) in om_AvailSpaceList.c:269
[PID=8834][Sat Apr  1 10:15:07 2017] Error : -262150(eNOTFOUND_BFM) in BfM_FreeTrain.c:80
[PID=8834][Sat Apr  1 10:15:07 2017] Error : -196608(eVOLNOTMOUNTED_RDSM) in RDsM_ReadTrain.c:90
[PID=8834][Sat Apr  1 10:15:07 2017] Error : -196608(eVOLNOTMOUNTED_RDSM) in bfm_ReadTrain.c:90
[PID=8834][Sat Apr  1 10:15:07 2017] Error : -196608(eVOLNOTMOUNTED_RDSM) in BfM_GetTrain.c:113
[PID=8834][Sat Apr  1 10:15:07 2017] Error : -196608(eVOLNOTMOUNTED_RDSM) in RDsM_ReadTrain.c:90
[PID=8834][Sat Apr  1 10:15:07 2017] Error : -196608(eVOLNOTMOUNTED_RDSM) in bfm_ReadTrain.c:90
[PID=8834][Sat Apr  1 10:15:07 2017] Error : -196608(eVOLNOTMOUNTED_RDSM) in BfM_GetTrain.c:113
[PID=8834][Sat Apr  1 10:15:07 2017] Error : -196608(eVOLNOTMOUNTED_RDSM) in om_AvailSpaceList.c:269
[PID=8834][Sat Apr  1 10:15:07 2017] Error : -262150(eNOTFOUND_BFM) in BfM_FreeTrain.c:80
[PID=8834][Sat Apr  1 10:15:07 2017] Error : -196608(eVOLNOTMOUNTED_RDSM) in RDsM_ReadTrain.c:90
[PID=8834][Sat Apr  1 10:15:07 2017] Error : -196608(eVOLNOTMOUNTED_RDSM) in bfm_ReadTrain.c:90
[PID=8834][Sat Apr  1 10:15:07 2017] Error : -196608(eVOLNOTMOUNTED_RDSM) in BfM_GetTrain.c:113
[PID=8834][Sat Apr  1 10:15:07 2017] Error : -196608(eVOLNOTMOUNTED_RDSM) in RDsM_ReadTrain.c:90
[PID=8834][Sat Apr  1 10:15:07 2017] Error : -196608(eVOLNOTMOUNTED_RDSM) in bfm_ReadTrain.c:90
[PID=8834][Sat Apr  1 10:15:07 2017] Error : -196608(eVOLNOTMOUNTED_RDSM) in BfM_GetTrain.c:113
[PID=8834][Sat Apr  1 10:15:07 2017] Error : -196608(eVOLNOTMOUNTED_RDSM) in om_AvailSpaceList.c:269
[PID=8834][Sat Apr  1 10:15:07 2017] Error : -262150(eNOTFOUND_BFM) in BfM_FreeTrain.c:80
[PID=8834][Sat Apr  1 10:15:07 2017] Error : -196608(eVOLNOTMOUNTED_RDSM) in RDsM_ReadTrain.c:90
[PID=8834][Sat Apr  1 10:15:07 2017] Error : -196608(eVOLNOTMOUNTED_RDSM) in bfm_ReadTrain.c:90
[PID=8834][Sat Apr  1 10:15:07 2017] Error : -196608(eVOLNOTMOUNTED_RDSM) in BfM_GetTrain.c:113
[PID=8834][Sat Apr  1 10:15:07 2017] Error : -196608(eVOLNOTMOUNTED_RDSM) in RDsM_ReadTrain.c:90
[PID=8834][Sat Apr  1 10:15:07 2017] Error : -196608(eVOLNOTMOUNTED_RDSM) in bfm_ReadTrain.c:90
[PID=8834][Sat Apr  1 10:15:07 2017] Error : -196608(eVOLNOTMOUNTED_RDSM) in BfM_GetTrain.c:113
[PID=8834][Sat Apr  1 10:15:07 2017] Error : -196608(eVOLNOTMOUNTED_RDSM) in om_AvailSpaceList.c:269
[PID=8834][Sat Apr  1 10:15:07 2017] Error : -262150(eNOTFOUND_BFM) in BfM_FreeTrain.c:80
[PID=8834][Sat Apr  1 10:15:07 2017] Error : -196608(eVOLNOTMOUNTED_RDSM) in RDsM_ReadTrain.c:90
[PID=8834][Sat Apr  1 10:15:07 2017] Error : -196608(eVOLNOTMOUNTED_RDSM) in bfm_ReadTrain.c:90
[PID=8834][Sat Apr  1 10:15:07 2017] Error : -196608(eVOLNOTMOUNTED_RDSM) in BfM_GetTrain.c:113
[PID=8834][Sat Apr  1 10:15:07 2017] Error : -196608(eVOLNOTMOUNTED_RDSM) in RDsM_ReadTrain.c:90
[PID=8834][Sat Apr  1 10:15:07 2017] Error : -196608(eVOLNOTMOUNTED_RDSM) in bfm_ReadTrain.c:90
[PID=8834][Sat Apr  1 10:15:07 2017] Error : -196608(eVOLNOTMOUNTED_RDSM) in BfM_GetTrain.c:113
[PID=8834][Sat Apr  1 10:15:07 2017] Error : -196608(eVOLNOTMOUNTED_RDSM) in om_AvailSpaceList.c:269
[PID=8834][Sat Apr  1 10:15:07 2017] Error : -262150(eNOTFOUND_BFM) in BfM_FreeTrain.c:80
[PID=8834][Sat Apr  1 10:15:07 2017] Error : -196608(eVOLNOTMOUNTED_RDSM) in RDsM_ReadTrain.c:90
[PID=8834][Sat Apr  1 10:15:07 2017] Error : -196608(eVOLNOTMOUNTED_RDSM) in bfm_ReadTrain.c:90
[PID=8834][Sat Apr  1 10:15:07 2017] Error : -196608(eVOLNOTMOUNTED_RDSM) in BfM_GetTrain.c:113
[PID=8834][Sat Apr  1 10:15:07 2017] Error : -196608(eVOLNOTMOUNTED_RDSM) in RDsM_ReadTrain.c:90
[PID=8834][Sat Apr  1 10:15:07 2017] Error : -196608(eVOLNOTMOUNTED_RDSM) in bfm_ReadTrain.c:90
[PID=8834][Sat Apr  1 10:15:07 2017] Error : -196608(eVOLNOTMOUNTED_RDSM) in BfM_GetTrain.c:113
[PID=8834][Sat Apr  1 10:15:07 2017] Error : -196608(eVOLNOTMOUNTED_RDSM) in om_AvailSpaceList.c:269
[PID=8834][Sat Apr  1 10:15:07 2017] Error : -262150(eNOTFOUND_BFM) in BfM_FreeTrain.c:80
[PID=8834][Sat Apr  1 10:15:07 2017] Error : -196608(eVOLNOTMOUNTED_RDSM) in RDsM_ReadTrain.c:90
[PID=8834][Sat Apr  1 10:15:07 2017] Error : -196608(eVOLNOTMOUNTED_RDSM) in bfm_ReadTrain.c:90
[PID=8834][Sat Apr  1 10:15:07 2017] Error : -196608(eVOLNOTMOUNTED_RDSM) in BfM_GetTrain.c:113
[PID=8834][Sat Apr  1 10:15:07 2017] Error : -196608(eVOLNOTMOUNTED_RDSM) in RDsM_ReadTrain.c:90
[PID=8834][Sat Apr  1 10:15:07 2017] Error : -196608(eVOLNOTMOUNTED_RDSM) in bfm_ReadTrain.c:90
[PID=8834][Sat Apr  1 10:15:07 2017] Error : -196608(eVOLNOTMOUNTED_RDSM) in BfM_GetTrain.c:113
[PID=8834][Sat Apr  1 10:15:07 2017] Error : -196608(eVOLNOTMOUNTED_RDSM) in om_AvailSpaceList.c:269
[PID=8834][Sat Apr  1 10:15:07 2017] Error : -262150(eNOTFOUND_BFM) in BfM_FreeTrain.c:80
[PID=8834][Sat Apr  1 10:15:07 2017] Error : -196608(eVOLNOTMOUNTED_RDSM) in RDsM_ReadTrain.c:90
[PID=8834][Sat Apr  1 10:15:07 2017] Error : -196608(eVOLNOTMOUNTED_RDSM) in bfm_ReadTrain.c:90
[PID=8834][Sat Apr  1 10:15:07 2017] Error : -196608(eVOLNOTMOUNTED_RDSM) in BfM_GetTrain.c:113
[PID=8834][Sat Apr  1 10:15:07 2017] Error : -196608(eVOLNOTMOUNTED_RDSM) in RDsM_ReadTrain.c:90
[PID=8834][Sat Apr  1 10:15:07 2017] Error : -196608(eVOLNOTMOUNTED_RDSM) in bfm_ReadTrain.c:90
[PID=8834][Sat Apr  1 10:15:07 2017] Error : -196608(eVOLNOTMOUNTED_RDSM) in BfM_GetTrain.c:113
[PID=8834][Sat Apr  1 10:15:07 2017] Error : -196608(eVOLNOTMOUNTED_RDSM) in om_AvailSpaceList.c:269
[PID=8834][Sat Apr  1 10:15:07 2017] Error : -262150(eNOTFOUND_BFM) in BfM_FreeTrain.c:80
[PID=8834][Sat Apr  1 10:15:07 2017] Error : -196608(eVOLNOTMOUNTED_RDSM) in RDsM_ReadTrain.c:90
[PID=8834][Sat Apr  1 10:15:07 2017] Error : -196608(eVOLNOTMOUNTED_RDSM) in bfm_ReadTrain.c:90
[PID=8834][Sat Apr  1 10:15:07 2017] Error : -196608(eVOLNOTMOUNTED_RDSM) in BfM_GetTrain.c:113
[PID=8834][Sat Apr  1 10:15:07 2017] Error : -196608(eVOLNOTMOUNTED_RDSM) in RDsM_ReadTrain.c:90
[PID=8834][Sat Apr  1 10:15:07 2017] Error : -196608(eVOLNOTMOUNTED_RDSM) in bfm_ReadTrain.c:90
[PID=8834][Sat Apr  1 10:15:07 2017] Error : -196608(eVOLNOTMOUNTED_RDSM) in BfM_GetTrain.c:113
[PID=8834][Sat Apr  1 10:15:07 2017] Error : -196608(eVOLNOTMOUNTED_RDSM) in om_AvailSpaceList.c:269
[PID=8834][Sat Apr  1 10:15:07 2017] Error : -262150(eNOTFOUND_BFM) in BfM_FreeTrain.c:80
[PID=8834][Sat Apr  1 10:15:07 2017] Error : -196608(eVOLNOTMOUNTED_RDSM) in RDsM_ReadTrain.c:90
[PID=8834][Sat Apr  1 10:15:07 2017] Error : -196608(eVOLNOTMOUNTED_RDSM) in bfm_ReadTrain.c:90
[PID=8834][Sat Apr  1 10:15:07 2017] Error : -196608(eVOLNOTMOUNTED_RDSM) in BfM_GetTrain.c:113
[PID=8834][Sat Apr  1 10:15:07 2017] Error : -196608(eVOLNOTMOUNTED_RDSM) in RDsM_ReadTrain.c:90
[PID=8834][Sat Apr  1 10:15:07 2017] Error : -196608(eVOLNOTMOUNTED_RDSM) in bfm_ReadTrain.c:90
[PID=8834][Sat Apr  1 10:15:07 2017] Error : -196608(eVOLNOTMOUNTED_RDSM) in BfM_GetTrain.c:113
[PID=8834][Sat Apr  1 10:15:07 2017] Error : -196608(eVOLNOTMOUNTED_RDSM) in om_AvailSpaceList.c:269
[PID=8834][Sat Apr  1 10:15:07 2017] Error : -262150(eNOTFOUND_BFM) in BfM_FreeTrain.c:80
[PID=8834][Sat Apr  1 10:15:07 2017] Error : -196608(eVOLNOTMOUNTED_RDSM) in RDsM_ReadTrain.c:90
[PID=8834][Sat Apr  1 10:15:07 2017] Error : -196608(eVOLNOTMOUNTED_RDSM) in bfm_ReadTrain.c:90
[PID=8834][Sat Apr  1 10:15:07 2017] Error : -196608(eVOLNOTMOUNTED_RDSM) in BfM_GetTrain.c:113
[PID=8834][Sat Apr  1 10:15:07 2017] Error : -196608(eVOLNOTMOUNTED_RDSM) in RDsM_ReadTrain.c:90
[PID=8834][Sat Apr  1 10:15:07 2017] Error : -196608(eVOLNOTMOUNTED_RDSM) in bfm_ReadTrain.c:90
[PID=8834][Sat Apr  1 10:15:07 2017] Error : -196608(eVOLNOTMOUNTED_RDSM) in BfM_GetTrain.c:113
[PID=8834][Sat Apr  1 10:15:07 2017] Error : -196608(eVOLNOTMOUNTED_RDSM) in om_AvailSpaceList.c:269
[PID=8834][Sat Apr  1 10:15:07 2017] Error : -262150(eNOTFOUND_BFM) in BfM_FreeTrain.c:80
[PID=8834][Sat Apr  1 10:15:07 2017] Error : -196608(eVOLNOTMOUNTED_RDSM) in RDsM_ReadTrain.c:90
[PID=8834][Sat Apr  1 10:15:07 2017] Error : -196608(eVOLNOTMOUNTED_RDSM) in bfm_ReadTrain.c:90
[PID=8834][Sat Apr  1 10:15:07 2017] Error : -196608(eVOLNOTMOUNTED_RDSM) in BfM_GetTrain.c:113
[PID=8834][Sat Apr  1 10:15:07 2017] Error : -196608(eVOLNOTMOUNTED_RDSM) in RDsM_ReadTrain.c:90
[PID=8834][Sat Apr  1 10:15:07 2017] Error : -196608(eVOLNOTMOUNTED_RDSM) in bfm_ReadTrain.c:90
[PID=8834][Sat Apr  1 10:15:07 2017] Error : -196608(eVOLNOTMOUNTED_RDSM) in BfM_GetTrain.c:113
[PID=8834][Sat Apr  1 10:15:07 2017] Error : -196608(eVOLNOTMOUNTED_RDSM) in om_AvailSpaceList.c:269
[PID=8834][Sat Apr  1 10:15:07 2017] Error : -262150(eNOTFOUND_BFM) in BfM_FreeTrain.c:80
[PID=8834][Sat Apr  1 10:15:07 2017] Error : -196608(eVOLNOTMOUNTED_RDSM) in RDsM_ReadTrain.c:90
[PID=8834][Sat Apr  1 10:15:07 2017] Error : -196608(eVOLNOTMOUNTED_RDSM) in bfm_ReadTrain.c:90
[PID=8834][Sat Apr  1 10:15:07 2017] Error : -196608(eVOLNOTMOUNTED_RDSM) in BfM_GetTrain.c:113
[PID=8834][Sat Apr  1 10:15:07 2017] Error : -196608(eVOLNOTMOUNTED_RDSM) in RDsM_ReadTrain.c:90
[PID=8834][Sat Apr  1 10:15:07 2017] Error : -196608(eVOLNOTMOUNTED_RDSM) in bfm_ReadTrain.c:90
[PID=8834][Sat Apr  1 10:15:07 2017] Error : -196608(eVOLNOTMOUNTED_RDSM) in BfM_GetTrain.c:113
[PID=8834][Sat Apr  1 10:15:07 2017] Error : -196608(eVOLNOTMOUNTED_RDSM) in om_AvailSpaceList.c:269
[PID=8834][Sat Apr  1 10:15:07 2017] Error : -262150(eNOTFOUND_BFM) in BfM_FreeTrain.c:80
[PID=8834][Sat Apr  1 10:15:07 2017] Error : -196608(eVOLNOTMOUNTED_RDSM) in RDsM_ReadTrain.c:90
[PID=8834][Sat Apr  1 10:15:07 2017] Error : -196608(eVOLNOTMOUNTED_RDSM) in bfm_ReadTrain.c:90
[PID=8834][Sat Apr  1 10:15:07 2017] Error : -196608(eVOLNOTMOUNTED_RDSM) in BfM_GetTrain.c:113
[PID=8834][Sat Apr  1 10:15:07 2017] Error : -196608(eVOLNOTMOUNTED_RDSM) in RDsM_ReadTrain.c:90
[PID=8834][Sat Apr  1 10:15:07 2017] Error : -196608(eVOLNOTMOUNTED_RDSM) in bfm_ReadTrain.c:90
[PID=8834][Sat Apr  1 10:15:07 2017] Error : -196608(eVOLNOTMOUNTED_RDSM) in BfM_GetTrain.c:113
[PID=8834][Sat Apr  1 10:15:07 2017] Error : -196608(eVOLNOTMOUNTED_RDSM) in om_AvailSpaceList.c:269
[PID=8834][Sat Apr  1 10:15:07 2017] Error : -262150(eNOTFOUND_BFM) in BfM_FreeTrain.c:80
[PID=8834][Sat Apr  1 10:15:07 2017] Error : -196608(eVOLNOTMOUNTED_RDSM) in RDsM_ReadTrain.c:90
[PID=8834][Sat Apr  1 10:15:07 2017] Error : -196608(eVOLNOTMOUNTED_RDSM) in bfm_ReadTrain.c:90
[PID=8834][Sat Apr  1 10:15:07 2017] Error : -196608(eVOLNOTMOUNTED_RDSM) in BfM_GetTrain.c:113
[PID=8834][Sat Apr  1 10:15:07 2017] Error : -196608(eVOLNOTMOUNTED_RDSM) in RDsM_ReadTrain.c:90
[PID=8834][Sat Apr  1 10:15:07 2017] Error : -196608(eVOLNOTMOUNTED_RDSM) in bfm_ReadTrain.c:90
[PID=8834][Sat Apr  1 10:15:07 2017] Error : -196608(eVOLNOTMOUNTED_RDSM) in BfM_GetTrain.c:113
[PID=8834][Sat Apr  1 10:15:07 2017] Error : -196608(eVOLNOTMOUNTED_RDSM) in om_AvailSpaceList.c:269
[PID=8834][Sat Apr  1 10:15:07 2017] Error : -262150(eNOTFOUND_BFM) in BfM_FreeTrain.c:80
[PID=8834][Sat Apr  1 10:15:07 2017] Error : -196608(eVOLNOTMOUNTED_RDSM) in RDsM_ReadTrain.c:90
[PID=8834][Sat Apr  1 10:15:07 2017] Error : -196608(eVOLNOTMOUNTED_RDSM) in bfm_ReadTrain.c:90
[PID=8834][Sat Apr  1 10:15:07 2017] Error : -196608(eVOLNOTMOUNTED_RDSM) in BfM_GetTrain.c:113
[PID=8834][Sat Apr  1 10:15:07 2017] Error : -196608(eVOLNOTMOUNTED_RDSM) in RDsM_ReadTrain.c:90
[PID=8834][Sat Apr  1 10:15:07 2017] Error : -196608(eVOLNOTMOUNTED_RDSM) in bfm_ReadTrain.c:90
[PID=8834][Sat Apr  1 10:15:07 2017] Error : -196608(eVOLNOTMOUNTED_RDSM) in BfM_GetTrain.c:113
[PID=8834][Sat Apr  1 10:15:07 2017] Error : -196608(eVOLNOTMOUNTED_RDSM) in om_AvailSpaceList.c:269
[PID=8834][Sat Apr  1 10:15:07 2017] Error : -262150(eNOTFOUND_BFM) in BfM_FreeTrain.c:80
[PID=8834][Sat Apr  1 10:15:07 2017] Error : -196608(eVOLNOTMOUNTED_RDSM) in RDsM_ReadTrain.c:90
[PID=8834][Sat Apr  1 10:15:07 2017] Error : -196608(eVOLNOTMOUNTED_RDSM) in bfm_ReadTrain.c:90
[PID=8834][Sat Apr  1 10:15:07 2017] Error : -196608(eVOLNOTMOUNTED_RDSM) in BfM_GetTrain.c:113
[PID=8834][Sat Apr  1 10:15:07 2017] Error : -196608(eVOLNOTMOUNTED_RDSM) in RDsM_ReadTrain.c:90
[PID=8834][Sat Apr  1 10:15:07 2017] Error : -196608(eVOLNOTMOUNTED_RDSM) in bfm_ReadTrain.c:90
[PID=8834][Sat Apr  1 10:15:07 2017] Error : -196608(eVOLNOTMOUNTED_RDSM) in BfM_GetTrain.c:113
[PID=8834][Sat Apr  1 10:15:07 2017] Error : -196608(eVOLNOTMOUNTED_RDSM) in om_AvailSpaceList.c:269
[PID=8834][Sat Apr  1 10:15:07 2017] Error : -262150(eNOTFOUND_BFM) in BfM_FreeTrain.c:80
[PID=8834][Sat Apr  1 10:15:07 2017] Error : -196608(eVOLNOTMOUNTED_RDSM) in RDsM_ReadTrain.c:90
[PID=8834][Sat Apr  1 10:15:07 2017] Error : -196608(eVOLNOTMOUNTED_RDSM) in bfm_ReadTrain.c:90
[PID=8834][Sat Apr  1 10:15:07 2017] Error : -196608(eVOLNOTMOUNTED_RDSM) in BfM_GetTrain.c:113
[PID=8834][Sat Apr  1 10:15:07 2017] Error : -196608(eVOLNOTMOUNTED_RDSM) in RDsM_ReadTrain.c:90
[PID=8834][Sat Apr  1 10:15:07 2017] Error : -196608(eVOLNOTMOUNTED_RDSM) in bfm_ReadTrain.c:90
[PID=8834][Sat Apr  1 10:15:07 2017] Error : -196608(eVOLNOTMOUNTED_RDSM) in BfM_GetTrain.c:113
[PID=8834][Sat Apr  1 10:15:07 2017] Error : -196608(eVOLNOTMOUNTED_RDSM) in om_AvailSpaceList.c:269
[PID=8834][Sat Apr  1 10:15:07 2017] Error : -262150(eNOTFOUND_BFM) in BfM_FreeTrain.c:80
[PID=8834][Sat Apr  1 10:15:07 2017] Error : -196608(eVOLNOTMOUNTED_RDSM) in RDsM_ReadTrain.c:90
[PID=8834][Sat Apr  1 10:15:07 2017] Error : -196608(eVOLNOTMOUNTED_RDSM) in bfm_ReadTrain.c:90
[PID=8834][Sat Apr  1 10:15:07 2017] Error : -196608(eVOLNOTMOUNTED_RDSM) in BfM_GetTrain.c:113
[PID=8834][Sat Apr  1 10:15:07 2017] Error : -196608(eVOLNOTMOUNTED_RDSM) in RDsM_ReadTrain.c:90
[PID=8834][Sat Apr  1 10:15:07 2017] Error : -196608(eVOLNOTMOUNTED_RDSM) in bfm_ReadTrain.c:90
[PID=8834][Sat Apr  1 10:15:07 2017] Error : -196608(eVOLNOTMOUNTED_RDSM) in BfM_GetTrain.c:113
[PID=8834][Sat Apr  1 10:15:07 2017] Error : -196608(eVOLNOTMOUNTED_RDSM) in om_AvailSpaceList.c:269
[PID=8834][Sat Apr  1 10:15:07 2017] Error : -262150(eNOTFOUND_BFM) in BfM_FreeTrain.c:80
[PID=8834][Sat Apr  1 10:15:07 2017] Error : -196608(eVOLNOTMOUNTED_RDSM) in RDsM_ReadTrain.c:90
[PID=8834][Sat Apr  1 10:15:07 2017] Error : -196608(eVOLNOTMOUNTED_RDSM) in bfm_ReadTrain.c:90
[PID=8834][Sat Apr  1 10:15:07 2017] Error : -196608(eVOLNOTMOUNTED_RDSM) in BfM_GetTrain.c:113
[PID=8834][Sat Apr  1 10:15:07 2017] Error : -196608(eVOLNOTMOUNTED_RDSM) in RDsM_ReadTrain.c:90
[PID=8834][Sat Apr  1 10:15:07 2017] Error : -196608(eVOLNOTMOUNTED_RDSM) in bfm_ReadTrain.c:90
[PID=8834][Sat Apr  1 10:15:07 2017] Error : -196608(eVOLNOTMOUNTED_RDSM) in BfM_GetTrain.c:113
[PID=8834][Sat Apr  1 10:15:07 2017] Error : -196608(eVOLNOTMOUNTED_RDSM) in om_AvailSpaceList.c:269
[PID=8834][Sat Apr  1 10:15:07 2017] Error : -262150(eNOTFOUND_BFM) in BfM_FreeTrain.c:80
[PID=8834][Sat Apr  1 10:15:07 2017] Error : -196608(eVOLNOTMOUNTED_RDSM) in RDsM_ReadTrain.c:90
[PID=8834][Sat Apr  1 10:15:07 2017] Error : -196608(eVOLNOTMOUNTED_RDSM) in bfm_ReadTrain.c:90
[PID=8834][Sat Apr  1 10:15:07 2017] Error : -196608(eVOLNOTMOUNTED_RDSM) in BfM_GetTrain.c:113
[PID=8834][Sat Apr  1 10:15:07 2017] Error : -196608(eVOLNOTMOUNTED_RDSM) in RDsM_ReadTrain.c:90
[PID=8834][Sat Apr  1 10:15:07 2017] Error : -196608(eVOLNOTMOUNTED_RDSM) in bfm_ReadTrain.c:90
[PID=8834][Sat Apr  1 10:15:07 2017] Error : -196608(eVOLNOTMOUNTED_RDSM) in BfM_GetTrain.c:113
[PID=8834][Sat Apr  1 10:15:07 2017] Error : -196608(eVOLNOTMOUNTED_RDSM) in om_AvailSpaceList.c:269
[PID=8834][Sat Apr  1 10:15:07 2017] Error : -262150(eNOTFOUND_BFM) in BfM_FreeTrain.c:80
[PID=8834][Sat Apr  1 10:15:07 2017] Error : -196608(eVOLNOTMOUNTED_RDSM) in RDsM_ReadTrain.c:90
[PID=8834][Sat Apr  1 10:15:07 2017] Error : -196608(eVOLNOTMOUNTED_RDSM) in bfm_ReadTrain.c:90
[PID=8834][Sat Apr  1 10:15:07 2017] Error : -196608(eVOLNOTMOUNTED_RDSM) in BfM_GetTrain.c:113
[PID=8834][Sat Apr  1 10:15:07 2017] Error : -196608(eVOLNOTMOUNTED_RDSM) in RDsM_ReadTrain.c:90
[PID=8834][Sat Apr  1 10:15:07 2017] Error : -196608(eVOLNOTMOUNTED_RDSM) in bfm_ReadTrain.c:90
[PID=8834][Sat Apr  1 10:15:07 2017] Error : -196608(eVOLNOTMOUNTED_RDSM) in BfM_GetTrain.c:113
[PID=8834][Sat Apr  1 10:15:07 2017] Error : -196608(eVOLNOTMOUNTED_RDSM) in om_AvailSpaceList.c:269
[PID=8834][Sat Apr  1 10:15:07 2017] Error : -262150(eNOTFOUND_BFM) in BfM_FreeTrain.c:80
[PID=8834][Sat Apr  1 10:15:07 2017] Error : -196608(eVOLNOTMOUNTED_RDSM) in RDsM_ReadTrain.c:90
[PID=8834][Sat Apr  1 10:15:07 2017] Error : -196608(eVOLNOTMOUNTED_RDSM) in bfm_ReadTrain.c:90
[PID=8834][Sat Apr  1 10:15:07 2017] Error : -196608(eVOLNOTMOUNTED_RDSM) in BfM_GetTrain.c:113
[PID=8834][Sat Apr  1 10:15:07 2017] Error : -196608(eVOLNOTMOUNTED_RDSM) in RDsM_ReadTrain.c:90
[PID=8834][Sat Apr  1 10:15:07 2017] Error : -196608(eVOLNOTMOUNTED_RDSM) in bfm_ReadTrain.c:90
[PID=8834][Sat Apr  1 10:15:07 2017] Error : -196608(eVOLNOTMOUNTED_RDSM) in BfM_GetTrain.c:113
[PID=8834][Sat Apr  1 10:15:07 2017] Error : -196608(eVOLNOTMOUNTED_RDSM) in om_AvailSpaceList.c:269
[PID=8834][Sat Apr  1 10:15:07 2017] Error : -262150(eNOTFOUND_BFM) in BfM_FreeTrain.c:80
[PID=8834][Sat Apr  1 10:15:07 2017] Error : -196608(eVOLNOTMOUNTED_RDSM) in RDsM_ReadTrain.c:90
[PID=8834][Sat Apr  1 10:15:07 2017] Error : -196608(eVOLNOTMOUNTED_RDSM) in bfm_ReadTrain.c:90
[PID=8834][Sat Apr  1 10:15:07 2017] Error : -196608(eVOLNOTMOUNTED_RDSM) in BfM_GetTrain.c:113
[PID=8834][Sat Apr  1 10:15:07 2017] Error : -196608(eVOLNOTMOUNTED_RDSM) in RDsM_ReadTrain.c:90
[PID=8834][Sat Apr  1 10:15:07 2017] Error : -196608(eVOLNOTMOUNTED_RDSM) in bfm_ReadTrain.c:90
[PID=8834][Sat Apr  1 10:15:07 2017] Error : -196608(eVOLNOTMOUNTED_RDSM) in BfM_GetTrain.c:113
[PID=8834][Sat Apr  1 10:15:07 2017] Error : -196608(eVOLNOTMOUNTED_RDSM) in om_AvailSpaceList.c:269
[PID=8834][Sat Apr  1 10:15:07 2017] Error : -262150(eNOTFOUND_BFM) in BfM_FreeTrain.c:80
[PID=8834][Sat Apr  1 10:15:07 2017] Error : -196608(eVOLNOTMOUNTED_RDSM) in RDsM_ReadTrain.c:90
[PID=8834][Sat Apr  1 10:15:07 2017] Error : -196608(eVOLNOTMOUNTED_RDSM) in bfm_ReadTrain.c:90
[PID=8834][Sat Apr  1 10:15:07 2017] Error : -196608(eVOLNOTMOUNTED_RDSM) in BfM_GetTrain.c:113
[PID=8834][Sat Apr  1 10:15:07 2017] Error : -196608(eVOLNOTMOUNTED_RDSM) in RDsM_ReadTrain.c:90
[PID=8834][Sat Apr  1 10:15:07 2017] Error : -196608(eVOLNOTMOUNTED_RDSM) in bfm_ReadTrain.c:90
[PID=8834][Sat Apr  1 10:15:07 2017] Error : -196608(eVOLNOTMOUNTED_RDSM) in BfM_GetTrain.c:113
[PID=8834][Sat Apr  1 10:15:07 2017] Error : -196608(eVOLNOTMOUNTED_RDSM) in om_AvailSpaceList.c:269
[PID=8834][Sat Apr  1 10:15:07 2017] Error : -262150(eNOTFOUND_BFM) in BfM_FreeTrain.c:80
[PID=8834][Sat Apr  1 10:15:07 2017] Error : -196608(eVOLNOTMOUNTED_RDSM) in RDsM_ReadTrain.c:90
[PID=8834][Sat Apr  1 10:15:07 2017] Error : -196608(eVOLNOTMOUNTED_RDSM) in bfm_ReadTrain.c:90
[PID=8834][Sat Apr  1 10:15:07 2017] Error : -196608(eVOLNOTMOUNTED_RDSM) in BfM_GetTrain.c:113
[PID=8834][Sat Apr  1 10:15:07 2017] Error : -196608(eVOLNOTMOUNTED_RDSM) in RDsM_ReadTrain.c:90
[PID=8834][Sat Apr  1 10:15:07 2017] Error : -196608(eVOLNOTMOUNTED_RDSM) in bfm_ReadTrain.c:90
[PID=8834][Sat Apr  1 10:15:07 2017] Error : -196608(eVOLNOTMOUNTED_RDSM) in BfM_GetTrain.c:113
[PID=8834][Sat Apr  1 10:15:07 2017] Error : -196608(eVOLNOTMOUNTED_RDSM) in om_AvailSpaceList.c:269
[PID=8834][Sat Apr  1 10:15:07 2017] Error : -262150(eNOTFOUND_BFM) in BfM_FreeTrain.c:80
[PID=8834][Sat Apr  1 10:15:07 2017] Error : -196608(eVOLNOTMOUNTED_RDSM) in RDsM_ReadTrain.c:90
[PID=8834][Sat Apr  1 10:15:07 2017] Error : -196608(eVOLNOTMOUNTED_RDSM) in bfm_ReadTrain.c:90
[PID=8834][Sat Apr  1 10:15:07 2017] Error : -196608(eVOLNOTMOUNTED_RDSM) in BfM_GetTrain.c:113
[PID=8834][Sat Apr  1 10:15:07 2017] Error : -196608(eVOLNOTMOUNTED_RDSM) in RDsM_ReadTrain.c:90
[PID=8834][Sat Apr  1 10:15:07 2017] Error : -196608(eVOLNOTMOUNTED_RDSM) in bfm_ReadTrain.c:90
[PID=8834][Sat Apr  1 10:15:07 2017] Error : -196608(eVOLNOTMOUNTED_RDSM) in BfM_GetTrain.c:113
[PID=8834][Sat Apr  1 10:15:07 2017] Error : -196608(eVOLNOTMOUNTED_RDSM) in om_AvailSpaceList.c:269
[PID=8834][Sat Apr  1 10:15:07 2017] Error : -262150(eNOTFOUND_BFM) in BfM_FreeTrain.c:80
[PID=8834][Sat Apr  1 10:15:07 2017] Error : -196608(eVOLNOTMOUNTED_RDSM) in RDsM_ReadTrain.c:90
[PID=8834][Sat Apr  1 10:15:07 2017] Error : -196608(eVOLNOTMOUNTED_RDSM) in bfm_ReadTrain.c:90
[PID=8834][Sat Apr  1 10:15:07 2017] Error : -196608(eVOLNOTMOUNTED_RDSM) in BfM_GetTrain.c:113
[PID=8834][Sat Apr  1 10:15:07 2017] Error : -196608(eVOLNOTMOUNTED_RDSM) in RDsM_ReadTrain.c:90
[PID=8834][Sat Apr  1 10:15:07 2017] Error : -196608(eVOLNOTMOUNTED_RDSM) in bfm_ReadTrain.c:90
[PID=8834][Sat Apr  1 10:15:07 2017] Error : -196608(eVOLNOTMOUNTED_RDSM) in BfM_GetTrain.c:113
[PID=8834][Sat Apr  1 10:15:07 2017] Error : -196608(eVOLNOTMOUNTED_RDSM) in om_AvailSpaceList.c:269
[PID=8834][Sat Apr  1 10:15:07 2017] Error : -262150(eNOTFOUND_BFM) in BfM_FreeTrain.c:80
[PID=8834][Sat Apr  1 10:15:07 2017] Error : -196608(eVOLNOTMOUNTED_RDSM) in RDsM_ReadTrain.c:90
[PID=8834][Sat Apr  1 10:15:07 2017] Error : -196608(eVOLNOTMOUNTED_RDSM) in bfm_ReadTrain.c:90
[PID=8834][Sat Apr  1 10:15:07 2017] Error : -196608(eVOLNOTMOUNTED_RDSM) in BfM_GetTrain.c:113
[PID=8834][Sat Apr  1 10:15:07 2017] Error : -196608(eVOLNOTMOUNTED_RDSM) in RDsM_ReadTrain.c:90
[PID=8834][Sat Apr  1 10:15:07 2017] Error : -196608(eVOLNOTMOUNTED_RDSM) in bfm_ReadTrain.c:90
[PID=8834][Sat Apr  1 10:15:07 2017] Error : -196608(eVOLNOTMOUNTED_RDSM) in BfM_GetTrain.c:113
[PID=8834][Sat Apr  1 10:15:07 2017] Error : -196608(eVOLNOTMOUNTED_RDSM) in om_AvailSpaceList.c:269
[PID=8834][Sat Apr  1 10:15:07 2017] Error : -262150(eNOTFOUND_BFM) in BfM_FreeTrain.c:80
[PID=8834][Sat Apr  1 10:15:07 2017] Error : -196608(eVOLNOTMOUNTED_RDSM) in RDsM_ReadTrain.c:90
[PID=8834][Sat Apr  1 10:15:07 2017] Error : -196608(eVOLNOTMOUNTED_RDSM) in bfm_ReadTrain.c:90
[PID=8834][Sat Apr  1 10:15:07 2017] Error : -196608(eVOLNOTMOUNTED_RDSM) in BfM_GetTrain.c:113
[PID=8834][Sat Apr  1 10:15:07 2017] Error : -196608(eVOLNOTMOUNTED_RDSM) in RDsM_ReadTrain.c:90
[PID=8834][Sat Apr  1 10:15:07 2017] Error : -196608(eVOLNOTMOUNTED_RDSM) in bfm_ReadTrain.c:90
[PID=8834][Sat Apr  1 10:15:07 2017] Error : -196608(eVOLNOTMOUNTED_RDSM) in BfM_GetTrain.c:113
[PID=8834][Sat Apr  1 10:15:07 2017] Error : -196608(eVOLNOTMOUNTED_RDSM) in om_AvailSpaceList.c:269
[PID=8834][Sat Apr  1 10:15:07 2017] Error : -262150(eNOTFOUND_BFM) in BfM_FreeTrain.c:80
[PID=8834][Sat Apr  1 10:15:07 2017] Error : -196608(eVOLNOTMOUNTED_RDSM) in RDsM_ReadTrain.c:90
[PID=8834][Sat Apr  1 10:15:07 2017] Error : -196608(eVOLNOTMOUNTED_RDSM) in bfm_ReadTrain.c:90
[PID=8834][Sat Apr  1 10:15:07 2017] Error : -196608(eVOLNOTMOUNTED_RDSM) in BfM_GetTrain.c:113
[PID=8834][Sat Apr  1 10:15:07 2017] Error : -196608(eVOLNOTMOUNTED_RDSM) in RDsM_ReadTrain.c:90
[PID=8834][Sat Apr  1 10:15:07 2017] Error : -196608(eVOLNOTMOUNTED_RDSM) in bfm_ReadTrain.c:90
[PID=8834][Sat Apr  1 10:15:07 2017] Error : -196608(eVOLNOTMOUNTED_RDSM) in BfM_GetTrain.c:113
[PID=8834][Sat Apr  1 10:15:07 2017] Error : -196608(eVOLNOTMOUNTED_RDSM) in om_AvailSpaceList.c:269
[PID=8834][Sat Apr  1 10:15:07 2017] Error : -262150(eNOTFOUND_BFM) in BfM_FreeTrain.c:80
[PID=8834][Sat Apr  1 10:15:07 2017] Error : -196608(eVOLNOTMOUNTED_RDSM) in RDsM_ReadTrain.c:90
[PID=8834][Sat Apr  1 10:15:07 2017] Error : -196608(eVOLNOTMOUNTED_RDSM) in bfm_ReadTrain.c:90
[PID=8834][Sat Apr  1 10:15:07 2017] Error : -196608(eVOLNOTMOUNTED_RDSM) in BfM_GetTrain.c:113
[PID=8834][Sat Apr  1 10:15:07 2017] Error : -196608(eVOLNOTMOUNTED_RDSM) in RDsM_ReadTrain.c:90
[PID=8834][Sat Apr  1 10:15:07 2017] Error : -196608(eVOLNOTMOUNTED_RDSM) in bfm_ReadTrain.c:90
[PID=8834][Sat Apr  1 10:15:07 2017] Error : -196608(eVOLNOTMOUNTED_RDSM) in BfM_GetTrain.c:113
[PID=8834][Sat Apr  1 10:15:07 2017] Error : -196608(eVOLNOTMOUNTED_RDSM) in om_AvailSpaceList.c:269
[PID=8834][Sat Apr  1 10:15:07 2017] Error : -262150(eNOTFOUND_BFM) in BfM_FreeTrain.c:80
[PID=8834][Sat Apr  1 10:15:07 2017] Error : -196608(eVOLNOTMOUNTED_RDSM) in RDsM_ReadTrain.c:90
[PID=8834][Sat Apr  1 10:15:07 2017] Error : -196608(eVOLNOTMOUNTED_RDSM) in bfm_ReadTrain.c:90
[PID=8834][Sat Apr  1 10:15:07 2017] Error : -196608(eVOLNOTMOUNTED_RDSM) in BfM_GetTrain.c:113
[PID=8834][Sat Apr  1 10:15:07 2017] Error : -196608(eVOLNOTMOUNTED_RDSM) in RDsM_ReadTrain.c:90
[PID=8834][Sat Apr  1 10:15:07 2017] Error : -196608(eVOLNOTMOUNTED_RDSM) in bfm_ReadTrain.c:90
[PID=8834][Sat Apr  1 10:15:07 2017] Error : -196608(eVOLNOTMOUNTED_RDSM) in BfM_GetTrain.c:113
[PID=8834][Sat Apr  1 10:15:07 2017] Error : -196608(eVOLNOTMOUNTED_RDSM) in om_AvailSpaceList.c:269
[PID=8834][Sat Apr  1 10:15:07 2017] Error : -262150(eNOTFOUND_BFM) in BfM_FreeTrain.c:80
[PID=8834][Sat Apr  1 10:15:07 2017] Error : -196608(eVOLNOTMOUNTED_RDSM) in RDsM_ReadTrain.c:90
[PID=8834][Sat Apr  1 10:15:07 2017] Error : -196608(eVOLNOTMOUNTED_RDSM) in bfm_ReadTrain.c:90
[PID=8834][Sat Apr  1 10:15:07 2017] Error : -196608(eVOLNOTMOUNTED_RDSM) in BfM_GetTrain.c:113
[PID=8834][Sat Apr  1 10:15:07 2017] Error : -196608(eVOLNOTMOUNTED_RDSM) in RDsM_ReadTrain.c:90
[PID=8834][Sat Apr  1 10:15:07 2017] Error : -196608(eVOLNOTMOUNTED_RDSM) in bfm_ReadTrain.c:90
[PID=8834][Sat Apr  1 10:15:07 2017] Error : -196608(eVOLNOTMOUNTED_RDSM) in BfM_GetTrain.c:113
[PID=8834][Sat Apr  1 10:15:07 2017] Error : -196608(eVOLNOTMOUNTED_RDSM) in om_AvailSpaceList.c:269
[PID=8834][Sat Apr  1 10:15:07 2017] Error : -262150(eNOTFOUND_BFM) in BfM_FreeTrain.c:80
[PID=8834][Sat Apr  1 10:15:07 2017] Error : -196608(eVOLNOTMOUNTED_RDSM) in RDsM_ReadTrain.c:90
[PID=8834][Sat Apr  1 10:15:07 2017] Error : -196608(eVOLNOTMOUNTED_RDSM) in bfm_ReadTrain.c:90
[PID=8834][Sat Apr  1 10:15:07 2017] Error : -196608(eVOLNOTMOUNTED_RDSM) in BfM_GetTrain.c:113
[PID=8834][Sat Apr  1 10:15:07 2017] Error : -196608(eVOLNOTMOUNTED_RDSM) in RDsM_ReadTrain.c:90
[PID=8834][Sat Apr  1 10:15:07 2017] Error : -196608(eVOLNOTMOUNTED_RDSM) in bfm_ReadTrain.c:90
[PID=8834][Sat Apr  1 10:15:07 2017] Error : -196608(eVOLNOTMOUNTED_RDSM) in BfM_GetTrain.c:113
[PID=8834][Sat Apr  1 10:15:07 2017] Error : -196608(eVOLNOTMOUNTED_RDSM) in om_AvailSpaceList.c:269
[PID=8834][Sat Apr  1 10:15:07 2017] Error : -262150(eNOTFOUND_BFM) in BfM_FreeTrain.c:80
[PID=8834][Sat Apr  1 10:15:07 2017] Error : -196608(eVOLNOTMOUNTED_RDSM) in RDsM_ReadTrain.c:90
[PID=8834][Sat Apr  1 10:15:07 2017] Error : -196608(eVOLNOTMOUNTED_RDSM) in bfm_ReadTrain.c:90
[PID=8834][Sat Apr  1 10:15:07 2017] Error : -196608(eVOLNOTMOUNTED_RDSM) in BfM_GetTrain.c:113
[PID=8834][Sat Apr  1 10:15:07 2017] Error : -196608(eVOLNOTMOUNTED_RDSM) in RDsM_ReadTrain.c:90
[PID=8834][Sat Apr  1 10:15:07 2017] Error : -196608(eVOLNOTMOUNTED_RDSM) in bfm_ReadTrain.c:90
[PID=8834][Sat Apr  1 10:15:07 2017] Error : -196608(eVOLNOTMOUNTED_RDSM) in BfM_GetTrain.c:113
[PID=8834][Sat Apr  1 10:15:07 2017] Error : -196608(eVOLNOTMOUNTED_RDSM) in om_AvailSpaceList.c:269
[PID=8834][Sat Apr  1 10:15:07 2017] Error : -262150(eNOTFOUND_BFM) in BfM_FreeTrain.c:80
[PID=8834][Sat Apr  1 10:15:07 2017] Error : -196608(eVOLNOTMOUNTED_RDSM) in RDsM_ReadTrain.c:90
[PID=8834][Sat Apr  1 10:15:07 2017] Error : -196608(eVOLNOTMOUNTED_RDSM) in bfm_ReadTrain.c:90
[PID=8834][Sat Apr  1 10:15:07 2017] Error : -196608(eVOLNOTMOUNTED_RDSM) in BfM_GetTrain.c:113
[PID=8834][Sat Apr  1 10:15:07 2017] Error : -196608(eVOLNOTMOUNTED_RDSM) in RDsM_ReadTrain.c:90
[PID=8834][Sat Apr  1 10:15:07 2017] Error : -196608(eVOLNOTMOUNTED_RDSM) in bfm_ReadTrain.c:90
[PID=8834][Sat Apr  1 10:15:07 2017] Error : -196608(eVOLNOTMOUNTED_RDSM) in BfM_GetTrain.c:113
[PID=8834][Sat Apr  1 10:15:07 2017] Error : -196608(eVOLNOTMOUNTED_RDSM) in om_AvailSpaceList.c:269
[PID=8834][Sat Apr  1 10:15:07 2017] Error : -262150(eNOTFOUND_BFM) in BfM_FreeTrain.c:80
[PID=8834][Sat Apr  1 10:15:07 2017] Error : -196608(eVOLNOTMOUNTED_RDSM) in RDsM_ReadTrain.c:90
[PID=8834][Sat Apr  1 10:15:07 2017] Error : -196608(eVOLNOTMOUNTED_RDSM) in bfm_ReadTrain.c:90
[PID=8834][Sat Apr  1 10:15:07 2017] Error : -196608(eVOLNOTMOUNTED_RDSM) in BfM_GetTrain.c:113
[PID=8834][Sat Apr  1 10:15:07 2017] Error : -196608(eVOLNOTMOUNTED_RDSM) in RDsM_ReadTrain.c:90
[PID=8834][Sat Apr  1 10:15:07 2017] Error : -196608(eVOLNOTMOUNTED_RDSM) in bfm_ReadTrain.c:90
[PID=8834][Sat Apr  1 10:15:07 2017] Error : -196608(eVOLNOTMOUNTED_RDSM) in BfM_GetTrain.c:113
[PID=8834][Sat Apr  1 10:15:07 2017] Error : -196608(eVOLNOTMOUNTED_RDSM) in om_AvailSpaceList.c:269
[PID=8834][Sat Apr  1 10:15:07 2017] Error : -262150(eNOTFOUND_BFM) in BfM_FreeTrain.c:80
[PID=8834][Sat Apr  1 10:15:07 2017] Error : -196608(eVOLNOTMOUNTED_RDSM) in RDsM_ReadTrain.c:90
[PID=8834][Sat Apr  1 10:15:07 2017] Error : -196608(eVOLNOTMOUNTED_RDSM) in bfm_ReadTrain.c:90
[PID=8834][Sat Apr  1 10:15:07 2017] Error : -196608(eVOLNOTMOUNTED_RDSM) in BfM_GetTrain.c:113
[PID=8834][Sat Apr  1 10:15:07 2017] Error : -196608(eVOLNOTMOUNTED_RDSM) in RDsM_ReadTrain.c:90
[PID=8834][Sat Apr  1 10:15:07 2017] Error : -196608(eVOLNOTMOUNTED_RDSM) in bfm_ReadTrain.c:90
[PID=8834][Sat Apr  1 10:15:07 2017] Error : -196608(eVOLNOTMOUNTED_RDSM) in BfM_GetTrain.c:113
[PID=8834][Sat Apr  1 10:15:07 2017] Error : -196608(eVOLNOTMOUNTED_RDSM) in om_AvailSpaceList.c:269
[PID=8834][Sat Apr  1 10:15:07 2017] Error : -262150(eNOTFOUND_BFM) in BfM_FreeTrain.c:80
[PID=8834][Sat Apr  1 10:15:07 2017] Error : -196608(eVOLNOTMOUNTED_RDSM) in RDsM_ReadTrain.c:90
[PID=8834][Sat Apr  1 10:15:07 2017] Error : -196608(eVOLNOTMOUNTED_RDSM) in bfm_ReadTrain.c:90
[PID=8834][Sat Apr  1 10:15:07 2017] Error : -196608(eVOLNOTMOUNTED_RDSM) in BfM_GetTrain.c:113
[PID=8834][Sat Apr  1 10:15:07 2017] Error : -196608(eVOLNOTMOUNTED_RDSM) in RDsM_ReadTrain.c:90
[PID=8834][Sat Apr  1 10:15:07 2017] Error : -196608(eVOLNOTMOUNTED_RDSM) in bfm_ReadTrain.c:90
[PID=8834][Sat Apr  1 10:15:07 2017] Error : -196608(eVOLNOTMOUNTED_RDSM) in BfM_GetTrain.c:113
[PID=8834][Sat Apr  1 10:15:07 2017] Error : -196608(eVOLNOTMOUNTED_RDSM) in om_AvailSpaceList.c:269
[PID=8834][Sat Apr  1 10:15:07 2017] Error : -262150(eNOTFOUND_BFM) in BfM_FreeTrain.c:80
[PID=8834][Sat Apr  1 10:15:07 2017] Error : -196608(eVOLNOTMOUNTED_RDSM) in RDsM_ReadTrain.c:90
[PID=8834][Sat Apr  1 10:15:07 2017] Error : -196608(eVOLNOTMOUNTED_RDSM) in bfm_ReadTrain.c:90
[PID=8834][Sat Apr  1 10:15:07 2017] Error : -196608(eVOLNOTMOUNTED_RDSM) in BfM_GetTrain.c:113
[PID=8834][Sat Apr  1 10:15:07 2017] Error : -196608(eVOLNOTMOUNTED_RDSM) in RDsM_ReadTrain.c:90
[PID=8834][Sat Apr  1 10:15:07 2017] Error : -196608(eVOLNOTMOUNTED_RDSM) in bfm_ReadTrain.c:90
[PID=8834][Sat Apr  1 10:15:07 2017] Error : -196608(eVOLNOTMOUNTED_RDSM) in BfM_GetTrain.c:113
[PID=8834][Sat Apr  1 10:15:07 2017] Error : -196608(eVOLNOTMOUNTED_RDSM) in om_AvailSpaceList.c:269
[PID=8834][Sat Apr  1 10:15:07 2017] Error : -262150(eNOTFOUND_BFM) in BfM_FreeTrain.c:80
[PID=8834][Sat Apr  1 10:15:07 2017] Error : -196608(eVOLNOTMOUNTED_RDSM) in RDsM_ReadTrain.c:90
[PID=8834][Sat Apr  1 10:15:07 2017] Error : -196608(eVOLNOTMOUNTED_RDSM) in bfm_ReadTrain.c:90
[PID=8834][Sat Apr  1 10:15:07 2017] Error : -196608(eVOLNOTMOUNTED_RDSM) in BfM_GetTrain.c:113
[PID=8834][Sat Apr  1 10:15:07 2017] Error : -196608(eVOLNOTMOUNTED_RDSM) in RDsM_ReadTrain.c:90
[PID=8834][Sat Apr  1 10:15:07 2017] Error : -196608(eVOLNOTMOUNTED_RDSM) in bfm_ReadTrain.c:90
[PID=8834][Sat Apr  1 10:15:07 2017] Error : -196608(eVOLNOTMOUNTED_RDSM) in BfM_GetTrain.c:113
[PID=8834][Sat Apr  1 10:15:07 2017] Error : -196608(eVOLNOTMOUNTED_RDSM) in om_AvailSpaceList.c:269
[PID=8834][Sat Apr  1 10:15:07 2017] Error : -262150(eNOTFOUND_BFM) in BfM_FreeTrain.c:80
[PID=8834][Sat Apr  1 10:15:07 2017] Error : -196608(eVOLNOTMOUNTED_RDSM) in RDsM_ReadTrain.c:90
[PID=8834][Sat Apr  1 10:15:07 2017] Error : -196608(eVOLNOTMOUNTED_RDSM) in bfm_ReadTrain.c:90
[PID=8834][Sat Apr  1 10:15:07 2017] Error : -196608(eVOLNOTMOUNTED_RDSM) in BfM_GetTrain.c:113
[PID=8834][Sat Apr  1 10:15:07 2017] Error : -196608(eVOLNOTMOUNTED_RDSM) in RDsM_ReadTrain.c:90
[PID=8834][Sat Apr  1 10:15:07 2017] Error : -196608(eVOLNOTMOUNTED_RDSM) in bfm_ReadTrain.c:90
[PID=8834][Sat Apr  1 10:15:07 2017] Error : -196608(eVOLNOTMOUNTED_RDSM) in BfM_GetTrain.c:113
[PID=8834][Sat Apr  1 10:15:07 2017] Error : -196608(eVOLNOTMOUNTED_RDSM) in om_AvailSpaceList.c:269
[PID=8834][Sat Apr  1 10:15:07 2017] Error : -262150(eNOTFOUND_BFM) in BfM_FreeTrain.c:80
[PID=8834][Sat Apr  1 10:15:07 2017] Error : -196608(eVOLNOTMOUNTED_RDSM) in RDsM_ReadTrain.c:90
[PID=8834][Sat Apr  1 10:15:07 2017] Error : -196608(eVOLNOTMOUNTED_RDSM) in bfm_ReadTrain.c:90
[PID=8834][Sat Apr  1 10:15:07 2017] Error : -196608(eVOLNOTMOUNTED_RDSM) in BfM_GetTrain.c:113
[PID=8834][Sat Apr  1 10:15:07 2017] Error : -196608(eVOLNOTMOUNTED_RDSM) in RDsM_ReadTrain.c:90
[PID=8834][Sat Apr  1 10:15:07 2017] Error : -196608(eVOLNOTMOUNTED_RDSM) in bfm_ReadTrain.c:90
[PID=8834][Sat Apr  1 10:15:07 2017] Error : -196608(eVOLNOTMOUNTED_RDSM) in BfM_GetTrain.c:113
[PID=8834][Sat Apr  1 10:15:07 2017] Error : -196608(eVOLNOTMOUNTED_RDSM) in om_AvailSpaceList.c:269
[PID=8834][Sat Apr  1 10:15:07 2017] Error : -262150(eNOTFOUND_BFM) in BfM_FreeTrain.c:80
[PID=8834][Sat Apr  1 10:15:07 2017] Error : -196608(eVOLNOTMOUNTED_RDSM) in RDsM_ReadTrain.c:90
[PID=8834][Sat Apr  1 10:15:07 2017] Error : -196608(eVOLNOTMOUNTED_RDSM) in bfm_ReadTrain.c:90
[PID=8834][Sat Apr  1 10:15:07 2017] Error : -196608(eVOLNOTMOUNTED_RDSM) in BfM_GetTrain.c:113
[PID=8834][Sat Apr  1 10:15:07 2017] Error : -196608(eVOLNOTMOUNTED_RDSM) in RDsM_ReadTrain.c:90
[PID=8834][Sat Apr  1 10:15:07 2017] Error : -196608(eVOLNOTMOUNTED_RDSM) in bfm_ReadTrain.c:90
[PID=8834][Sat Apr  1 10:15:07 2017] Error : -196608(eVOLNOTMOUNTED_RDSM) in BfM_GetTrain.c:113
[PID=8834][Sat Apr  1 10:15:07 2017] Error : -196608(eVOLNOTMOUNTED_RDSM) in om_AvailSpaceList.c:269
[PID=8834][Sat Apr  1 10:15:07 2017] Error : -262150(eNOTFOUND_BFM) in BfM_FreeTrain.c:80
[PID=8834][Sat Apr  1 10:15:07 2017] Error : -196608(eVOLNOTMOUNTED_RDSM) in RDsM_ReadTrain.c:90
[PID=8834][Sat Apr  1 10:15:07 2017] Error : -196608(eVOLNOTMOUNTED_RDSM) in bfm_ReadTrain.c:90
[PID=8834][Sat Apr  1 10:15:07 2017] Error : -196608(eVOLNOTMOUNTED_RDSM) in BfM_GetTrain.c:113
[PID=8834][Sat Apr  1 10:15:07 2017] Error : -196608(eVOLNOTMOUNTED_RDSM) in RDsM_ReadTrain.c:90
[PID=8834][Sat Apr  1 10:15:07 2017] Error : -196608(eVOLNOTMOUNTED_RDSM) in bfm_ReadTrain.c:90
[PID=8834][Sat Apr  1 10:15:07 2017] Error : -196608(eVOLNOTMOUNTED_RDSM) in BfM_GetTrain.c:113
[PID=8834][Sat Apr  1 10:15:07 2017] Error : -196608(eVOLNOTMOUNTED_RDSM) in om_AvailSpaceList.c:269
[PID=8834][Sat Apr  1 10:15:07 2017] Error : -262150(eNOTFOUND_BFM) in BfM_FreeTrain.c:80
[PID=8834][Sat Apr  1 10:15:07 2017] Error : -196608(eVOLNOTMOUNTED_RDSM) in RDsM_ReadTrain.c:90
[PID=8834][Sat Apr  1 10:15:07 2017] Error : -196608(eVOLNOTMOUNTED_RDSM) in bfm_ReadTrain.c:90
[PID=8834][Sat Apr  1 10:15:07 2017] Error : -196608(eVOLNOTMOUNTED_RDSM) in BfM_GetTrain.c:113
[PID=8834][Sat Apr  1 10:15:07 2017] Error : -196608(eVOLNOTMOUNTED_RDSM) in RDsM_ReadTrain.c:90
[PID=8834][Sat Apr  1 10:15:07 2017] Error : -196608(eVOLNOTMOUNTED_RDSM) in bfm_ReadTrain.c:90
[PID=8834][Sat Apr  1 10:15:07 2017] Error : -196608(eVOLNOTMOUNTED_RDSM) in BfM_GetTrain.c:113
[PID=8834][Sat Apr  1 10:15:07 2017] Error : -196608(eVOLNOTMOUNTED_RDSM) in om_AvailSpaceList.c:269
[PID=8834][Sat Apr  1 10:15:07 2017] Error : -262150(eNOTFOUND_BFM) in BfM_FreeTrain.c:80
[PID=8834][Sat Apr  1 10:15:07 2017] Error : -196608(eVOLNOTMOUNTED_RDSM) in RDsM_ReadTrain.c:90
[PID=8834][Sat Apr  1 10:15:07 2017] Error : -196608(eVOLNOTMOUNTED_RDSM) in bfm_ReadTrain.c:90
[PID=8834][Sat Apr  1 10:15:07 2017] Error : -196608(eVOLNOTMOUNTED_RDSM) in BfM_GetTrain.c:113
[PID=8834][Sat Apr  1 10:15:07 2017] Error : -196608(eVOLNOTMOUNTED_RDSM) in RDsM_ReadTrain.c:90
[PID=8834][Sat Apr  1 10:15:07 2017] Error : -196608(eVOLNOTMOUNTED_RDSM) in bfm_ReadTrain.c:90
[PID=8834][Sat Apr  1 10:15:07 2017] Error : -196608(eVOLNOTMOUNTED_RDSM) in BfM_GetTrain.c:113
[PID=8834][Sat Apr  1 10:15:07 2017] Error : -196608(eVOLNOTMOUNTED_RDSM) in om_AvailSpaceList.c:269
[PID=8834][Sat Apr  1 10:15:07 2017] Error : -262150(eNOTFOUND_BFM) in BfM_FreeTrain.c:80
[PID=8834][Sat Apr  1 10:15:07 2017] Error : -196608(eVOLNOTMOUNTED_RDSM) in RDsM_ReadTrain.c:90
[PID=8834][Sat Apr  1 10:15:07 2017] Error : -196608(eVOLNOTMOUNTED_RDSM) in bfm_ReadTrain.c:90
[PID=8834][Sat Apr  1 10:15:07 2017] Error : -196608(eVOLNOTMOUNTED_RDSM) in BfM_GetTrain.c:113
[PID=8834][Sat Apr  1 10:15:07 2017] Error : -196608(eVOLNOTMOUNTED_RDSM) in RDsM_ReadTrain.c:90
[PID=8834][Sat Apr  1 10:15:07 2017] Error : -196608(eVOLNOTMOUNTED_RDSM) in bfm_ReadTrain.c:90
[PID=8834][Sat Apr  1 10:15:07 2017] Error : -196608(eVOLNOTMOUNTED_RDSM) in BfM_GetTrain.c:113
[PID=8834][Sat Apr  1 10:15:07 2017] Error : -196608(eVOLNOTMOUNTED_RDSM) in om_AvailSpaceList.c:269
[PID=8834][Sat Apr  1 10:15:07 2017] Error : -262150(eNOTFOUND_BFM) in BfM_FreeTrain.c:80
[PID=8834][Sat Apr  1 10:15:07 2017] Error : -196608(eVOLNOTMOUNTED_RDSM) in RDsM_ReadTrain.c:90
[PID=8834][Sat Apr  1 10:15:07 2017] Error : -196608(eVOLNOTMOUNTED_RDSM) in bfm_ReadTrain.c:90
[PID=8834][Sat Apr  1 10:15:07 2017] Error : -196608(eVOLNOTMOUNTED_RDSM) in BfM_GetTrain.c:113
[PID=8834][Sat Apr  1 10:15:07 2017] Error : -196608(eVOLNOTMOUNTED_RDSM) in RDsM_ReadTrain.c:90
[PID=8834][Sat Apr  1 10:15:07 2017] Error : -196608(eVOLNOTMOUNTED_RDSM) in bfm_ReadTrain.c:90
[PID=8834][Sat Apr  1 10:15:07 2017] Error : -196608(eVOLNOTMOUNTED_RDSM) in BfM_GetTrain.c:113
[PID=8834][Sat Apr  1 10:15:07 2017] Error : -196608(eVOLNOTMOUNTED_RDSM) in om_AvailSpaceList.c:269
[PID=8834][Sat Apr  1 10:15:07 2017] Error : -262150(eNOTFOUND_BFM) in BfM_FreeTrain.c:80
[PID=8834][Sat Apr  1 10:15:07 2017] Error : -196608(eVOLNOTMOUNTED_RDSM) in RDsM_ReadTrain.c:90
[PID=8834][Sat Apr  1 10:15:07 2017] Error : -196608(eVOLNOTMOUNTED_RDSM) in bfm_ReadTrain.c:90
[PID=8834][Sat Apr  1 10:15:07 2017] Error : -196608(eVOLNOTMOUNTED_RDSM) in BfM_GetTrain.c:113
[PID=8834][Sat Apr  1 10:15:07 2017] Error : -196608(eVOLNOTMOUNTED_RDSM) in RDsM_ReadTrain.c:90
[PID=8834][Sat Apr  1 10:15:07 2017] Error : -196608(eVOLNOTMOUNTED_RDSM) in bfm_ReadTrain.c:90
[PID=8834][Sat Apr  1 10:15:07 2017] Error : -196608(eVOLNOTMOUNTED_RDSM) in BfM_GetTrain.c:113
[PID=8834][Sat Apr  1 10:15:07 2017] Error : -196608(eVOLNOTMOUNTED_RDSM) in om_AvailSpaceList.c:269
[PID=8834][Sat Apr  1 10:15:07 2017] Error : -262150(eNOTFOUND_BFM) in BfM_FreeTrain.c:80
[PID=8834][Sat Apr  1 10:15:07 2017] Error : -196608(eVOLNOTMOUNTED_RDSM) in RDsM_ReadTrain.c:90
[PID=8834][Sat Apr  1 10:15:07 2017] Error : -196608(eVOLNOTMOUNTED_RDSM) in bfm_ReadTrain.c:90
[PID=8834][Sat Apr  1 10:15:07 2017] Error : -196608(eVOLNOTMOUNTED_RDSM) in BfM_GetTrain.c:113
[PID=8834][Sat Apr  1 10:15:07 2017] Error : -196608(eVOLNOTMOUNTED_RDSM) in RDsM_ReadTrain.c:90
[PID=8834][Sat Apr  1 10:15:07 2017] Error : -196608(eVOLNOTMOUNTED_RDSM) in bfm_ReadTrain.c:90
[PID=8834][Sat Apr  1 10:15:07 2017] Error : -196608(eVOLNOTMOUNTED_RDSM) in BfM_GetTrain.c:113
[PID=8834][Sat Apr  1 10:15:07 2017] Error : -196608(eVOLNOTMOUNTED_RDSM) in om_AvailSpaceList.c:269
[PID=8834][Sat Apr  1 10:15:07 2017] Error : -262150(eNOTFOUND_BFM) in BfM_FreeTrain.c:80
[PID=8834][Sat Apr  1 10:15:07 2017] Error : -196608(eVOLNOTMOUNTED_RDSM) in RDsM_ReadTrain.c:90
[PID=8834][Sat Apr  1 10:15:07 2017] Error : -196608(eVOLNOTMOUNTED_RDSM) in bfm_ReadTrain.c:90
[PID=8834][Sat Apr  1 10:15:07 2017] Error : -196608(eVOLNOTMOUNTED_RDSM) in BfM_GetTrain.c:113
[PID=8834][Sat Apr  1 10:15:07 2017] Error : -196608(eVOLNOTMOUNTED_RDSM) in RDsM_ReadTrain.c:90
[PID=8834][Sat Apr  1 10:15:07 2017] Error : -196608(eVOLNOTMOUNTED_RDSM) in bfm_ReadTrain.c:90
[PID=8834][Sat Apr  1 10:15:07 2017] Error : -196608(eVOLNOTMOUNTED_RDSM) in BfM_GetTrain.c:113
[PID=8834][Sat Apr  1 10:15:07 2017] Error : -196608(eVOLNOTMOUNTED_RDSM) in om_AvailSpaceList.c:269
[PID=8834][Sat Apr  1 10:15:07 2017] Error : -262150(eNOTFOUND_BFM) in BfM_FreeTrain.c:80
[PID=8834][Sat Apr  1 10:15:07 2017] Error : -196608(eVOLNOTMOUNTED_RDSM) in RDsM_ReadTrain.c:90
[PID=8834][Sat Apr  1 10:15:07 2017] Error : -196608(eVOLNOTMOUNTED_RDSM) in bfm_ReadTrain.c:90
[PID=8834][Sat Apr  1 10:15:07 2017] Error : -196608(eVOLNOTMOUNTED_RDSM) in BfM_GetTrain.c:113
[PID=8834][Sat Apr  1 10:15:07 2017] Error : -196608(eVOLNOTMOUNTED_RDSM) in RDsM_ReadTrain.c:90
[PID=8834][Sat Apr  1 10:15:07 2017] Error : -196608(eVOLNOTMOUNTED_RDSM) in bfm_ReadTrain.c:90
[PID=8834][Sat Apr  1 10:15:07 2017] Error : -196608(eVOLNOTMOUNTED_RDSM) in BfM_GetTrain.c:113
[PID=8834][Sat Apr  1 10:15:07 2017] Error : -196608(eVOLNOTMOUNTED_RDSM) in om_AvailSpaceList.c:269
[PID=8834][Sat Apr  1 10:15:07 2017] Error : -262150(eNOTFOUND_BFM) in BfM_FreeTrain.c:80
[PID=8834][Sat Apr  1 10:15:07 2017] Error : -196608(eVOLNOTMOUNTED_RDSM) in RDsM_ReadTrain.c:90
[PID=8834][Sat Apr  1 10:15:07 2017] Error : -196608(eVOLNOTMOUNTED_RDSM) in bfm_ReadTrain.c:90
[PID=8834][Sat Apr  1 10:15:07 2017] Error : -196608(eVOLNOTMOUNTED_RDSM) in BfM_GetTrain.c:113
[PID=8834][Sat Apr  1 10:15:07 2017] Error : -196608(eVOLNOTMOUNTED_RDSM) in RDsM_ReadTrain.c:90
[PID=8834][Sat Apr  1 10:15:07 2017] Error : -196608(eVOLNOTMOUNTED_RDSM) in bfm_ReadTrain.c:90
[PID=8834][Sat Apr  1 10:15:07 2017] Error : -196608(eVOLNOTMOUNTED_RDSM) in BfM_GetTrain.c:113
[PID=8834][Sat Apr  1 10:15:07 2017] Error : -196608(eVOLNOTMOUNTED_RDSM) in om_AvailSpaceList.c:269
[PID=8834][Sat Apr  1 10:15:07 2017] Error : -262150(eNOTFOUND_BFM) in BfM_FreeTrain.c:80
[PID=8834][Sat Apr  1 10:15:07 2017] Error : -196608(eVOLNOTMOUNTED_RDSM) in RDsM_ReadTrain.c:90
[PID=8834][Sat Apr  1 10:15:07 2017] Error : -196608(eVOLNOTMOUNTED_RDSM) in bfm_ReadTrain.c:90
[PID=8834][Sat Apr  1 10:15:07 2017] Error : -196608(eVOLNOTMOUNTED_RDSM) in BfM_GetTrain.c:113
[PID=8834][Sat Apr  1 10:15:07 2017] Error : -196608(eVOLNOTMOUNTED_RDSM) in RDsM_ReadTrain.c:90
[PID=8834][Sat Apr  1 10:15:07 2017] Error : -196608(eVOLNOTMOUNTED_RDSM) in bfm_ReadTrain.c:90
[PID=8834][Sat Apr  1 10:15:07 2017] Error : -196608(eVOLNOTMOUNTED_RDSM) in BfM_GetTrain.c:113
[PID=8834][Sat Apr  1 10:15:07 2017] Error : -196608(eVOLNOTMOUNTED_RDSM) in om_AvailSpaceList.c:269
[PID=8834][Sat Apr  1 10:15:07 2017] Error : -262150(eNOTFOUND_BFM) in BfM_FreeTrain.c:80
[PID=8834][Sat Apr  1 10:15:07 2017] Error : -196608(eVOLNOTMOUNTED_RDSM) in RDsM_ReadTrain.c:90
[PID=8834][Sat Apr  1 10:15:07 2017] Error : -196608(eVOLNOTMOUNTED_RDSM) in bfm_ReadTrain.c:90
[PID=8834][Sat Apr  1 10:15:07 2017] Error : -196608(eVOLNOTMOUNTED_RDSM) in BfM_GetTrain.c:113
[PID=8834][Sat Apr  1 10:15:07 2017] Error : -196608(eVOLNOTMOUNTED_RDSM) in RDsM_ReadTrain.c:90
[PID=8834][Sat Apr  1 10:15:07 2017] Error : -196608(eVOLNOTMOUNTED_RDSM) in bfm_ReadTrain.c:90
[PID=8834][Sat Apr  1 10:15:07 2017] Error : -196608(eVOLNOTMOUNTED_RDSM) in BfM_GetTrain.c:113
[PID=8834][Sat Apr  1 10:15:07 2017] Error : -196608(eVOLNOTMOUNTED_RDSM) in om_AvailSpaceList.c:269
[PID=8834][Sat Apr  1 10:15:07 2017] Error : -262150(eNOTFOUND_BFM) in BfM_FreeTrain.c:80
[PID=8834][Sat Apr  1 10:15:07 2017] Error : -196608(eVOLNOTMOUNTED_RDSM) in RDsM_ReadTrain.c:90
[PID=8834][Sat Apr  1 10:15:07 2017] Error : -196608(eVOLNOTMOUNTED_RDSM) in bfm_ReadTrain.c:90
[PID=8834][Sat Apr  1 10:15:07 2017] Error : -196608(eVOLNOTMOUNTED_RDSM) in BfM_GetTrain.c:113
[PID=8834][Sat Apr  1 10:15:07 2017] Error : -196608(eVOLNOTMOUNTED_RDSM) in RDsM_ReadTrain.c:90
[PID=8834][Sat Apr  1 10:15:07 2017] Error : -196608(eVOLNOTMOUNTED_RDSM) in bfm_ReadTrain.c:90
[PID=8834][Sat Apr  1 10:15:07 2017] Error : -196608(eVOLNOTMOUNTED_RDSM) in BfM_GetTrain.c:113
[PID=8834][Sat Apr  1 10:15:07 2017] Error : -196608(eVOLNOTMOUNTED_RDSM) in om_AvailSpaceList.c:269
[PID=8834][Sat Apr  1 10:15:07 2017] Error : -262150(eNOTFOUND_BFM) in BfM_FreeTrain.c:80
[PID=8834][Sat Apr  1 10:15:07 2017] Error : -196608(eVOLNOTMOUNTED_RDSM) in RDsM_ReadTrain.c:90
[PID=8834][Sat Apr  1 10:15:07 2017] Error : -196608(eVOLNOTMOUNTED_RDSM) in bfm_ReadTrain.c:90
[PID=8834][Sat Apr  1 10:15:07 2017] Error : -196608(eVOLNOTMOUNTED_RDSM) in BfM_GetTrain.c:113
[PID=8834][Sat Apr  1 10:15:07 2017] Error : -196608(eVOLNOTMOUNTED_RDSM) in RDsM_ReadTrain.c:90
[PID=8834][Sat Apr  1 10:15:07 2017] Error : -196608(eVOLNOTMOUNTED_RDSM) in bfm_ReadTrain.c:90
[PID=8834][Sat Apr  1 10:15:07 2017] Error : -196608(eVOLNOTMOUNTED_RDSM) in BfM_GetTrain.c:113
[PID=8834][Sat Apr  1 10:15:07 2017] Error : -196608(eVOLNOTMOUNTED_RDSM) in om_AvailSpaceList.c:269
[PID=8834][Sat Apr  1 10:15:07 2017] Error : -262150(eNOTFOUND_BFM) in BfM_FreeTrain.c:80
[PID=8834][Sat Apr  1 10:15:07 2017] Error : -196608(eVOLNOTMOUNTED_RDSM) in RDsM_ReadTrain.c:90
[PID=8834][Sat Apr  1 10:15:07 2017] Error : -196608(eVOLNOTMOUNTED_RDSM) in bfm_ReadTrain.c:90
[PID=8834][Sat Apr  1 10:15:07 2017] Error : -196608(eVOLNOTMOUNTED_RDSM) in BfM_GetTrain.c:113
[PID=8834][Sat Apr  1 10:15:07 2017] Error : -196608(eVOLNOTMOUNTED_RDSM) in RDsM_ReadTrain.c:90
[PID=8834][Sat Apr  1 10:15:07 2017] Error : -196608(eVOLNOTMOUNTED_RDSM) in bfm_ReadTrain.c:90
[PID=8834][Sat Apr  1 10:15:07 2017] Error : -196608(eVOLNOTMOUNTED_RDSM) in BfM_GetTrain.c:113
[PID=8834][Sat Apr  1 10:15:07 2017] Error : -196608(eVOLNOTMOUNTED_RDSM) in om_AvailSpaceList.c:269
[PID=8834][Sat Apr  1 10:15:07 2017] Error : -262150(eNOTFOUND_BFM) in BfM_FreeTrain.c:80
[PID=8834][Sat Apr  1 10:15:07 2017] Error : -196608(eVOLNOTMOUNTED_RDSM) in RDsM_ReadTrain.c:90
[PID=8834][Sat Apr  1 10:15:07 2017] Error : -196608(eVOLNOTMOUNTED_RDSM) in bfm_ReadTrain.c:90
[PID=8834][Sat Apr  1 10:15:07 2017] Error : -196608(eVOLNOTMOUNTED_RDSM) in BfM_GetTrain.c:113
[PID=8834][Sat Apr  1 10:15:07 2017] Error : -196608(eVOLNOTMOUNTED_RDSM) in RDsM_ReadTrain.c:90
[PID=8834][Sat Apr  1 10:15:07 2017] Error : -196608(eVOLNOTMOUNTED_RDSM) in bfm_ReadTrain.c:90
[PID=8834][Sat Apr  1 10:15:07 2017] Error : -196608(eVOLNOTMOUNTED_RDSM) in BfM_GetTrain.c:113
[PID=8834][Sat Apr  1 10:15:07 2017] Error : -196608(eVOLNOTMOUNTED_RDSM) in om_AvailSpaceList.c:269
[PID=8834][Sat Apr  1 10:15:07 2017] Error : -262150(eNOTFOUND_BFM) in BfM_FreeTrain.c:80
[PID=8834][Sat Apr  1 10:15:07 2017] Error : -196608(eVOLNOTMOUNTED_RDSM) in RDsM_ReadTrain.c:90
[PID=8834][Sat Apr  1 10:15:07 2017] Error : -196608(eVOLNOTMOUNTED_RDSM) in bfm_ReadTrain.c:90
[PID=8834][Sat Apr  1 10:15:07 2017] Error : -196608(eVOLNOTMOUNTED_RDSM) in BfM_GetTrain.c:113
[PID=8834][Sat Apr  1 10:15:07 2017] Error : -196608(eVOLNOTMOUNTED_RDSM) in RDsM_ReadTrain.c:90
[PID=8834][Sat Apr  1 10:15:07 2017] Error : -196608(eVOLNOTMOUNTED_RDSM) in bfm_ReadTrain.c:90
[PID=8834][Sat Apr  1 10:15:07 2017] Error : -196608(eVOLNOTMOUNTED_RDSM) in BfM_GetTrain.c:113
[PID=8834][Sat Apr  1 10:15:07 2017] Error : -196608(eVOLNOTMOUNTED_RDSM) in om_AvailSpaceList.c:269
[PID=8834][Sat Apr  1 10:15:07 2017] Error : -262150(eNOTFOUND_BFM) in BfM_FreeTrain.c:80
[PID=8834][Sat Apr  1 10:15:07 2017] Error : -196608(eVOLNOTMOUNTED_RDSM) in RDsM_ReadTrain.c:90
[PID=8834][Sat Apr  1 10:15:07 2017] Error : -196608(eVOLNOTMOUNTED_RDSM) in bfm_ReadTrain.c:90
[PID=8834][Sat Apr  1 10:15:07 2017] Error : -196608(eVOLNOTMOUNTED_RDSM) in BfM_GetTrain.c:113
[PID=8834][Sat Apr  1 10:15:07 2017] Error : -196608(eVOLNOTMOUNTED_RDSM) in RDsM_ReadTrain.c:90
[PID=8834][Sat Apr  1 10:15:07 2017] Error : -196608(eVOLNOTMOUNTED_RDSM) in bfm_ReadTrain.c:90
[PID=8834][Sat Apr  1 10:15:07 2017] Error : -196608(eVOLNOTMOUNTED_RDSM) in BfM_GetTrain.c:113
[PID=8834][Sat Apr  1 10:15:07 2017] Error : -196608(eVOLNOTMOUNTED_RDSM) in om_AvailSpaceList.c:269
[PID=8834][Sat Apr  1 10:15:07 2017] Error : -262150(eNOTFOUND_BFM) in BfM_FreeTrain.c:80
[PID=8834][Sat Apr  1 10:15:07 2017] Error : -196608(eVOLNOTMOUNTED_RDSM) in RDsM_ReadTrain.c:90
[PID=8834][Sat Apr  1 10:15:07 2017] Error : -196608(eVOLNOTMOUNTED_RDSM) in bfm_ReadTrain.c:90
[PID=8834][Sat Apr  1 10:15:07 2017] Error : -196608(eVOLNOTMOUNTED_RDSM) in BfM_GetTrain.c:113
[PID=8834][Sat Apr  1 10:15:07 2017] Error : -196608(eVOLNOTMOUNTED_RDSM) in RDsM_ReadTrain.c:90
[PID=8834][Sat Apr  1 10:15:07 2017] Error : -196608(eVOLNOTMOUNTED_RDSM) in bfm_ReadTrain.c:90
[PID=8834][Sat Apr  1 10:15:07 2017] Error : -196608(eVOLNOTMOUNTED_RDSM) in BfM_GetTrain.c:113
[PID=8834][Sat Apr  1 10:15:07 2017] Error : -196608(eVOLNOTMOUNTED_RDSM) in om_AvailSpaceList.c:269
[PID=8834][Sat Apr  1 10:15:07 2017] Error : -262150(eNOTFOUND_BFM) in BfM_FreeTrain.c:80
[PID=8834][Sat Apr  1 10:15:07 2017] Error : -196608(eVOLNOTMOUNTED_RDSM) in RDsM_ReadTrain.c:90
[PID=8834][Sat Apr  1 10:15:07 2017] Error : -196608(eVOLNOTMOUNTED_RDSM) in bfm_ReadTrain.c:90
[PID=8834][Sat Apr  1 10:15:07 2017] Error : -196608(eVOLNOTMOUNTED_RDSM) in BfM_GetTrain.c:113
[PID=8834][Sat Apr  1 10:15:07 2017] Error : -196608(eVOLNOTMOUNTED_RDSM) in RDsM_ReadTrain.c:90
[PID=8834][Sat Apr  1 10:15:07 2017] Error : -196608(eVOLNOTMOUNTED_RDSM) in bfm_ReadTrain.c:90
[PID=8834][Sat Apr  1 10:15:07 2017] Error : -196608(eVOLNOTMOUNTED_RDSM) in BfM_GetTrain.c:113
[PID=8834][Sat Apr  1 10:15:07 2017] Error : -196608(eVOLNOTMOUNTED_RDSM) in om_AvailSpaceList.c:269
[PID=8834][Sat Apr  1 10:15:07 2017] Error : -262150(eNOTFOUND_BFM) in BfM_FreeTrain.c:80
[PID=8834][Sat Apr  1 10:15:07 2017] Error : -196608(eVOLNOTMOUNTED_RDSM) in RDsM_ReadTrain.c:90
[PID=8834][Sat Apr  1 10:15:07 2017] Error : -196608(eVOLNOTMOUNTED_RDSM) in bfm_ReadTrain.c:90
[PID=8834][Sat Apr  1 10:15:07 2017] Error : -196608(eVOLNOTMOUNTED_RDSM) in BfM_GetTrain.c:113
[PID=8834][Sat Apr  1 10:15:07 2017] Error : -196608(eVOLNOTMOUNTED_RDSM) in RDsM_ReadTrain.c:90
[PID=8834][Sat Apr  1 10:15:07 2017] Error : -196608(eVOLNOTMOUNTED_RDSM) in bfm_ReadTrain.c:90
[PID=8834][Sat Apr  1 10:15:07 2017] Error : -196608(eVOLNOTMOUNTED_RDSM) in BfM_GetTrain.c:113
[PID=8834][Sat Apr  1 10:15:07 2017] Error : -196608(eVOLNOTMOUNTED_RDSM) in om_AvailSpaceList.c:269
[PID=8834][Sat Apr  1 10:15:07 2017] Error : -262150(eNOTFOUND_BFM) in BfM_FreeTrain.c:80
[PID=8834][Sat Apr  1 10:15:07 2017] Error : -196608(eVOLNOTMOUNTED_RDSM) in RDsM_ReadTrain.c:90
[PID=8834][Sat Apr  1 10:15:07 2017] Error : -196608(eVOLNOTMOUNTED_RDSM) in bfm_ReadTrain.c:90
[PID=8834][Sat Apr  1 10:15:07 2017] Error : -196608(eVOLNOTMOUNTED_RDSM) in BfM_GetTrain.c:113
[PID=8834][Sat Apr  1 10:15:07 2017] Error : -196608(eVOLNOTMOUNTED_RDSM) in RDsM_ReadTrain.c:90
[PID=8834][Sat Apr  1 10:15:07 2017] Error : -196608(eVOLNOTMOUNTED_RDSM) in bfm_ReadTrain.c:90
[PID=8834][Sat Apr  1 10:15:07 2017] Error : -196608(eVOLNOTMOUNTED_RDSM) in BfM_GetTrain.c:113
[PID=8834][Sat Apr  1 10:15:07 2017] Error : -196608(eVOLNOTMOUNTED_RDSM) in om_AvailSpaceList.c:269
[PID=8834][Sat Apr  1 10:15:07 2017] Error : -262150(eNOTFOUND_BFM) in BfM_FreeTrain.c:80
[PID=8834][Sat Apr  1 10:15:07 2017] Error : -196608(eVOLNOTMOUNTED_RDSM) in RDsM_ReadTrain.c:90
[PID=8834][Sat Apr  1 10:15:07 2017] Error : -196608(eVOLNOTMOUNTED_RDSM) in bfm_ReadTrain.c:90
[PID=8834][Sat Apr  1 10:15:07 2017] Error : -196608(eVOLNOTMOUNTED_RDSM) in BfM_GetTrain.c:113
[PID=8834][Sat Apr  1 10:15:07 2017] Error : -196608(eVOLNOTMOUNTED_RDSM) in RDsM_ReadTrain.c:90
[PID=8834][Sat Apr  1 10:15:07 2017] Error : -196608(eVOLNOTMOUNTED_RDSM) in bfm_ReadTrain.c:90
[PID=8834][Sat Apr  1 10:15:07 2017] Error : -196608(eVOLNOTMOUNTED_RDSM) in BfM_GetTrain.c:113
[PID=8834][Sat Apr  1 10:15:07 2017] Error : -196608(eVOLNOTMOUNTED_RDSM) in om_AvailSpaceList.c:269
[PID=8834][Sat Apr  1 10:15:07 2017] Error : -262150(eNOTFOUND_BFM) in BfM_FreeTrain.c:80
[PID=8834][Sat Apr  1 10:15:07 2017] Error : -196608(eVOLNOTMOUNTED_RDSM) in RDsM_ReadTrain.c:90
[PID=8834][Sat Apr  1 10:15:07 2017] Error : -196608(eVOLNOTMOUNTED_RDSM) in bfm_ReadTrain.c:90
[PID=8834][Sat Apr  1 10:15:07 2017] Error : -196608(eVOLNOTMOUNTED_RDSM) in BfM_GetTrain.c:113
[PID=8834][Sat Apr  1 10:15:07 2017] Error : -196608(eVOLNOTMOUNTED_RDSM) in RDsM_ReadTrain.c:90
[PID=8834][Sat Apr  1 10:15:07 2017] Error : -196608(eVOLNOTMOUNTED_RDSM) in bfm_ReadTrain.c:90
[PID=8834][Sat Apr  1 10:15:07 2017] Error : -196608(eVOLNOTMOUNTED_RDSM) in BfM_GetTrain.c:113
[PID=8834][Sat Apr  1 10:15:07 2017] Error : -196608(eVOLNOTMOUNTED_RDSM) in om_AvailSpaceList.c:269
[PID=8834][Sat Apr  1 10:15:07 2017] Error : -262150(eNOTFOUND_BFM) in BfM_FreeTrain.c:80
[PID=8834][Sat Apr  1 10:15:07 2017] Error : -196608(eVOLNOTMOUNTED_RDSM) in RDsM_ReadTrain.c:90
[PID=8834][Sat Apr  1 10:15:07 2017] Error : -196608(eVOLNOTMOUNTED_RDSM) in bfm_ReadTrain.c:90
[PID=8834][Sat Apr  1 10:15:07 2017] Error : -196608(eVOLNOTMOUNTED_RDSM) in BfM_GetTrain.c:113
[PID=8834][Sat Apr  1 10:15:07 2017] Error : -196608(eVOLNOTMOUNTED_RDSM) in RDsM_ReadTrain.c:90
[PID=8834][Sat Apr  1 10:15:07 2017] Error : -196608(eVOLNOTMOUNTED_RDSM) in bfm_ReadTrain.c:90
[PID=8834][Sat Apr  1 10:15:07 2017] Error : -196608(eVOLNOTMOUNTED_RDSM) in BfM_GetTrain.c:113
[PID=8834][Sat Apr  1 10:15:07 2017] Error : -196608(eVOLNOTMOUNTED_RDSM) in om_AvailSpaceList.c:269
[PID=8834][Sat Apr  1 10:15:07 2017] Error : -262150(eNOTFOUND_BFM) in BfM_FreeTrain.c:80
[PID=8834][Sat Apr  1 10:15:07 2017] Error : -196608(eVOLNOTMOUNTED_RDSM) in RDsM_ReadTrain.c:90
[PID=8834][Sat Apr  1 10:15:07 2017] Error : -196608(eVOLNOTMOUNTED_RDSM) in bfm_ReadTrain.c:90
[PID=8834][Sat Apr  1 10:15:07 2017] Error : -196608(eVOLNOTMOUNTED_RDSM) in BfM_GetTrain.c:113
[PID=8834][Sat Apr  1 10:15:07 2017] Error : -196608(eVOLNOTMOUNTED_RDSM) in RDsM_ReadTrain.c:90
[PID=8834][Sat Apr  1 10:15:07 2017] Error : -196608(eVOLNOTMOUNTED_RDSM) in bfm_ReadTrain.c:90
[PID=8834][Sat Apr  1 10:15:07 2017] Error : -196608(eVOLNOTMOUNTED_RDSM) in BfM_GetTrain.c:113
[PID=8834][Sat Apr  1 10:15:07 2017] Error : -196608(eVOLNOTMOUNTED_RDSM) in om_AvailSpaceList.c:269
[PID=8834][Sat Apr  1 10:15:07 2017] Error : -262150(eNOTFOUND_BFM) in BfM_FreeTrain.c:80
[PID=8834][Sat Apr  1 10:15:07 2017] Error : -196608(eVOLNOTMOUNTED_RDSM) in RDsM_ReadTrain.c:90
[PID=8834][Sat Apr  1 10:15:07 2017] Error : -196608(eVOLNOTMOUNTED_RDSM) in bfm_ReadTrain.c:90
[PID=8834][Sat Apr  1 10:15:07 2017] Error : -196608(eVOLNOTMOUNTED_RDSM) in BfM_GetTrain.c:113
[PID=8834][Sat Apr  1 10:15:07 2017] Error : -196608(eVOLNOTMOUNTED_RDSM) in RDsM_ReadTrain.c:90
[PID=8834][Sat Apr  1 10:15:07 2017] Error : -196608(eVOLNOTMOUNTED_RDSM) in bfm_ReadTrain.c:90
[PID=8834][Sat Apr  1 10:15:07 2017] Error : -196608(eVOLNOTMOUNTED_RDSM) in BfM_GetTrain.c:113
[PID=8834][Sat Apr  1 10:15:07 2017] Error : -196608(eVOLNOTMOUNTED_RDSM) in om_AvailSpaceList.c:269
[PID=8834][Sat Apr  1 10:15:07 2017] Error : -262150(eNOTFOUND_BFM) in BfM_FreeTrain.c:80
[PID=8834][Sat Apr  1 10:15:07 2017] Error : -196608(eVOLNOTMOUNTED_RDSM) in RDsM_ReadTrain.c:90
[PID=8834][Sat Apr  1 10:15:07 2017] Error : -196608(eVOLNOTMOUNTED_RDSM) in bfm_ReadTrain.c:90
[PID=8834][Sat Apr  1 10:15:07 2017] Error : -196608(eVOLNOTMOUNTED_RDSM) in BfM_GetTrain.c:113
[PID=8834][Sat Apr  1 10:15:07 2017] Error : -196608(eVOLNOTMOUNTED_RDSM) in RDsM_ReadTrain.c:90
[PID=8834][Sat Apr  1 10:15:07 2017] Error : -196608(eVOLNOTMOUNTED_RDSM) in bfm_ReadTrain.c:90
[PID=8834][Sat Apr  1 10:15:07 2017] Error : -196608(eVOLNOTMOUNTED_RDSM) in BfM_GetTrain.c:113
[PID=8834][Sat Apr  1 10:15:07 2017] Error : -196608(eVOLNOTMOUNTED_RDSM) in om_AvailSpaceList.c:269
[PID=8834][Sat Apr  1 10:15:07 2017] Error : -262150(eNOTFOUND_BFM) in BfM_FreeTrain.c:80
[PID=8834][Sat Apr  1 10:15:07 2017] Error : -196608(eVOLNOTMOUNTED_RDSM) in RDsM_ReadTrain.c:90
[PID=8834][Sat Apr  1 10:15:07 2017] Error : -196608(eVOLNOTMOUNTED_RDSM) in bfm_ReadTrain.c:90
[PID=8834][Sat Apr  1 10:15:07 2017] Error : -196608(eVOLNOTMOUNTED_RDSM) in BfM_GetTrain.c:113
[PID=8834][Sat Apr  1 10:15:07 2017] Error : -196608(eVOLNOTMOUNTED_RDSM) in RDsM_ReadTrain.c:90
[PID=8834][Sat Apr  1 10:15:07 2017] Error : -196608(eVOLNOTMOUNTED_RDSM) in bfm_ReadTrain.c:90
[PID=8834][Sat Apr  1 10:15:07 2017] Error : -196608(eVOLNOTMOUNTED_RDSM) in BfM_GetTrain.c:113
[PID=8834][Sat Apr  1 10:15:07 2017] Error : -196608(eVOLNOTMOUNTED_RDSM) in om_AvailSpaceList.c:269
[PID=8834][Sat Apr  1 10:15:07 2017] Error : -262150(eNOTFOUND_BFM) in BfM_FreeTrain.c:80
[PID=8834][Sat Apr  1 10:15:07 2017] Error : -196608(eVOLNOTMOUNTED_RDSM) in RDsM_ReadTrain.c:90
[PID=8834][Sat Apr  1 10:15:07 2017] Error : -196608(eVOLNOTMOUNTED_RDSM) in bfm_ReadTrain.c:90
[PID=8834][Sat Apr  1 10:15:07 2017] Error : -196608(eVOLNOTMOUNTED_RDSM) in BfM_GetTrain.c:113
[PID=8834][Sat Apr  1 10:15:07 2017] Error : -196608(eVOLNOTMOUNTED_RDSM) in RDsM_ReadTrain.c:90
[PID=8834][Sat Apr  1 10:15:07 2017] Error : -196608(eVOLNOTMOUNTED_RDSM) in bfm_ReadTrain.c:90
[PID=8834][Sat Apr  1 10:15:07 2017] Error : -196608(eVOLNOTMOUNTED_RDSM) in BfM_GetTrain.c:113
[PID=8834][Sat Apr  1 10:15:07 2017] Error : -196608(eVOLNOTMOUNTED_RDSM) in om_AvailSpaceList.c:269
[PID=8834][Sat Apr  1 10:15:07 2017] Error : -262150(eNOTFOUND_BFM) in BfM_FreeTrain.c:80
[PID=8834][Sat Apr  1 10:15:07 2017] Error : -196608(eVOLNOTMOUNTED_RDSM) in RDsM_ReadTrain.c:90
[PID=8834][Sat Apr  1 10:15:07 2017] Error : -196608(eVOLNOTMOUNTED_RDSM) in bfm_ReadTrain.c:90
[PID=8834][Sat Apr  1 10:15:07 2017] Error : -196608(eVOLNOTMOUNTED_RDSM) in BfM_GetTrain.c:113
[PID=8834][Sat Apr  1 10:15:07 2017] Error : -196608(eVOLNOTMOUNTED_RDSM) in RDsM_ReadTrain.c:90
[PID=8834][Sat Apr  1 10:15:07 2017] Error : -196608(eVOLNOTMOUNTED_RDSM) in bfm_ReadTrain.c:90
[PID=8834][Sat Apr  1 10:15:07 2017] Error : -196608(eVOLNOTMOUNTED_RDSM) in BfM_GetTrain.c:113
[PID=8834][Sat Apr  1 10:15:07 2017] Error : -196608(eVOLNOTMOUNTED_RDSM) in om_AvailSpaceList.c:269
[PID=8834][Sat Apr  1 10:15:07 2017] Error : -262150(eNOTFOUND_BFM) in BfM_FreeTrain.c:80
[PID=8834][Sat Apr  1 10:15:07 2017] Error : -196608(eVOLNOTMOUNTED_RDSM) in RDsM_ReadTrain.c:90
[PID=8834][Sat Apr  1 10:15:07 2017] Error : -196608(eVOLNOTMOUNTED_RDSM) in bfm_ReadTrain.c:90
[PID=8834][Sat Apr  1 10:15:07 2017] Error : -196608(eVOLNOTMOUNTED_RDSM) in BfM_GetTrain.c:113
[PID=8834][Sat Apr  1 10:15:07 2017] Error : -196608(eVOLNOTMOUNTED_RDSM) in RDsM_ReadTrain.c:90
[PID=8834][Sat Apr  1 10:15:07 2017] Error : -196608(eVOLNOTMOUNTED_RDSM) in bfm_ReadTrain.c:90
[PID=8834][Sat Apr  1 10:15:07 2017] Error : -196608(eVOLNOTMOUNTED_RDSM) in BfM_GetTrain.c:113
[PID=8834][Sat Apr  1 10:15:07 2017] Error : -196608(eVOLNOTMOUNTED_RDSM) in om_AvailSpaceList.c:269
[PID=8834][Sat Apr  1 10:15:07 2017] Error : -262150(eNOTFOUND_BFM) in BfM_FreeTrain.c:80
[PID=8834][Sat Apr  1 10:15:07 2017] Error : -196608(eVOLNOTMOUNTED_RDSM) in RDsM_ReadTrain.c:90
[PID=8834][Sat Apr  1 10:15:07 2017] Error : -196608(eVOLNOTMOUNTED_RDSM) in bfm_ReadTrain.c:90
[PID=8834][Sat Apr  1 10:15:07 2017] Error : -196608(eVOLNOTMOUNTED_RDSM) in BfM_GetTrain.c:113
[PID=8834][Sat Apr  1 10:15:07 2017] Error : -196608(eVOLNOTMOUNTED_RDSM) in RDsM_ReadTrain.c:90
[PID=8834][Sat Apr  1 10:15:07 2017] Error : -196608(eVOLNOTMOUNTED_RDSM) in bfm_ReadTrain.c:90
[PID=8834][Sat Apr  1 10:15:07 2017] Error : -196608(eVOLNOTMOUNTED_RDSM) in BfM_GetTrain.c:113
[PID=8834][Sat Apr  1 10:15:07 2017] Error : -196608(eVOLNOTMOUNTED_RDSM) in om_AvailSpaceList.c:269
[PID=8834][Sat Apr  1 10:15:07 2017] Error : -262150(eNOTFOUND_BFM) in BfM_FreeTrain.c:80
[PID=8834][Sat Apr  1 10:15:07 2017] Error : -196608(eVOLNOTMOUNTED_RDSM) in RDsM_ReadTrain.c:90
[PID=8834][Sat Apr  1 10:15:07 2017] Error : -196608(eVOLNOTMOUNTED_RDSM) in bfm_ReadTrain.c:90
[PID=8834][Sat Apr  1 10:15:07 2017] Error : -196608(eVOLNOTMOUNTED_RDSM) in BfM_GetTrain.c:113
[PID=8834][Sat Apr  1 10:15:07 2017] Error : -196608(eVOLNOTMOUNTED_RDSM) in RDsM_ReadTrain.c:90
[PID=8834][Sat Apr  1 10:15:07 2017] Error : -196608(eVOLNOTMOUNTED_RDSM) in bfm_ReadTrain.c:90
[PID=8834][Sat Apr  1 10:15:07 2017] Error : -196608(eVOLNOTMOUNTED_RDSM) in BfM_GetTrain.c:113
[PID=8834][Sat Apr  1 10:15:07 2017] Error : -196608(eVOLNOTMOUNTED_RDSM) in om_AvailSpaceList.c:269
[PID=8834][Sat Apr  1 10:15:07 2017] Error : -262150(eNOTFOUND_BFM) in BfM_FreeTrain.c:80
[PID=8834][Sat Apr  1 10:15:07 2017] Error : -196608(eVOLNOTMOUNTED_RDSM) in RDsM_ReadTrain.c:90
[PID=8834][Sat Apr  1 10:15:07 2017] Error : -196608(eVOLNOTMOUNTED_RDSM) in bfm_ReadTrain.c:90
[PID=8834][Sat Apr  1 10:15:07 2017] Error : -196608(eVOLNOTMOUNTED_RDSM) in BfM_GetTrain.c:113
[PID=8834][Sat Apr  1 10:15:07 2017] Error : -196608(eVOLNOTMOUNTED_RDSM) in RDsM_ReadTrain.c:90
[PID=8834][Sat Apr  1 10:15:07 2017] Error : -196608(eVOLNOTMOUNTED_RDSM) in bfm_ReadTrain.c:90
[PID=8834][Sat Apr  1 10:15:07 2017] Error : -196608(eVOLNOTMOUNTED_RDSM) in BfM_GetTrain.c:113
[PID=8834][Sat Apr  1 10:15:07 2017] Error : -196608(eVOLNOTMOUNTED_RDSM) in om_AvailSpaceList.c:269
[PID=8834][Sat Apr  1 10:15:07 2017] Error : -262150(eNOTFOUND_BFM) in BfM_FreeTrain.c:80
[PID=8834][Sat Apr  1 10:15:07 2017] Error : -196608(eVOLNOTMOUNTED_RDSM) in RDsM_ReadTrain.c:90
[PID=8834][Sat Apr  1 10:15:07 2017] Error : -196608(eVOLNOTMOUNTED_RDSM) in bfm_ReadTrain.c:90
[PID=8834][Sat Apr  1 10:15:07 2017] Error : -196608(eVOLNOTMOUNTED_RDSM) in BfM_GetTrain.c:113
[PID=8834][Sat Apr  1 10:15:07 2017] Error : -196608(eVOLNOTMOUNTED_RDSM) in RDsM_ReadTrain.c:90
[PID=8834][Sat Apr  1 10:15:07 2017] Error : -196608(eVOLNOTMOUNTED_RDSM) in bfm_ReadTrain.c:90
[PID=8834][Sat Apr  1 10:15:07 2017] Error : -196608(eVOLNOTMOUNTED_RDSM) in BfM_GetTrain.c:113
[PID=8834][Sat Apr  1 10:15:07 2017] Error : -196608(eVOLNOTMOUNTED_RDSM) in om_AvailSpaceList.c:269
[PID=8834][Sat Apr  1 10:15:07 2017] Error : -262150(eNOTFOUND_BFM) in BfM_FreeTrain.c:80
[PID=8834][Sat Apr  1 10:15:07 2017] Error : -196608(eVOLNOTMOUNTED_RDSM) in RDsM_ReadTrain.c:90
[PID=8834][Sat Apr  1 10:15:07 2017] Error : -196608(eVOLNOTMOUNTED_RDSM) in bfm_ReadTrain.c:90
[PID=8834][Sat Apr  1 10:15:07 2017] Error : -196608(eVOLNOTMOUNTED_RDSM) in BfM_GetTrain.c:113
[PID=8834][Sat Apr  1 10:15:07 2017] Error : -196608(eVOLNOTMOUNTED_RDSM) in RDsM_ReadTrain.c:90
[PID=8834][Sat Apr  1 10:15:07 2017] Error : -196608(eVOLNOTMOUNTED_RDSM) in bfm_ReadTrain.c:90
[PID=8834][Sat Apr  1 10:15:07 2017] Error : -196608(eVOLNOTMOUNTED_RDSM) in BfM_GetTrain.c:113
[PID=8834][Sat Apr  1 10:15:07 2017] Error : -196608(eVOLNOTMOUNTED_RDSM) in om_AvailSpaceList.c:269
[PID=8834][Sat Apr  1 10:15:07 2017] Error : -262150(eNOTFOUND_BFM) in BfM_FreeTrain.c:80
[PID=9538][Sat Apr  1 10:28:13 2017] Error : -196608(eVOLNOTMOUNTED_RDSM) in RDsM_ReadTrain.c:90
[PID=9538][Sat Apr  1 10:28:13 2017] Error : -196608(eVOLNOTMOUNTED_RDSM) in bfm_ReadTrain.c:90
[PID=9538][Sat Apr  1 10:28:13 2017] Error : -196608(eVOLNOTMOUNTED_RDSM) in BfM_GetTrain.c:113
[PID=9538][Sat Apr  1 10:28:13 2017] Error : -196608(eVOLNOTMOUNTED_RDSM) in EduOM_Test.c:562
[PID=9538][Sat Apr  1 10:28:13 2017] Error : -196608(eVOLNOTMOUNTED_RDSM) in RDsM_ReadTrain.c:90
[PID=9538][Sat Apr  1 10:28:13 2017] Error : -196608(eVOLNOTMOUNTED_RDSM) in bfm_ReadTrain.c:90
[PID=9538][Sat Apr  1 10:28:13 2017] Error : -196608(eVOLNOTMOUNTED_RDSM) in BfM_GetTrain.c:113
[PID=9538][Sat Apr  1 10:28:13 2017] Error : -262147(eBADHASHKEY_BFM) in BfM_GetTrain.c:160
[PID=9538][Sat Apr  1 10:28:13 2017] Error : -262147(eBADHASHKEY_BFM) in om_AvailSpaceList.c:269
[PID=9538][Sat Apr  1 10:28:13 2017] Error : -262150(eNOTFOUND_BFM) in BfM_FreeTrain.c:80
[PID=9611][Sat Apr  1 10:33:52 2017] Error : -196608(eVOLNOTMOUNTED_RDSM) in RDsM_ReadTrain.c:90
[PID=9611][Sat Apr  1 10:33:52 2017] Error : -196608(eVOLNOTMOUNTED_RDSM) in bfm_ReadTrain.c:90
[PID=9611][Sat Apr  1 10:33:52 2017] Error : -196608(eVOLNOTMOUNTED_RDSM) in BfM_GetTrain.c:113
[PID=9611][Sat Apr  1 10:33:52 2017] Error : -196608(eVOLNOTMOUNTED_RDSM) in EduOM_Test.c:562
[PID=9611][Sat Apr  1 10:33:53 2017] Error : -196608(eVOLNOTMOUNTED_RDSM) in RDsM_ReadTrain.c:90
[PID=9611][Sat Apr  1 10:33:53 2017] Error : -196608(eVOLNOTMOUNTED_RDSM) in bfm_ReadTrain.c:90
[PID=9611][Sat Apr  1 10:33:53 2017] Error : -196608(eVOLNOTMOUNTED_RDSM) in BfM_GetTrain.c:113
[PID=9611][Sat Apr  1 10:33:53 2017] Error : -262147(eBADHASHKEY_BFM) in BfM_GetTrain.c:160
[PID=9611][Sat Apr  1 10:33:53 2017] Error : -262147(eBADHASHKEY_BFM) in om_AvailSpaceList.c:269
[PID=9611][Sat Apr  1 10:33:53 2017] Error : -262150(eNOTFOUND_BFM) in BfM_FreeTrain.c:80
[PID=9611][Sat Apr  1 10:33:53 2017] Error : -196608(eVOLNOTMOUNTED_RDSM) in RDsM_ReadTrain.c:90
[PID=9611][Sat Apr  1 10:33:53 2017] Error : -196608(eVOLNOTMOUNTED_RDSM) in bfm_ReadTrain.c:90
[PID=9611][Sat Apr  1 10:33:53 2017] Error : -196608(eVOLNOTMOUNTED_RDSM) in BfM_GetTrain.c:113
[PID=9611][Sat Apr  1 10:33:53 2017] Error : -196608(eVOLNOTMOUNTED_RDSM) in om_Unique.c:71
[PID=9634][Sat Apr  1 10:34:53 2017] Error : -196608(eVOLNOTMOUNTED_RDSM) in RDsM_ReadTrain.c:90
[PID=9634][Sat Apr  1 10:34:53 2017] Error : -196608(eVOLNOTMOUNTED_RDSM) in bfm_ReadTrain.c:90
[PID=9634][Sat Apr  1 10:34:53 2017] Error : -196608(eVOLNOTMOUNTED_RDSM) in BfM_GetTrain.c:113
[PID=9634][Sat Apr  1 10:34:53 2017] Error : -196608(eVOLNOTMOUNTED_RDSM) in EduOM_Test.c:562
[PID=9634][Sat Apr  1 10:34:53 2017] Error : -196608(eVOLNOTMOUNTED_RDSM) in RDsM_ReadTrain.c:90
[PID=9634][Sat Apr  1 10:34:53 2017] Error : -196608(eVOLNOTMOUNTED_RDSM) in bfm_ReadTrain.c:90
[PID=9634][Sat Apr  1 10:34:53 2017] Error : -196608(eVOLNOTMOUNTED_RDSM) in BfM_GetTrain.c:113
[PID=9634][Sat Apr  1 10:34:53 2017] Error : -262147(eBADHASHKEY_BFM) in BfM_GetTrain.c:160
[PID=9634][Sat Apr  1 10:34:53 2017] Error : -262147(eBADHASHKEY_BFM) in om_AvailSpaceList.c:269
[PID=9634][Sat Apr  1 10:34:53 2017] Error : -262150(eNOTFOUND_BFM) in BfM_FreeTrain.c:80
[PID=9634][Sat Apr  1 10:34:53 2017] Error : -196608(eVOLNOTMOUNTED_RDSM) in RDsM_ReadTrain.c:90
[PID=9634][Sat Apr  1 10:34:53 2017] Error : -196608(eVOLNOTMOUNTED_RDSM) in bfm_ReadTrain.c:90
[PID=9634][Sat Apr  1 10:34:53 2017] Error : -196608(eVOLNOTMOUNTED_RDSM) in BfM_GetTrain.c:113
[PID=9634][Sat Apr  1 10:34:53 2017] Error : -196608(eVOLNOTMOUNTED_RDSM) in om_Unique.c:71
[PID=9747][Sat Apr  1 10:51:38 2017] Error : -196608(eVOLNOTMOUNTED_RDSM) in RDsM_ReadTrain.c:90
[PID=9747][Sat Apr  1 10:51:38 2017] Error : -196608(eVOLNOTMOUNTED_RDSM) in bfm_ReadTrain.c:90
[PID=9747][Sat Apr  1 10:51:38 2017] Error : -196608(eVOLNOTMOUNTED_RDSM) in BfM_GetTrain.c:113
[PID=9747][Sat Apr  1 10:51:38 2017] Error : -196608(eVOLNOTMOUNTED_RDSM) in EduOM_Test.c:562
[PID=9927][Sat Apr  1 11:03:47 2017] Error : -262149(eFLUSHFIXEDBUF_BFM) in BfM_Dismount.c:110
[PID=9927][Sat Apr  1 11:03:47 2017] Error : -262149(eFLUSHFIXEDBUF_BFM) in SM_Dismount.c:104
[PID=9927][Sat Apr  1 11:03:47 2017] Error : -262149(eFLUSHFIXEDBUF_BFM) in LRDS_Dismount.c:246
[PID=9927][Sat Apr  1 11:03:47 2017] Error : -262149(eFLUSHFIXEDBUF_BFM) in LRDS_Dismount.c:143
[PID=9948][Sat Apr  1 11:04:26 2017] Error : -262149(eFLUSHFIXEDBUF_BFM) in BfM_Dismount.c:110
[PID=9948][Sat Apr  1 11:04:26 2017] Error : -262149(eFLUSHFIXEDBUF_BFM) in SM_Dismount.c:104
[PID=9948][Sat Apr  1 11:04:26 2017] Error : -262149(eFLUSHFIXEDBUF_BFM) in LRDS_Dismount.c:246
[PID=9948][Sat Apr  1 11:04:26 2017] Error : -262149(eFLUSHFIXEDBUF_BFM) in LRDS_Dismount.c:143
[PID=10002][Sat Apr  1 11:12:15 2017] Error : -393223(eBADPAGEID_OM) in EduOM_Test.c:558
[PID=10002][Sat Apr  1 11:12:15 2017] Error : -393217(eBADOBJECTID_OM) in OM_Dump.c:304
[PID=10002][Sat Apr  1 11:12:15 2017] Error : -393217(eBADOBJECTID_OM) in EduOM_Test.c:304
[PID=10065][Sat Apr  1 11:15:45 2017] Error : -393223(eBADPAGEID_OM) in EduOM_Test.c:558
[PID=10065][Sat Apr  1 11:15:47 2017] Error : -393217(eBADOBJECTID_OM) in OM_Dump.c:304
[PID=10065][Sat Apr  1 11:15:47 2017] Error : -393217(eBADOBJECTID_OM) in EduOM_Test.c:304
[PID=10106][Sat Apr  1 11:19:54 2017] Error : -262149(eFLUSHFIXEDBUF_BFM) in BfM_Dismount.c:110
[PID=10106][Sat Apr  1 11:19:54 2017] Error : -262149(eFLUSHFIXEDBUF_BFM) in SM_Dismount.c:104
[PID=10106][Sat Apr  1 11:19:54 2017] Error : -262149(eFLUSHFIXEDBUF_BFM) in LRDS_Dismount.c:246
[PID=10106][Sat Apr  1 11:19:54 2017] Error : -262149(eFLUSHFIXEDBUF_BFM) in LRDS_Dismount.c:143
